# This file may be used to create an environment using:
# $ conda create --name <env> --file <this file>
# platform: linux-64
@EXPLICIT
https://conda.anaconda.org/conda-forge/linux-64/_libgcc_mutex-0.1-conda_forge.tar.bz2#d7c89558ba9fa0495403155b64376d81
https://conda.anaconda.org/conda-forge/linux-64/libgcc-ng-13.2.0-h807b86a_5.conda#d4ff227c46917d3b4565302a2bbb276b
https://conda.anaconda.org/conda-forge/linux-64/libzlib-1.2.13-hd590300_5.conda#f36c115f1ee199da648e0597ec2047ad
https://conda.anaconda.org/conda-forge/linux-64/libstdcxx-ng-13.2.0-h7e041cc_5.conda#f6f6600d18a4047b54f803cf708b868a
https://conda.anaconda.org/conda-forge/linux-64/zstd-1.5.5-hfc55251_0.conda#04b88013080254850d6c01ed54810589
https://conda.anaconda.org/conda-forge/linux-64/llvm-openmp-17.0.6-h4dfa4b3_0.conda#c1665f9c1c9f6c93d8b4e492a6a39056
https://conda.anaconda.org/conda-forge/linux-64/_openmp_mutex-4.5-2_kmp_llvm.tar.bz2#562b26ba2e19059551a811e72ab7f793
https://conda.anaconda.org/conda-forge/linux-64/_py-xgboost-mutex-2.0-cpu_0.tar.bz2#23b8f98a355030331f40d0245492f715
https://conda.anaconda.org/conda-forge/linux-64/bzip2-1.0.8-hd590300_5.conda#69b8b6202a07720f448be700e300ccf4
https://conda.anaconda.org/conda-forge/linux-64/ld_impl_linux-64-2.40-h41732ed_0.conda#7aca3059a1729aa76c597603f10b0dd3
https://conda.anaconda.org/conda-forge/linux-64/libffi-3.4.2-h7f98852_5.tar.bz2#d645c6d2ac96843a2bfaccd2d62b3ac3
https://conda.anaconda.org/conda-forge/linux-64/libnsl-2.0.1-hd590300_0.conda#30fd6e37fe21f86f4bd26d6ee73eeec7
https://conda.anaconda.org/conda-forge/linux-64/libsqlite-3.44.2-h2797004_0.conda#3b6a9f225c3dbe0d24f4fedd4625c5bf
https://conda.anaconda.org/conda-forge/linux-64/libuuid-2.38.1-h0b41bf4_0.conda#40b61aab5c7ba9ff276c41cfffe6b80b
https://conda.anaconda.org/conda-forge/linux-64/libxcrypt-4.4.36-hd590300_1.conda#5aa797f8787fe7a17d1b0821485b5adc
https://conda.anaconda.org/conda-forge/linux-64/ncurses-6.4-h59595ed_2.conda#7dbaa197d7ba6032caf7ae7f32c1efa0
https://conda.anaconda.org/conda-forge/linux-64/ca-certificates-2024.2.2-hbcca054_0.conda#2f4327a1cbe7f022401b236e915a5fef
https://conda.anaconda.org/conda-forge/linux-64/openssl-3.2.1-hd590300_0.conda#51a753e64a3027bd7e23a189b1f6e91e
https://conda.anaconda.org/conda-forge/linux-64/readline-8.2-h8228510_1.conda#47d31b792659ce70f470b5c82fdfb7a4
https://conda.anaconda.org/conda-forge/linux-64/tk-8.6.13-noxft_h4845f30_101.conda#d453b98d9c83e71da0741bb0ff4d76bc
https://conda.anaconda.org/conda-forge/linux-64/xz-5.2.6-h166bdaf_0.tar.bz2#2161070d867d1b1204ea749c8eec4ef0
https://conda.anaconda.org/conda-forge/linux-64/python-3.8.18-hd12c33a_1_cpython.conda#134e8a55d40a80865a092c0a8bdb0c40
https://conda.anaconda.org/conda-forge/noarch/absl-py-2.1.0-pyhd8ed1ab_0.conda#035d1d58677c13ec93122d9eb6b8803b
https://conda.anaconda.org/conda-forge/noarch/aiofiles-22.1.0-pyhd8ed1ab_0.tar.bz2#a88c206fdb78e34adb1c4081f5f838dd
https://conda.anaconda.org/conda-forge/linux-64/python_abi-3.8-4_cp38.conda#ea6b353536f42246cd130c7fef1285cf
https://conda.anaconda.org/conda-forge/linux-64/frozenlist-1.4.1-py38h01eb140_0.conda#f892016579a9344699ecf3a1cd46d61d
https://conda.anaconda.org/conda-forge/noarch/aiosignal-1.3.1-pyhd8ed1ab_0.tar.bz2#d1e1eb7e21a9e2c74279d87dafb68156
https://conda.anaconda.org/conda-forge/noarch/typing_extensions-4.5.0-pyha770c72_0.conda#43e7d9e50261fb11deb76e17d8431aac
https://conda.anaconda.org/conda-forge/noarch/typing-extensions-4.5.0-hd8ed1ab_0.conda#b3c594fde1a80a1fc3eb9cc4a5dfe392
https://conda.anaconda.org/conda-forge/noarch/async-timeout-4.0.3-pyhd8ed1ab_0.conda#3ce482ec3066e6d809dbbb1d1679f215
https://conda.anaconda.org/conda-forge/noarch/attrs-23.2.0-pyh71513ae_0.conda#5e4c0743c70186509d1412e03c2d8dfa
https://conda.anaconda.org/conda-forge/linux-64/multidict-6.0.5-py38h01eb140_0.conda#bf871786a7b0aa710b112bcb4ccac277
https://conda.anaconda.org/conda-forge/noarch/idna-3.6-pyhd8ed1ab_0.conda#1a76f09108576397c41c0b0c5bd84134
https://conda.anaconda.org/conda-forge/linux-64/yarl-1.9.4-py38h01eb140_0.conda#f44cb7543541cb8c6358fe9ff15925a6
https://conda.anaconda.org/conda-forge/linux-64/aiohttp-3.9.1-py38h01eb140_0.conda#68ef93d4570471c123d45baceaa26510
https://conda.anaconda.org/conda-forge/noarch/aiosqlite-0.19.0-pyhd8ed1ab_0.conda#c60a47f9f29057417165a8af579396a8
https://conda.anaconda.org/conda-forge/linux-64/alsa-lib-1.2.10-hd590300_0.conda#75dae9a4201732aa78a530b826ee5fe0
https://conda.anaconda.org/conda-forge/noarch/textwrap3-0.9.2-py_0.tar.bz2#1f84e74e9dbe2e5ae38c58496bffaca8
https://conda.anaconda.org/conda-forge/noarch/ansiwrap-0.8.4-py_0.tar.bz2#f09557e2a7cbd2470a2ab6353000cebd
https://conda.anaconda.org/conda-forge/noarch/exceptiongroup-1.2.0-pyhd8ed1ab_2.conda#8d652ea2ee8eaee02ed8dc820bc794aa
https://conda.anaconda.org/conda-forge/noarch/sniffio-1.3.0-pyhd8ed1ab_0.tar.bz2#dd6cbc539e74cb1f430efbd4575b9303
https://conda.anaconda.org/conda-forge/noarch/anyio-4.2.0-pyhd8ed1ab_0.conda#81ce9f3d9697b534d95118bb86c8a07e
https://conda.anaconda.org/conda-forge/noarch/archspec-0.2.2-pyhd8ed1ab_0.conda#0dc2fce00a160271714647c019e3a8a8
https://conda.anaconda.org/conda-forge/noarch/pycparser-2.21-pyhd8ed1ab_0.tar.bz2#076becd9e05608f8dc72757d5f3a91ff
https://conda.anaconda.org/conda-forge/linux-64/cffi-1.16.0-py38h6d47a40_0.conda#fc010dfb8ce6540d289436fbba499ee7
https://conda.anaconda.org/conda-forge/linux-64/argon2-cffi-bindings-21.2.0-py38h01eb140_4.conda#234c813c9d745d4bfc6a2a40514d88a6
https://conda.anaconda.org/conda-forge/noarch/argon2-cffi-23.1.0-pyhd8ed1ab_0.conda#3afef1f55a1366b4d3b6a0d92e2235e4
https://conda.anaconda.org/conda-forge/noarch/six-1.16.0-pyh6c4a22f_0.tar.bz2#e5f25f8dbc060e9a8d912e432202afc2
https://conda.anaconda.org/conda-forge/noarch/python-dateutil-2.8.2-pyhd8ed1ab_0.tar.bz2#dd999d1cc9f79e67dbb855c8924c7984
https://conda.anaconda.org/conda-forge/noarch/types-python-dateutil-2.8.19.20240106-pyhd8ed1ab_0.conda#c9096a546660b9079dce531c0039e074
https://conda.anaconda.org/conda-forge/noarch/arrow-1.3.0-pyhd8ed1ab_0.conda#b77d8c2313158e6e461ca0efb1c2c508
https://conda.anaconda.org/conda-forge/noarch/asttokens-2.4.1-pyhd8ed1ab_0.conda#5f25798dcefd8252ce5f9dc494d5f571
https://conda.anaconda.org/conda-forge/noarch/astunparse-1.6.3-pyhd8ed1ab_0.tar.bz2#000b6f68a0bfaba800ced7500c11780f
https://conda.anaconda.org/conda-forge/linux-64/attr-2.5.1-h166bdaf_1.tar.bz2#d9c69a24ad678ffce24c6543a0176b00
https://conda.anaconda.org/conda-forge/noarch/traitlets-5.14.1-pyhd8ed1ab_0.conda#1c6acfdc7ecbfe09954c4216da99c146
https://conda.anaconda.org/conda-forge/noarch/comm-0.2.1-pyhd8ed1ab_0.conda#f4385072f4909bc974f6675a36e76796
https://conda.anaconda.org/conda-forge/linux-64/debugpy-1.8.0-py38h17151c0_1.conda#b43385ccbd4fa88f2c195ad3c4101c77
https://conda.anaconda.org/conda-forge/noarch/backcall-0.2.0-pyh9f0ad1d_0.tar.bz2#6006a6d08a3fa99268a2681c7fb55213
https://conda.anaconda.org/conda-forge/noarch/decorator-5.1.1-pyhd8ed1ab_0.tar.bz2#43afe5ab04e35e17ba28649471dd7364
https://conda.anaconda.org/conda-forge/noarch/parso-0.8.3-pyhd8ed1ab_0.tar.bz2#17a565a0c3899244e938cdf417e7b094
https://conda.anaconda.org/conda-forge/noarch/jedi-0.19.1-pyhd8ed1ab_0.conda#81a3be0b2023e1ea8555781f0ad904a2
https://conda.anaconda.org/conda-forge/noarch/matplotlib-inline-0.1.6-pyhd8ed1ab_0.tar.bz2#b21613793fcc81d944c76c9f2864a7de
https://conda.anaconda.org/conda-forge/noarch/ptyprocess-0.7.0-pyhd3deb0d_0.tar.bz2#359eeb6536da0e687af562ed265ec263
https://conda.anaconda.org/conda-forge/noarch/pexpect-4.9.0-pyhd8ed1ab_0.conda#629f3203c99b32e0988910c93e77f3b6
https://conda.anaconda.org/conda-forge/noarch/pickleshare-0.7.5-py_1003.tar.bz2#415f0ebb6198cc2801c73438a9fb5761
https://conda.anaconda.org/conda-forge/noarch/wcwidth-0.2.13-pyhd8ed1ab_0.conda#68f0738df502a14213624b288c60c9ad
https://conda.anaconda.org/conda-forge/noarch/prompt-toolkit-3.0.42-pyha770c72_0.conda#0bf64bf10eee21f46ac83c161917fa86
https://conda.anaconda.org/conda-forge/noarch/prompt_toolkit-3.0.42-hd8ed1ab_0.conda#85a2189ecd2fcdd86e92b2d4ea8fe461
https://conda.anaconda.org/conda-forge/noarch/pygments-2.17.2-pyhd8ed1ab_0.conda#140a7f159396547e9799aa98f9f0742e
https://conda.anaconda.org/conda-forge/noarch/executing-2.0.1-pyhd8ed1ab_0.conda#e16be50e378d8a4533b989035b196ab8
https://conda.anaconda.org/conda-forge/noarch/pure_eval-0.2.2-pyhd8ed1ab_0.tar.bz2#6784285c7e55cb7212efabc79e4c2883
https://conda.anaconda.org/conda-forge/noarch/stack_data-0.6.2-pyhd8ed1ab_0.conda#e7df0fdd404616638df5ece6e69ba7af
https://conda.anaconda.org/conda-forge/noarch/ipython-8.12.2-pyh41d4057_0.conda#acebfd89278ecac2a67b60b657e00d5c
https://conda.anaconda.org/conda-forge/noarch/entrypoints-0.4-pyhd8ed1ab_0.tar.bz2#3cf04868fee0a029769bd41f4b2fbf2d
https://conda.anaconda.org/conda-forge/noarch/platformdirs-4.2.0-pyhd8ed1ab_0.conda#a0bc3eec34b0fab84be6b2da94e98e20
https://conda.anaconda.org/conda-forge/linux-64/jupyter_core-5.7.1-py38h578d9bd_0.conda#083d6afb9942e024c66e79f797ae6a38
https://conda.anaconda.org/conda-forge/noarch/nest-asyncio-1.6.0-pyhd8ed1ab_0.conda#6598c056f64dc8800d40add25e4e2c34
https://conda.anaconda.org/conda-forge/linux-64/libsodium-1.0.18-h36c2ea0_1.tar.bz2#c3788462a6fbddafdb413a9f9053e58d
https://conda.anaconda.org/conda-forge/linux-64/zeromq-4.3.5-h59595ed_0.conda#8851084c192dbc56215ac4e3c9aa30fa
https://conda.anaconda.org/conda-forge/linux-64/pyzmq-24.0.1-py38hfc09fa9_1.tar.bz2#a0d5ef0498ced7a2afd82ee17994935e
https://conda.anaconda.org/conda-forge/linux-64/tornado-6.3.3-py38h01eb140_1.conda#660cfc2fc5bd9e3b458ad394976652cf
https://conda.anaconda.org/conda-forge/noarch/jupyter_client-7.4.9-pyhd8ed1ab_0.conda#5cbf9a31a19d4ef9103adb7d71fd45fd
https://conda.anaconda.org/conda-forge/noarch/packaging-23.2-pyhd8ed1ab_0.conda#79002079284aa895f883c6b7f3f88fd6
https://conda.anaconda.org/conda-forge/linux-64/psutil-5.9.8-py38h01eb140_0.conda#571da172be3f0f94f49c069e5b775f05
https://conda.anaconda.org/conda-forge/noarch/ipykernel-6.29.1-pyhd33586a_0.conda#7c3bb7ad3b19fdc6df7083e732e64bc2
https://conda.anaconda.org/conda-forge/noarch/ipython_genutils-0.2.0-py_1.tar.bz2#5071c982548b3a20caf70462f04f5287
https://conda.anaconda.org/conda-forge/noarch/jupyterlab_widgets-1.1.7-pyhd8ed1ab_0.conda#608e312cd17cb7119033fae7d7420572
https://conda.anaconda.org/conda-forge/linux-64/markupsafe-2.1.5-py38h01eb140_0.conda#aeeb09febb02542e020c3ba7084ead01
https://conda.anaconda.org/conda-forge/noarch/jinja2-3.1.3-pyhd8ed1ab_0.conda#e7d8df6509ba635247ff9aea31134262
https://conda.anaconda.org/conda-forge/noarch/cached_property-1.5.2-pyha770c72_1.tar.bz2#576d629e47797577ab0f1b351297ef4a
https://conda.anaconda.org/conda-forge/noarch/cached-property-1.5.2-hd8ed1ab_1.tar.bz2#9b347a7ec10940d3f7941ff6c460b551
https://conda.anaconda.org/conda-forge/noarch/fqdn-1.5.1-pyhd8ed1ab_0.tar.bz2#642d35437078749ef23a5dca2c9bb1f3
https://conda.anaconda.org/conda-forge/noarch/isoduration-20.11.0-pyhd8ed1ab_0.tar.bz2#4cb68948e0b8429534380243d063a27a
https://conda.anaconda.org/conda-forge/linux-64/jsonpointer-2.4-py38h578d9bd_3.conda#ed4beead725b2b8c6673d4d7338bce78
https://conda.anaconda.org/conda-forge/noarch/zipp-3.17.0-pyhd8ed1ab_0.conda#2e4d6bc0b14e10f895fc6791a7d9b26a
https://conda.anaconda.org/conda-forge/noarch/importlib_resources-6.1.1-pyhd8ed1ab_0.conda#3d5fa25cf42f3f32a12b2d874ace8574
https://conda.anaconda.org/conda-forge/linux-64/rpds-py-0.17.1-py38h0cc4f7c_0.conda#d8cdf6cf25603d3d478913135f50f98e
https://conda.anaconda.org/conda-forge/noarch/referencing-0.33.0-pyhd8ed1ab_0.conda#bc415a1c6cf049166215d6b596e0fcbe
https://conda.anaconda.org/conda-forge/noarch/jsonschema-specifications-2023.12.1-pyhd8ed1ab_0.conda#a0e4efb5f35786a05af4809a2fb1f855
https://conda.anaconda.org/conda-forge/noarch/pkgutil-resolve-name-1.3.10-pyhd8ed1ab_1.conda#405678b942f2481cecdb3e010f4925d9
https://conda.anaconda.org/conda-forge/noarch/jsonschema-4.21.1-pyhd8ed1ab_0.conda#8a3a3d01629da20befa340919e3dd2c4
https://conda.anaconda.org/conda-forge/noarch/rfc3339-validator-0.1.4-pyhd8ed1ab_0.tar.bz2#fed45fc5ea0813240707998abe49f520
https://conda.anaconda.org/conda-forge/noarch/rfc3986-validator-0.1.1-pyh9f0ad1d_0.tar.bz2#912a71cc01012ee38e6b90ddd561e36f
https://conda.anaconda.org/conda-forge/noarch/uri-template-1.3.0-pyhd8ed1ab_0.conda#0944dc65cb4a9b5b68522c3bb585d41c
https://conda.anaconda.org/conda-forge/noarch/webcolors-1.13-pyhd8ed1ab_0.conda#166212fe82dad8735550030488a01d03
https://conda.anaconda.org/conda-forge/noarch/jsonschema-with-format-nongpl-4.21.1-pyhd8ed1ab_0.conda#26bce4b5405738c09304d4f4796b2c2a
https://conda.anaconda.org/conda-forge/noarch/python-json-logger-2.0.7-pyhd8ed1ab_0.conda#a61bf9ec79426938ff785eb69dbb1960
https://conda.anaconda.org/conda-forge/linux-64/yaml-0.2.5-h7f98852_2.tar.bz2#4cb3ad778ec2d5a7acbdf254eb1c42ae
https://conda.anaconda.org/conda-forge/linux-64/pyyaml-6.0.1-py38h01eb140_1.conda#5f05353ae9a6c37e1b4aebc9f7834d23
https://conda.anaconda.org/conda-forge/noarch/jupyter_events-0.9.0-pyhd8ed1ab_0.conda#00ba25993f0dba38cf72a7224e33289f
https://conda.anaconda.org/conda-forge/noarch/terminado-0.18.0-pyh0d859eb_0.conda#e463f348b8b0eb62c9f7c6fbc780286c
https://conda.anaconda.org/conda-forge/noarch/jupyter_server_terminals-0.5.2-pyhd8ed1ab_0.conda#a0152d13c9deb13639fc84df884d50b6
https://conda.anaconda.org/conda-forge/noarch/soupsieve-2.5-pyhd8ed1ab_1.conda#3f144b2c34f8cb5a9abd9ed23a39c561
https://conda.anaconda.org/conda-forge/noarch/beautifulsoup4-4.12.3-pyha770c72_0.conda#332493000404d8411859539a5a630865
https://conda.anaconda.org/conda-forge/noarch/setuptools-69.0.3-pyhd8ed1ab_0.conda#40695fdfd15a92121ed2922900d0308b
https://conda.anaconda.org/conda-forge/noarch/webencodings-0.5.1-pyhd8ed1ab_2.conda#daf5160ff9cde3a468556965329085b9
https://conda.anaconda.org/conda-forge/noarch/bleach-6.1.0-pyhd8ed1ab_0.conda#0ed9d7c0e9afa7c025807a9a8136ea3e
https://conda.anaconda.org/conda-forge/noarch/defusedxml-0.7.1-pyhd8ed1ab_0.tar.bz2#961b3a227b437d82ad7054484cfa71b2
https://conda.anaconda.org/conda-forge/noarch/jupyterlab_pygments-0.3.0-pyhd8ed1ab_0.conda#3f0915b1fb2252ab73686a533c5f9d3f
https://conda.anaconda.org/conda-forge/noarch/mistune-3.0.2-pyhd8ed1ab_0.conda#5cbee699846772cc939bef23a0d524ed
https://conda.anaconda.org/conda-forge/noarch/python-fastjsonschema-2.19.1-pyhd8ed1ab_0.conda#4d3ceee3af4b0f9a1f48f57176bf8625
https://conda.anaconda.org/conda-forge/noarch/nbformat-5.9.2-pyhd8ed1ab_0.conda#61ba076de6530d9301a0053b02f093d2
https://conda.anaconda.org/conda-forge/noarch/nbclient-0.8.0-pyhd8ed1ab_0.conda#e78da91cf428faaf05701ce8cc8f2f9b
https://conda.anaconda.org/conda-forge/noarch/pandocfilters-1.5.0-pyhd8ed1ab_0.tar.bz2#457c2c8c08e54905d6954e79cb5b5db9
https://conda.anaconda.org/conda-forge/noarch/tinycss2-1.2.1-pyhd8ed1ab_0.tar.bz2#7234c9eefff659501cd2fe0d2ede4d48
https://conda.anaconda.org/conda-forge/noarch/nbconvert-core-7.15.0-pyhd8ed1ab_0.conda#c15014db53f71e163a628827f6e45bb3
https://conda.anaconda.org/conda-forge/noarch/typing_utils-0.1.0-pyhd8ed1ab_0.tar.bz2#eb67e3cace64c66233e2d35949e20f92
https://conda.anaconda.org/conda-forge/noarch/overrides-7.7.0-pyhd8ed1ab_0.conda#24fba5a9d161ad8103d4e84c0e1a3ed4
https://conda.anaconda.org/conda-forge/noarch/prometheus_client-0.19.0-pyhd8ed1ab_0.conda#7baa10fa8073c371155cf451b71b848d
https://conda.anaconda.org/conda-forge/noarch/send2trash-1.8.2-pyh41d4057_0.conda#ada5a17adcd10be4fc7e37e4166ba0e2
https://conda.anaconda.org/conda-forge/noarch/websocket-client-1.7.0-pyhd8ed1ab_0.conda#50ad31e07d706aae88b14a4ac9c73f23
https://conda.anaconda.org/conda-forge/noarch/jupyter_server-2.12.5-pyhd8ed1ab_0.conda#755177a956fa6dd90d5cfcbbb5084de2
https://conda.anaconda.org/conda-forge/linux-64/gmp-6.3.0-h59595ed_0.conda#0e33ef437202db431aa5a928248cf2e8
https://conda.anaconda.org/conda-forge/linux-64/zlib-1.2.13-hd590300_5.conda#68c34ec6149623be41a1933ab996a209
https://conda.anaconda.org/conda-forge/linux-64/pandoc-3.1.3-h32600fe_0.conda#8287aeb8462e2d4b235eff788e75919d
https://conda.anaconda.org/conda-forge/noarch/nbconvert-pandoc-7.15.0-pyhd8ed1ab_0.conda#08ead6863beb09f619b62a395fa1d8ad
https://conda.anaconda.org/conda-forge/noarch/nbconvert-7.15.0-pyhd8ed1ab_0.conda#c58fa32339349cc52703d88b4fe742f9
https://conda.anaconda.org/conda-forge/noarch/notebook-shim-0.2.3-pyhd8ed1ab_0.conda#67e0fe74c156267d9159e9133df7fd37
https://conda.anaconda.org/conda-forge/noarch/nbclassic-1.0.0-pyhb4ecaf3_1.conda#a0be31e9bd84d6eae87cdbf74c56b90b
https://conda.anaconda.org/conda-forge/noarch/notebook-6.5.6-pyha770c72_0.conda#2e2422cf19f555ef3ddbbeaf2eac7545
https://conda.anaconda.org/conda-forge/noarch/widgetsnbextension-3.6.6-pyhd8ed1ab_0.conda#fe79dfe7d51794d665ec3c2fdd4e47c3
https://conda.anaconda.org/conda-forge/noarch/ipywidgets-7.8.0-pyhd8ed1ab_0.conda#518b05adab6cfe6ea249319932d9d4a3
https://conda.anaconda.org/conda-forge/noarch/jupyter_console-6.6.3-pyhd8ed1ab_0.conda#7cf6f52a66f8e3cd9d8b6c231262dcab
https://conda.anaconda.org/conda-forge/noarch/qtpy-2.4.1-pyhd8ed1ab_0.conda#7f391bd70d2abfb70f304ba5aa4e1261
https://conda.anaconda.org/conda-forge/noarch/qtconsole-base-5.5.1-pyha770c72_0.conda#5528a3eda283b421055c89bface19a1c
https://conda.anaconda.org/conda-forge/noarch/jupyter-1.0.0-pyhd8ed1ab_10.conda#056b8cc3d9b03f54fc49e6d70d7dc359
https://conda.anaconda.org/conda-forge/noarch/mock-5.1.0-pyhd8ed1ab_0.conda#926c67c0310094cf421ad13f7d3f38e5
https://conda.anaconda.org/conda-forge/noarch/nose-1.3.7-py_1006.tar.bz2#382019d5f8e9362ef6f60a8d4e7bce8f
https://conda.anaconda.org/conda-forge/linux-64/libgfortran5-13.2.0-ha4646dd_5.conda#7a6bd7a12a4bd359e2afe6c0fa1acace
https://conda.anaconda.org/conda-forge/linux-64/libgfortran-ng-13.2.0-h69a702a_5.conda#e73e9cfd1191783392131e6238bdb3e9
https://conda.anaconda.org/conda-forge/linux-64/libopenblas-0.3.25-pthreads_h413a1c8_0.conda#d172b34a443b95f86089e8229ddc9a17
https://conda.anaconda.org/conda-forge/linux-64/libblas-3.9.0-20_linux64_openblas.conda#2b7bb4f7562c8cf334fc2e20c2d28abc
https://conda.anaconda.org/conda-forge/linux-64/libcblas-3.9.0-20_linux64_openblas.conda#36d486d72ab64ffea932329a1d3729a3
https://conda.anaconda.org/conda-forge/linux-64/liblapack-3.9.0-20_linux64_openblas.conda#6fabc51f5e647d09cc010c40061557e0
https://conda.anaconda.org/conda-forge/linux-64/numpy-1.24.4-py38h59b608b_0.conda#8c3e050afeeb2b32575bdb8955cc67b2
https://conda.anaconda.org/conda-forge/noarch/python-tzdata-2023.4-pyhd8ed1ab_0.conda#c79cacf8a06a51552fc651652f170208
https://conda.anaconda.org/conda-forge/noarch/pytz-2024.1-pyhd8ed1ab_0.conda#3eeeeb9e4827ace8c0c1419c85d590ad
https://conda.anaconda.org/conda-forge/linux-64/pandas-2.0.3-py38h01efb38_1.conda#01a2b6144e65631e2fe24e569d0738ee
https://conda.anaconda.org/conda-forge/noarch/hdijupyterutils-0.21.0-pyh1a96a4e_0.conda#4db6232a9b934edc1c1e2f7b7d5a5d40
https://conda.anaconda.org/conda-forge/noarch/tenacity-8.2.3-pyhd8ed1ab_0.conda#1482e77f87c6a702a7e05ef22c9b197b
https://conda.anaconda.org/conda-forge/noarch/plotly-5.18.0-pyhd8ed1ab_0.conda#9f6a8664f1fe752f79473eeb9bf33a60
https://conda.anaconda.org/conda-forge/noarch/autovizwidget-0.21.0-pyh1a96a4e_0.conda#7db56991c3c823ddb394ed85df9b54f5
https://conda.anaconda.org/conda-forge/noarch/jmespath-1.0.1-pyhd8ed1ab_0.tar.bz2#2cfa3e1cf3fb51bb9b17acc5b5e9ea11
https://conda.anaconda.org/conda-forge/linux-64/brotli-python-1.1.0-py38h17151c0_1.conda#7a5a699c8992fc51ef25e980f4502c2a
https://conda.anaconda.org/conda-forge/noarch/pysocks-1.7.1-pyha2e5f31_6.tar.bz2#2a7de29fb590ca14b5243c4c812c8025
https://conda.anaconda.org/conda-forge/noarch/urllib3-1.26.18-pyhd8ed1ab_0.conda#bf61cfd2a7f212efba378167a07d4a6a
https://conda.anaconda.org/conda-forge/noarch/botocore-1.34.36-pyhd8ed1ab_0.conda#7e704d294355ac64a9ec598e558aecbc
https://conda.anaconda.org/conda-forge/noarch/s3transfer-0.10.0-pyhd8ed1ab_0.conda#2d52125a7fe49248ce5e883fed6c935a
https://conda.anaconda.org/conda-forge/noarch/boto3-1.34.36-pyhd8ed1ab_0.conda#250d04fd181eff8c1d42c86ba98e7815
https://conda.anaconda.org/conda-forge/noarch/click-8.1.7-unix_pyh707e725_0.conda#f3ad426304898027fc619827ff428eca
https://conda.anaconda.org/conda-forge/noarch/importlib-metadata-6.10.0-pyha770c72_0.conda#ae2ad334f34040e147cc5824b450463b
https://conda.anaconda.org/conda-forge/noarch/certifi-2024.2.2-pyhd8ed1ab_0.conda#0876280e409658fc6f9e75d035960333
https://conda.anaconda.org/conda-forge/noarch/charset-normalizer-3.3.2-pyhd8ed1ab_0.conda#7f4a9e3fcff3f6356ae99244a014da6a
https://conda.anaconda.org/conda-forge/noarch/requests-2.31.0-pyhd8ed1ab_0.conda#a30144e4156cdbb236f99ebb49828f8b
https://conda.anaconda.org/conda-forge/noarch/mdurl-0.1.2-pyhd8ed1ab_0.conda#776a8dd9e824f77abac30e6ef43a8f7a
https://conda.anaconda.org/conda-forge/noarch/markdown-it-py-3.0.0-pyhd8ed1ab_0.conda#93a8e71256479c62074356ef6ebf501b
https://conda.anaconda.org/conda-forge/noarch/rich-13.7.0-pyhd8ed1ab_0.conda#d7a11d4f3024b2f4a6e0ae7377dd61e9
https://conda.anaconda.org/conda-forge/noarch/tabulate-0.9.0-pyhd8ed1ab_1.tar.bz2#4759805cce2d914c38472f70bf4d8bcb
https://conda.anaconda.org/conda-forge/noarch/aws-glue-sessions-1.0.4-pyhd8ed1ab_0.conda#169c4c0a396d83164215f54024031ec8
https://conda.anaconda.org/conda-forge/noarch/babel-2.14.0-pyhd8ed1ab_0.conda#9669586875baeced8fc30c0826c3270e
https://conda.anaconda.org/conda-forge/linux-64/bcrypt-4.1.2-py38h0cc4f7c_0.conda#4ee43016b727418ce3beb16501a9407e
https://conda.anaconda.org/conda-forge/noarch/mypy_extensions-1.0.0-pyha770c72_0.conda#4eccaeba205f0aed9ac3a9ea58568ca3
https://conda.anaconda.org/conda-forge/noarch/pathspec-0.12.1-pyhd8ed1ab_0.conda#17064acba08d3686f1135b5ec1b32b12
https://conda.anaconda.org/conda-forge/noarch/tomli-2.0.1-pyhd8ed1ab_0.tar.bz2#5844808ffab9ebdb694585b50ba02a96
https://conda.anaconda.org/conda-forge/linux-64/black-24.1.1-py38h578d9bd_0.conda#13202de72eff29c3175e8d8f080e48a6
https://conda.anaconda.org/conda-forge/noarch/blinker-1.7.0-pyhd8ed1ab_0.conda#550da20b2c2e38be9cc44bb819fda5d5
https://conda.anaconda.org/conda-forge/noarch/boltons-23.1.1-pyhd8ed1ab_0.conda#56febe65315cc388a5d20adf2b39a74d
https://conda.anaconda.org/conda-forge/linux-64/libbrotlicommon-1.1.0-hd590300_1.conda#aec6c91c7371c26392a06708a73c70e5
https://conda.anaconda.org/conda-forge/linux-64/libbrotlidec-1.1.0-hd590300_1.conda#f07002e225d7a60a694d42a7bf5ff53f
https://conda.anaconda.org/conda-forge/linux-64/libbrotlienc-1.1.0-hd590300_1.conda#5fc11c6020d421960607d821310fcd4d
https://conda.anaconda.org/conda-forge/linux-64/brotli-bin-1.1.0-hd590300_1.conda#39f910d205726805a958da408ca194ba
https://conda.anaconda.org/conda-forge/linux-64/brotli-1.1.0-hd590300_1.conda#f27a24d46e3ea7b70a1f98e50c62508f
https://conda.anaconda.org/conda-forge/linux-64/c-ares-1.26.0-hd590300_0.conda#a86d90025198fd411845fc245ebc06c8
https://conda.anaconda.org/conda-forge/noarch/cachetools-5.3.2-pyhd8ed1ab_0.conda#185cc1bf1d5af90020292888a3c7eb5d
https://conda.anaconda.org/conda-forge/linux-64/libexpat-2.5.0-hcb278e6_1.conda#6305a3dd2752c76335295da4e581f2fd
https://conda.anaconda.org/conda-forge/linux-64/expat-2.5.0-hcb278e6_1.conda#8b9b5aca60558d02ddaa09d599e55920
https://conda.anaconda.org/conda-forge/linux-64/libpng-1.6.42-h2797004_0.conda#d67729828dc6ff7ba44a61062ad79880
https://conda.anaconda.org/conda-forge/linux-64/freetype-2.12.1-h267a509_2.conda#9ae35c3d96db2c94ce0cef86efdfa2cb
https://conda.anaconda.org/conda-forge/linux-64/fontconfig-2.14.2-h14ed4e7_0.conda#0f69b688f52ff6da70bccb7ff7001d1d
https://conda.anaconda.org/conda-forge/noarch/font-ttf-dejavu-sans-mono-2.37-hab24e00_0.tar.bz2#0c96522c6bdaed4b1566d11387caaf45
https://conda.anaconda.org/conda-forge/noarch/font-ttf-inconsolata-3.000-h77eed37_0.tar.bz2#34893075a5c9e55cdafac56607368fc6
https://conda.anaconda.org/conda-forge/noarch/font-ttf-source-code-pro-2.038-h77eed37_0.tar.bz2#4d59c254e01d9cde7957100457e2d5fb
https://conda.anaconda.org/conda-forge/noarch/font-ttf-ubuntu-0.83-h77eed37_1.conda#6185f640c43843e5ad6fd1c5372c3f80
https://conda.anaconda.org/conda-forge/noarch/fonts-conda-forge-1-0.tar.bz2#f766549260d6815b0c52253f1fb1bb29
https://conda.anaconda.org/conda-forge/noarch/fonts-conda-ecosystem-1-0.tar.bz2#fee5683a3f04bd15cbd8318b096a27ab
https://conda.anaconda.org/conda-forge/linux-64/icu-73.2-h59595ed_0.conda#cc47e1facc155f91abd89b11e48e72ff
https://conda.anaconda.org/conda-forge/linux-64/gettext-0.21.1-h27087fc_0.tar.bz2#14947d8770185e5153fdd04d4673ed37
https://conda.anaconda.org/conda-forge/linux-64/libiconv-1.17-hd590300_2.conda#d66573916ffcf376178462f1b61c941e
https://conda.anaconda.org/conda-forge/linux-64/pcre2-10.42-hcad00b1_0.conda#679c8961826aa4b50653bce17ee52abe
https://conda.anaconda.org/conda-forge/linux-64/libglib-2.78.3-h783c2da_0.conda#9bd06b12bbfa6fd1740fd23af4b0f0c7
https://conda.anaconda.org/conda-forge/linux-64/pthread-stubs-0.4-h36c2ea0_1001.tar.bz2#22dad4df6e8630e8dff2428f6f6a7036
https://conda.anaconda.org/conda-forge/linux-64/xorg-libxau-1.0.11-hd590300_0.conda#2c80dc38fface310c9bd81b17037fee5
https://conda.anaconda.org/conda-forge/linux-64/xorg-libxdmcp-1.1.3-h7f98852_0.tar.bz2#be93aabceefa2fac576e971aef407908
https://conda.anaconda.org/conda-forge/linux-64/libxcb-1.15-h0b41bf4_0.conda#33277193f5b92bad9fdd230eb700929c
https://conda.anaconda.org/conda-forge/linux-64/pixman-0.43.2-h59595ed_0.conda#71004cbf7924e19c02746ccde9fd7123
https://conda.anaconda.org/conda-forge/linux-64/xorg-libice-1.1.1-hd590300_0.conda#b462a33c0be1421532f28bfe8f4a7514
https://conda.anaconda.org/conda-forge/linux-64/xorg-libsm-1.2.4-h7391055_0.conda#93ee23f12bc2e684548181256edd2cf6
https://conda.anaconda.org/conda-forge/linux-64/xorg-kbproto-1.0.7-h7f98852_1002.tar.bz2#4b230e8381279d76131116660f5a241a
https://conda.anaconda.org/conda-forge/linux-64/xorg-xextproto-7.3.0-h0b41bf4_1003.conda#bce9f945da8ad2ae9b1d7165a64d0f87
https://conda.anaconda.org/conda-forge/linux-64/xorg-xproto-7.0.31-h7f98852_1007.tar.bz2#b4a4381d54784606820704f7b5f05a15
https://conda.anaconda.org/conda-forge/linux-64/xorg-libx11-1.8.7-h8ee46fc_0.conda#49e482d882669206653b095f5206c05b
https://conda.anaconda.org/conda-forge/linux-64/xorg-libxext-1.3.4-h0b41bf4_2.conda#82b6df12252e6f32402b96dacc656fec
https://conda.anaconda.org/conda-forge/linux-64/xorg-renderproto-0.11.1-h7f98852_1002.tar.bz2#06feff3d2634e3097ce2fe681474b534
https://conda.anaconda.org/conda-forge/linux-64/xorg-libxrender-0.9.11-hd590300_0.conda#ed67c36f215b310412b2af935bf3e530
https://conda.anaconda.org/conda-forge/linux-64/cairo-1.18.0-h3faef2a_0.conda#f907bb958910dc404647326ca80c263e
https://conda.anaconda.org/conda-forge/noarch/cloudpickle-2.2.1-pyhd8ed1ab_0.conda#b325bfc4cff7d7f8a868f1f7ecc4ed16
https://conda.anaconda.org/conda-forge/noarch/colorama-0.4.6-pyhd8ed1ab_0.tar.bz2#3faab06a954c2a04039983f2c4a50d99
https://conda.anaconda.org/conda-forge/linux-64/fmt-10.2.1-h00ab1b0_0.conda#35ef8bc24bd34074ebae3c943d551728
https://conda.anaconda.org/conda-forge/linux-64/libxml2-2.12.5-h232c23b_0.conda#c442ebfda7a475f5e78f1c8e45f1e919
https://conda.anaconda.org/conda-forge/linux-64/lz4-c-1.9.4-hcb278e6_0.conda#318b08df404f9c9be5712aaa5a6f0bb0
https://conda.anaconda.org/conda-forge/linux-64/lzo-2.10-h516909a_1000.tar.bz2#bb14fcb13341b81d5eb386423b9d2bac
https://conda.anaconda.org/conda-forge/linux-64/libarchive-3.7.2-h2aa1ff5_1.conda#3bf887827d1968275978361a6e405e4f
https://conda.anaconda.org/conda-forge/linux-64/keyutils-1.6.1-h166bdaf_0.tar.bz2#30186d27e2c9fa62b45fb1476b7200e3
https://conda.anaconda.org/conda-forge/linux-64/libedit-3.1.20191231-he28a2e2_2.tar.bz2#4d331e44109e3f0e19b4cb8f9b82f3e1
https://conda.anaconda.org/conda-forge/linux-64/krb5-1.21.2-h659d440_0.conda#cd95826dbd331ed1be26bdf401432844
https://conda.anaconda.org/conda-forge/linux-64/libev-4.33-hd590300_2.conda#172bf1cd1ff8629f2b1179945ed45055
https://conda.anaconda.org/conda-forge/linux-64/libnghttp2-1.58.0-h47da74e_1.conda#700ac6ea6d53d5510591c4344d5c989a
https://conda.anaconda.org/conda-forge/linux-64/libssh2-1.11.0-h0841786_0.conda#1f5a58e686b13bcfde88b93f547d23fe
https://conda.anaconda.org/conda-forge/linux-64/libcurl-8.5.0-hca28451_0.conda#7144d5a828e2cae218e0e3c98d8a0aeb
https://conda.anaconda.org/conda-forge/linux-64/libsolv-0.7.28-hfc55251_0.conda#66d4f5d8256542d9ebfa341d690c5e03
https://conda.anaconda.org/conda-forge/linux-64/reproc-14.2.4.post0-hd590300_1.conda#82ca53502dfd5a64a80dee76dae14685
https://conda.anaconda.org/conda-forge/linux-64/reproc-cpp-14.2.4.post0-h59595ed_1.conda#715e1d720ec1a03715bebd237972fca5
https://conda.anaconda.org/conda-forge/linux-64/yaml-cpp-0.8.0-h59595ed_0.conda#965eaacd7c18eb8361fd12bb9e7a57d7
https://conda.anaconda.org/conda-forge/linux-64/libmamba-1.5.6-had39da4_0.conda#d6213d8b3abe12c556f007894752ef41
https://conda.anaconda.org/conda-forge/noarch/pybind11-abi-4-hd8ed1ab_3.tar.bz2#878f923dd6acc8aeb47a75da6c4098be
https://conda.anaconda.org/conda-forge/linux-64/libmambapy-1.5.6-py38h5cd715c_0.conda#18d3b5530dee69e5a92a7f04580f7a98
https://conda.anaconda.org/conda-forge/noarch/conda-libmamba-solver-24.1.0-pyhd8ed1ab_0.conda#304dc78ad6e52e0fd663df1d484c1531
https://conda.anaconda.org/conda-forge/linux-64/zstandard-0.22.0-py38ha98ab4e_0.conda#5a71f7414d8398d353c63c3d6fc846bc
https://conda.anaconda.org/conda-forge/noarch/conda-package-streaming-0.9.0-pyhd8ed1ab_0.conda#38253361efb303deead3eab39ae9269b
https://conda.anaconda.org/conda-forge/noarch/conda-package-handling-2.2.0-pyh38be061_0.conda#8a3ae7f6318376aa08ea753367bb7dd6
https://conda.anaconda.org/conda-forge/noarch/distro-1.9.0-pyhd8ed1ab_0.conda#bbdb409974cd6cb30071b1d978302726
https://conda.anaconda.org/conda-forge/noarch/jsonpatch-1.33-pyhd8ed1ab_0.conda#bfdb7c5c6ad1077c82a69a8642c87aff
https://conda.anaconda.org/conda-forge/linux-64/menuinst-2.0.2-py38h578d9bd_0.conda#c1514fdcdcb7d1c4d1224e50e5e83773
https://conda.anaconda.org/conda-forge/noarch/pluggy-1.4.0-pyhd8ed1ab_0.conda#139e9feb65187e916162917bb2484976
https://conda.anaconda.org/conda-forge/linux-64/pycosat-0.6.6-py38h01eb140_0.conda#62e285b1705fd8a2b94320be2bb36ff5
https://conda.anaconda.org/conda-forge/linux-64/ruamel.yaml.clib-0.2.8-py38h01eb140_0.conda#4aa891e6cb42aed8fefaee7f4eb58383
https://conda.anaconda.org/conda-forge/linux-64/ruamel.yaml-0.18.6-py38h01eb140_0.conda#54baf6f86c42f6795251de56141976f5
https://conda.anaconda.org/conda-forge/noarch/tqdm-4.66.1-pyhd8ed1ab_0.conda#03c97908b976498dcae97eb4e4f3149c
https://conda.anaconda.org/conda-forge/linux-64/conda-23.11.0-py38h578d9bd_1.conda#58b901b424ad62e99418e7ff8081e53b
https://conda.anaconda.org/conda-forge/noarch/contextlib2-21.6.0-pyhd8ed1ab_0.tar.bz2#5b26a831440be04c39531a8ce20f5d71
https://conda.anaconda.org/conda-forge/linux-64/contourpy-1.1.1-py38h7f3f72f_1.conda#18ae206b2d413e5cc8d2bb8ab48aa165
https://conda.anaconda.org/conda-forge/linux-64/cryptography-42.0.2-py38he241bfc_0.conda#2173b8b4c63fe59237ad4b19b4af739e
https://conda.anaconda.org/conda-forge/noarch/cycler-0.12.1-pyhd8ed1ab_0.conda#5cd86562580f274031ede6aa6aa24441
https://conda.anaconda.org/conda-forge/linux-64/libntlm-1.4-h7f98852_1002.tar.bz2#e728e874159b042d92b90238a3cb0dc2
https://conda.anaconda.org/conda-forge/linux-64/cyrus-sasl-2.1.27-h54b06d7_7.conda#dce22f70b4e5a407ce88f2be046f4ceb
https://conda.anaconda.org/conda-forge/linux-64/dbus-1.13.6-h5008d03_3.tar.bz2#ecfff944ba3960ecb334b9a2663d708d
https://conda.anaconda.org/conda-forge/noarch/dill-0.3.8-pyhd8ed1ab_0.conda#78745f157d56877a2c6e7b386f66f3e2
https://conda.anaconda.org/conda-forge/linux-64/pynacl-1.5.0-py38h01eb140_3.conda#3378edcc1c266409b1135b955e050c2a
https://conda.anaconda.org/conda-forge/noarch/paramiko-3.4.0-pyhd8ed1ab_0.conda#a5e792523b028b06d7ce6e65a6cd4a33
https://conda.anaconda.org/conda-forge/noarch/pywin32-on-windows-0.1.0-pyh1179c8e_3.tar.bz2#2807a0becd1d986fe1ef9b7f8135f215
https://conda.anaconda.org/conda-forge/noarch/docker-py-7.0.0-pyhd8ed1ab_0.conda#aec5f308cb9055e83c59afecd5fcb58a
https://conda.anaconda.org/conda-forge/noarch/filelock-3.13.1-pyhd8ed1ab_0.conda#0c1729b74a8152fde6a38ba0a2ab9f45
https://conda.anaconda.org/conda-forge/linux-64/flatbuffers-23.5.26-h59595ed_1.conda#913a1c6fd00b66f33392a129e835ceca
https://conda.anaconda.org/conda-forge/noarch/munkres-1.1.4-pyh9f0ad1d_0.tar.bz2#2ba8498c1018c1e9c61eb99b973dfe19
https://conda.anaconda.org/conda-forge/linux-64/unicodedata2-15.1.0-py38h01eb140_0.conda#d28c162f670f8dc3a89e246573ae96c9
https://conda.anaconda.org/conda-forge/linux-64/fonttools-4.48.1-py38h01eb140_0.conda#d285354fc1b4aea51580fd922ba67211
https://conda.anaconda.org/conda-forge/noarch/future-0.18.3-pyhd8ed1ab_0.conda#fec8329fc739090f26a7d7803db254f1
https://conda.anaconda.org/conda-forge/noarch/gast-0.5.4-pyhd8ed1ab_0.conda#8189adbad784030b76bbf81c68d7b0d4
https://conda.anaconda.org/conda-forge/linux-64/giflib-5.2.1-h0b41bf4_3.conda#96f3b11872ef6fad973eac856cd2624f
https://conda.anaconda.org/conda-forge/linux-64/glib-tools-2.78.3-hfc55251_0.conda#41d2f46e0ac8372eeb959860713d9b21
https://conda.anaconda.org/conda-forge/linux-64/glib-2.78.3-hfc55251_0.conda#e08e51acc7d1ae8dbe13255e7b4c64ac
https://conda.anaconda.org/conda-forge/linux-64/mpfr-4.2.1-h9458935_0.conda#4c28f3210b30250037a4a627eeee9e0f
https://conda.anaconda.org/conda-forge/linux-64/mpc-1.3.1-hfe3b2da_0.conda#289c71e83dc0daa7d4c81f04180778ca
https://conda.anaconda.org/conda-forge/linux-64/gmpy2-2.1.2-py38h793c122_1.tar.bz2#4ad98fcde00ec3ca024569311ea0048b
https://conda.anaconda.org/conda-forge/noarch/pyasn1-0.5.1-pyhd8ed1ab_0.conda#fb1a800972b072aa4d16450983c81418
https://conda.anaconda.org/conda-forge/noarch/pyasn1-modules-0.3.0-pyhd8ed1ab_0.conda#26db749166cdca55e5ef1ffdc7767d0e
https://conda.anaconda.org/conda-forge/noarch/pyopenssl-24.0.0-pyhd8ed1ab_0.conda#b50aec2c744a5c493c09cce9e2e7533e
https://conda.anaconda.org/conda-forge/noarch/pyu2f-0.1.5-pyhd8ed1ab_0.tar.bz2#caabbeaa83928d0c3e3949261daa18eb
https://conda.anaconda.org/conda-forge/noarch/rsa-4.9-pyhd8ed1ab_0.tar.bz2#03bf410858b2cefc267316408a77c436
https://conda.anaconda.org/conda-forge/noarch/google-auth-2.27.0-pyhca7485f_0.conda#8c9223d9a28c81c1be6a5fccc8f5358e
https://conda.anaconda.org/conda-forge/noarch/pyjwt-2.8.0-pyhd8ed1ab_1.conda#74f76d4868dbba5870f2cf1d9b12d8f3
https://conda.anaconda.org/conda-forge/noarch/oauthlib-3.2.2-pyhd8ed1ab_0.tar.bz2#8f882b197fd9c4941a787926baea4868
https://conda.anaconda.org/conda-forge/noarch/requests-oauthlib-1.3.1-pyhd8ed1ab_0.tar.bz2#61b279f051eef9c89d58f4d813e75e04
https://conda.anaconda.org/conda-forge/noarch/google-auth-oauthlib-1.0.0-pyhd8ed1ab_1.conda#569e62e95b01b53e4ec7d9abe83b7385
https://conda.anaconda.org/conda-forge/noarch/google-pasta-0.2.0-pyh8c360ce_0.tar.bz2#26e27d7d3d7fe2336b543dd8e0f12cbf
https://conda.anaconda.org/conda-forge/linux-64/graphite2-1.3.13-h58526e2_1001.tar.bz2#8c54672728e8ec6aa6db90cf2806d220
https://conda.anaconda.org/conda-forge/linux-64/greenlet-3.0.3-py38h17151c0_0.conda#96428abcd2b3b8e945f8b26e6d9f82f8
https://conda.anaconda.org/conda-forge/linux-64/libabseil-20230125.3-cxx17_h59595ed_0.conda#d1db1b8be7c3a8983dcbbbfe4f0765de
https://conda.anaconda.org/conda-forge/linux-64/libprotobuf-3.21.12-hfc55251_2.conda#e3a7d4ba09b8dc939b98fef55f539220
https://conda.anaconda.org/conda-forge/linux-64/re2-2023.03.02-h8c504da_0.conda#206f8fa808748f6e90599c3368a1114e
https://conda.anaconda.org/conda-forge/linux-64/libgrpc-1.54.3-hb20ce57_0.conda#7af7c59ab24db007dfd82e0a3a343f66
https://conda.anaconda.org/conda-forge/linux-64/grpcio-1.54.3-py38h8dc9893_0.conda#a09745021e0de884c2b9f584c6c8951c
https://conda.anaconda.org/conda-forge/linux-64/gstreamer-1.22.9-h98fc4e7_0.conda#bcc7157b06fce7f5e055402a8135dfd8
https://conda.anaconda.org/conda-forge/linux-64/libogg-1.3.4-h7f98852_1.tar.bz2#6e8cc2173440d77708196c5b93771680
https://conda.anaconda.org/conda-forge/linux-64/libopus-1.3.1-h7f98852_1.tar.bz2#15345e56d527b330e1cacbdf58676e8f
https://conda.anaconda.org/conda-forge/linux-64/libvorbis-1.3.7-h9c3ff4c_0.tar.bz2#309dec04b70a3cc0f1e84a4013683bc0
https://conda.anaconda.org/conda-forge/linux-64/gst-plugins-base-1.22.9-h8e1006c_0.conda#614b81f8ed66c56b640faee7076ad14a
https://conda.anaconda.org/conda-forge/linux-64/libaec-1.1.2-h59595ed_1.conda#127b0be54c1c90760d7fe02ea7a56426
https://conda.anaconda.org/conda-forge/linux-64/hdf5-1.14.3-nompi_h4f84152_100.conda#d471a5c3abc984b662d9bae3bb7fd8a5
https://conda.anaconda.org/conda-forge/linux-64/h5py-3.10.0-nompi_py38h2c1edd7_101.conda#db2bb85d20ac0a4525cb5746b2f8300b
https://conda.anaconda.org/conda-forge/linux-64/harfbuzz-8.3.0-h3d44ed6_0.conda#5a6f6c00ef982a9bc83558d9ac8f64a0
https://conda.anaconda.org/conda-forge/noarch/importlib-resources-6.1.1-pyhd8ed1ab_0.conda#d04bd1b5bed9177dd7c3cef15e2b6710
https://conda.anaconda.org/conda-forge/noarch/importlib_metadata-6.10.0-hd8ed1ab_0.conda#c063ddbb9908499fd4f20b31dc67065a
https://conda.anaconda.org/conda-forge/noarch/joblib-1.3.2-pyhd8ed1ab_0.conda#4da50d410f553db77e62ab62ffaa1abc
https://conda.anaconda.org/conda-forge/noarch/json5-0.9.14-pyhd8ed1ab_0.conda#dac1dabba2b5a9d1aee175c5fcc7b436
https://conda.anaconda.org/conda-forge/noarch/jupyter_server_fileid-0.9.1-pyhd8ed1ab_0.conda#6ce5585ef1f70cfa16352b9c03ddbfc5
https://conda.anaconda.org/conda-forge/linux-64/y-py-0.5.9-py38h9fda977_0.conda#18517ed6c99222252a7409b9e128015c
https://conda.anaconda.org/conda-forge/noarch/jupyter_ydoc-0.2.4-pyhd8ed1ab_0.conda#be5d4633c1cc40343ed417153a184006
https://conda.anaconda.org/conda-forge/noarch/ypy-websocket-0.8.2-pyhd8ed1ab_0.conda#5ee5ad3af20138020065985de57f0711
https://conda.anaconda.org/conda-forge/noarch/jupyter_server_ydoc-0.8.0-pyhd8ed1ab_0.conda#780280d42fbcb2eaf654a6ba7a3e5bb5
https://conda.anaconda.org/conda-forge/noarch/jupyterlab_server-2.25.2-pyhd8ed1ab_0.conda#f45557d5551b54dc2a74133a310bc1ba
https://conda.anaconda.org/conda-forge/noarch/jupyterlab-3.6.7-pyhd8ed1ab_0.conda#fcf9660b45f08b4aea0a28f8c1bd526e
https://conda.anaconda.org/conda-forge/noarch/keras-2.13.1-pyhd8ed1ab_0.conda#2859446371c82580dc7924859b5007cb
https://conda.anaconda.org/conda-forge/linux-64/kiwisolver-1.4.5-py38h7f3f72f_1.conda#b66dcd4f710628fc5563ad56f02ca89b
https://conda.anaconda.org/conda-forge/linux-64/lame-3.100-h166bdaf_1003.tar.bz2#a8832b479f93521a9e7b5b743803be51
https://conda.anaconda.org/conda-forge/linux-64/libjpeg-turbo-3.0.0-hd590300_1.conda#ea25936bb4080d843790b586850f82b8
https://conda.anaconda.org/conda-forge/linux-64/lerc-4.0.0-h27087fc_0.tar.bz2#76bbff344f0134279f225174e9064c8f
https://conda.anaconda.org/conda-forge/linux-64/libdeflate-1.19-hd590300_0.conda#1635570038840ee3f9c71d22aa5b8b6d
https://conda.anaconda.org/conda-forge/linux-64/libwebp-base-1.3.2-hd590300_0.conda#30de3fd9b3b602f7473f30e684eeea8c
https://conda.anaconda.org/conda-forge/linux-64/libtiff-4.6.0-ha9c0a0a_2.conda#55ed21669b2015f77c180feb1dd41930
https://conda.anaconda.org/conda-forge/linux-64/lcms2-2.16-hb7c19ff_0.conda#51bb7010fc86f70eee639b4bb7a894f5
https://conda.anaconda.org/conda-forge/linux-64/libcap-2.69-h0f662aa_0.conda#25cb5999faa414e5ccb2c1388f62d3d5
https://conda.anaconda.org/conda-forge/linux-64/libllvm15-15.0.7-hb3ce162_4.conda#8a35df3cbc0c8b12cc8af9473ae75eef
https://conda.anaconda.org/conda-forge/linux-64/libclang13-15.0.7-default_ha2b6cf4_4.conda#898e0dd993afbed0d871b60c2eb33b83
https://conda.anaconda.org/conda-forge/linux-64/libclang-15.0.7-default_hb11cfb5_4.conda#c90f4cbb57839c98fef8f830e4b9972f
https://conda.anaconda.org/conda-forge/linux-64/libcups-2.3.3-h4637d8d_4.conda#d4529f4dff3057982a7617c7ac58fde3
https://conda.anaconda.org/conda-forge/linux-64/libevent-2.1.12-hf998b51_1.conda#a1cfcc585f0c42bf8d5546bb1dfb668d
https://conda.anaconda.org/conda-forge/linux-64/libflac-1.4.3-h59595ed_0.conda#ee48bf17cc83a00f59ca1494d5646869
https://conda.anaconda.org/conda-forge/linux-64/libgpg-error-1.47-h71f35ed_0.conda#c2097d0b46367996f09b4e8e4920384a
https://conda.anaconda.org/conda-forge/linux-64/libgcrypt-1.10.3-hd590300_0.conda#32d16ad533c59bb0a3c5ffaf16110829
https://conda.anaconda.org/conda-forge/linux-64/libhwloc-2.9.3-default_h554bfaf_1009.conda#f36ddc11ca46958197a45effdd286e45
https://conda.anaconda.org/conda-forge/linux-64/libpq-16.1-h33b98f1_7.conda#675317e46167caea24542d85c72f19a3
https://conda.anaconda.org/conda-forge/linux-64/mpg123-1.32.4-h59595ed_0.conda#3f1017b4141e943d9bc8739237f749e8
https://conda.anaconda.org/conda-forge/linux-64/libsndfile-1.2.2-hc60ed4a_1.conda#ef1910918dd895516a769ed36b5b3a4e
https://conda.anaconda.org/conda-forge/linux-64/libsystemd0-255-h3516f8a_0.conda#24e2649ebd432e652aa72cfd05f23a8e
https://conda.anaconda.org/conda-forge/linux-64/libuv-1.46.0-hd590300_0.conda#d23c76f7e6dcd6243d1b6ef5e62d17d2
https://conda.anaconda.org/conda-forge/linux-64/libxgboost-1.7.6-cpu_h6728c87_6.conda#9183d0551aa5e5be36c670e701b287a3
https://conda.anaconda.org/conda-forge/linux-64/xkeyboard-config-2.41-hd590300_0.conda#81f740407b45e3f9047b3174fa94eb9e
https://conda.anaconda.org/conda-forge/linux-64/libxkbcommon-1.6.0-hd429924_1.conda#1dbcc04604fdf1e526e6d1b0b6938396
https://conda.anaconda.org/conda-forge/noarch/markdown-3.5.2-pyhd8ed1ab_0.conda#db7b48fa4eeb0c21b2f3f5b1f7d9ebcf
https://conda.anaconda.org/conda-forge/linux-64/openjpeg-2.5.0-h488ebb8_3.conda#128c25b7fe6a25286a48f3a6a9b5b6f3
https://conda.anaconda.org/conda-forge/linux-64/pillow-10.2.0-py38ha43c96d_0.conda#6d41caaaba25a751cdab3fc61e69de0d
https://conda.anaconda.org/conda-forge/noarch/pyparsing-3.1.1-pyhd8ed1ab_0.conda#176f7d56f0cfe9008bdf1bccd7de02fb
https://conda.anaconda.org/conda-forge/linux-64/matplotlib-base-3.7.3-py38h58ed7fa_0.conda#d8db25d58823182ce93233964f307a47
https://conda.anaconda.org/conda-forge/noarch/ply-3.11-py_1.tar.bz2#7205635cd71531943440fbfe3b6b5727
https://conda.anaconda.org/conda-forge/linux-64/sip-6.7.12-py38h17151c0_0.conda#ae2edf79b63f97071aea203b22a6774a
https://conda.anaconda.org/conda-forge/noarch/toml-0.10.2-pyhd8ed1ab_0.tar.bz2#f832c45a477c78bebd107098db465095
https://conda.anaconda.org/conda-forge/linux-64/pyqt5-sip-12.12.2-py38h17151c0_5.conda#3d66f5c4a0af2713f60ec11bf1230136
https://conda.anaconda.org/conda-forge/linux-64/mysql-common-8.0.33-hf1915f5_6.conda#80bf3b277c120dd294b51d404b931a75
https://conda.anaconda.org/conda-forge/linux-64/mysql-libs-8.0.33-hca2cd23_6.conda#e87530d1b12dd7f4e0f856dc07358d60
https://conda.anaconda.org/conda-forge/linux-64/nspr-4.35-h27087fc_0.conda#da0ec11a6454ae19bff5b02ed881a2b1
https://conda.anaconda.org/conda-forge/linux-64/nss-3.97-h1d7d5a4_0.conda#b916d71a3032416e3f9136090d814472
https://conda.anaconda.org/conda-forge/linux-64/pulseaudio-client-16.1-hb77b528_5.conda#ac902ff3c1c6d750dd0dfc93a974ab74
https://conda.anaconda.org/conda-forge/linux-64/xcb-util-0.4.0-hd590300_1.conda#9bfac7ccd94d54fd21a0501296d60424
https://conda.anaconda.org/conda-forge/linux-64/xcb-util-image-0.4.0-h8ee46fc_1.conda#9d7bcddf49cbf727730af10e71022c73
https://conda.anaconda.org/conda-forge/linux-64/xcb-util-keysyms-0.4.0-h8ee46fc_1.conda#632413adcd8bc16b515cab87a2932913
https://conda.anaconda.org/conda-forge/linux-64/xcb-util-renderutil-0.3.9-hd590300_1.conda#e995b155d938b6779da6ace6c6b13816
https://conda.anaconda.org/conda-forge/linux-64/xcb-util-wm-0.4.1-h8ee46fc_1.conda#90108a432fb5c6150ccfee3f03388656
https://conda.anaconda.org/conda-forge/linux-64/xorg-xf86vidmodeproto-2.3.1-h7f98852_1002.tar.bz2#3ceea9668625c18f19530de98b15d5b0
https://conda.anaconda.org/conda-forge/linux-64/qt-main-5.15.8-h450f30e_18.conda#ef0430f8df5dcdedcaaab340b228f30c
https://conda.anaconda.org/conda-forge/linux-64/pyqt-5.15.9-py38hffdaa6c_5.conda#398e774c9eaa5ed4dddf7a7681f6cfb8
https://conda.anaconda.org/conda-forge/linux-64/matplotlib-3.7.3-py38h578d9bd_0.conda#97a5ed8cd42b4276036646869bc94570
https://conda.anaconda.org/conda-forge/linux-64/tbb-2021.11.0-h00ab1b0_1.conda#4531d2927578e7e254ff3bcf6457518c
https://conda.anaconda.org/conda-forge/linux-64/mkl-2022.2.1-h84fe81f_16997.conda#a7ce56d5757f5b57e7daabe703ade5bb
https://conda.anaconda.org/conda-forge/noarch/mpmath-1.3.0-pyhd8ed1ab_0.conda#dbf6e2d89137da32fa6670f3bffc024e
https://conda.anaconda.org/conda-forge/linux-64/multiprocess-0.70.16-py38h01eb140_0.conda#aa0527b7755f9ddb78aa067dab1e6786
https://conda.anaconda.org/conda-forge/noarch/networkx-3.1-pyhd8ed1ab_0.conda#254f787d5068bc89f578bf63893ce8b4
https://conda.anaconda.org/conda-forge/noarch/opt_einsum-3.3.0-pyhc1e730c_2.conda#7a94ac68b892daa9f17ae8a52b31ed81
https://conda.anaconda.org/conda-forge/noarch/papermill-2.4.0-pyhd8ed1ab_0.conda#643948c831f14c43cc4c80f302f7146e
https://conda.anaconda.org/conda-forge/noarch/pox-0.3.4-pyhd8ed1ab_0.conda#d5502ff0ec33b87f7ab7bc373d0e42ff
https://conda.anaconda.org/conda-forge/noarch/ppft-1.7.6.8-pyhd8ed1ab_0.conda#a104e8b98901dc1bc0b916f7e18b5e39
https://conda.anaconda.org/conda-forge/noarch/pathos-0.3.2-pyhd8ed1ab_1.conda#22ed208c1b54e7c2ec6616665fba6b0f
https://conda.anaconda.org/conda-forge/noarch/wheel-0.42.0-pyhd8ed1ab_0.conda#1cdea58981c5cbc17b51973bcaddcea7
https://conda.anaconda.org/conda-forge/noarch/pip-23.3.2-pyhd8ed1ab_0.conda#8591c748f98dcc02253003533bc2e4b1
https://conda.anaconda.org/conda-forge/noarch/pooch-1.8.0-pyhd8ed1ab_0.conda#134b2b57b7865d2316a7cce1915a51ed
https://conda.anaconda.org/conda-forge/linux-64/protobuf-4.21.12-py38h8dc9893_0.conda#237767c44dee8908f533454f9f3cdaae
https://conda.anaconda.org/conda-forge/noarch/pure-sasl-0.6.2-pyhd8ed1ab_0.tar.bz2#ac695eecf21ab48093bc33fd60b4102d
https://conda.anaconda.org/conda-forge/linux-64/scipy-1.10.1-py38h59b608b_3.conda#2f2a57462fcfbc67dfdbb0de6f7484c2
https://conda.anaconda.org/conda-forge/noarch/threadpoolctl-3.2.0-pyha21a80b_0.conda#978d03388b62173b8e6f79162cf52b86
https://conda.anaconda.org/conda-forge/linux-64/scikit-learn-1.3.2-py38ha25d942_2.conda#1f09a56de42f4661aa45922f88f8beb8
https://conda.anaconda.org/conda-forge/linux-64/py-xgboost-1.7.6-cpu_py38h995e691_6.conda#861ae7579d11c024d0f2413328499482
https://conda.anaconda.org/conda-forge/linux-64/py-xgboost-cpu-1.7.6-py38h995e691_6.conda#48a299689f5d68cfb29976508c43ff65
https://conda.anaconda.org/conda-forge/linux-64/sqlalchemy-2.0.24-py38h01eb140_0.conda#647d305a8bc6c17f67bced8300590345
https://conda.anaconda.org/conda-forge/linux-64/thrift-0.19.0-py38h17151c0_1.conda#5131b945346b20126836c05ff7a685a4
https://conda.anaconda.org/conda-forge/noarch/thrift_sasl-0.4.3-pyhd8ed1ab_2.tar.bz2#0340a97c4990a5bb5ecf1a27fef9f9c3
https://conda.anaconda.org/conda-forge/noarch/pyhive-0.7.0-pyhd8ed1ab_0.conda#a39884e69ebf0c6454a1f8bac6f8361b
https://conda.anaconda.org/conda-forge/linux-64/pyspnego-0.9.1-py38h01eb140_2.conda#df9e8101724fe0cba9e02b9cf814689b
https://conda.anaconda.org/conda-forge/noarch/python-flatbuffers-23.5.26-pyhd8ed1ab_0.conda#131dd3656f3b731ab852fc66d3c41058
https://conda.anaconda.org/conda-forge/linux-64/python-gssapi-1.8.3-py38he1344cf_0.conda#50946330332b148f06729381162c94d3
https://conda.anaconda.org/conda-forge/linux-64/sleef-3.5.1-h9b69904_2.tar.bz2#6e016cf4c525d04a7bd038cee53ad3fd
https://conda.anaconda.org/conda-forge/noarch/sympy-1.12-pypyh9d50eac_103.conda#2f7d6347d7acf6edf1ac7f2189f44c8f
https://conda.anaconda.org/conda-forge/linux-64/pytorch-2.0.0-cpu_mkl_py38h85d2d9a_101.conda#4d46dd8b9ca9828f70ae38a05db3ac6b
https://conda.anaconda.org/conda-forge/noarch/requests-kerberos-0.14.0-pyhd8ed1ab_1.conda#81e8dbf95810b81042957091aaaef9f6
https://conda.anaconda.org/conda-forge/noarch/sagemaker-headless-execution-driver-0.0.12-pyhd8ed1ab_0.conda#fe8919032eb413e76a7802f013a536ee
https://conda.anaconda.org/conda-forge/noarch/sagemaker-kernel-wrapper-0.0.2-pyhd8ed1ab_0.conda#99480997ca2429b75169c896cc988cdb
https://conda.anaconda.org/conda-forge/noarch/schema-0.7.5-pyhd8ed1ab_1.conda#750d2ce4311d1502b51ad814407f043d
https://conda.anaconda.org/conda-forge/noarch/smdebug-rulesconfig-1.0.1-pyhd3deb0d_1.tar.bz2#be253a7939a3e7cf95a043a983cab563
https://conda.anaconda.org/conda-forge/noarch/tblib-2.0.0-pyhd8ed1ab_0.conda#f5580336fe091d46f9a2ea97da044550
https://conda.anaconda.org/conda-forge/noarch/sagemaker-python-sdk-2.206.0-pyhd8ed1ab_0.conda#48ff82330b2533dbfeb890babdc803ce
https://conda.anaconda.org/conda-forge/noarch/sagemaker-studio-sparkmagic-lib-0.1.4-pyhd8ed1ab_0.conda#285ce30db20d88190f1f7fb654f259ec
https://conda.anaconda.org/conda-forge/noarch/sparkmagic-0.21.0-pyhd8ed1ab_0.conda#fe489239f573c2ea018925ddea6d3190
https://conda.anaconda.org/conda-forge/noarch/sagemaker-studio-analytics-extension-0.0.21-pyhd8ed1ab_0.conda#fa0e9b0ca6c3e96d350711b6dbddaeb6
https://conda.anaconda.org/conda-forge/linux-64/sasl-0.3.1-py38hfa26641_2.tar.bz2#92962fba3364c293c18c5cfb7f3dbf5c
https://conda.anaconda.org/conda-forge/linux-64/snappy-1.1.10-h9fff704_0.conda#e6d228cd0bb74a51dd18f5bfce0b4115
https://conda.anaconda.org/conda-forge/linux-64/tensorboard-data-server-0.7.0-py38hcdda232_1.conda#1558855847dedfd98224984923ec6235
https://conda.anaconda.org/conda-forge/noarch/werkzeug-3.0.1-pyhd8ed1ab_0.conda#af8d825d93dbe6331ee6d61c69869ca0
https://conda.anaconda.org/conda-forge/noarch/tensorboard-2.13.0-pyhd8ed1ab_0.conda#321151b2405f11ec6681a9a6f30822b4
https://conda.anaconda.org/conda-forge/noarch/termcolor-2.4.0-pyhd8ed1ab_0.conda#a5033708ad9283907c3b1bc1f90d0d0d
https://conda.anaconda.org/conda-forge/linux-64/wrapt-1.16.0-py38h01eb140_0.conda#d0dafe661cdf1604866a77160566a879
https://conda.anaconda.org/conda-forge/linux-64/tensorflow-base-2.13.1-cpu_py38h4ac73a0_1.conda#eac4460c22dd580499d0a753fb546537
https://conda.anaconda.org/conda-forge/linux-64/tensorflow-estimator-2.13.1-cpu_py38h27d0da5_1.conda#13d9700c2bb6c6140b08c4942e5b48fa
https://conda.anaconda.org/conda-forge/linux-64/tensorflow-2.13.1-cpu_py38h66f0ec1_1.conda#99ad5798d5f2800e8aa6c54eb863f768
https://conda.anaconda.org/conda-forge/linux-64/torchvision-0.15.2-cpu_py38h901811f_4.conda#21bebc56de25cbdd6bdac2ca8e273130
