# This file may be used to create an environment using:
# $ conda create --name <env> --file <this file>
# platform: linux-64
@EXPLICIT
https://conda.anaconda.org/conda-forge/linux-64/_libgcc_mutex-0.1-conda_forge.tar.bz2#d7c89558ba9fa0495403155b64376d81
https://conda.anaconda.org/conda-forge/linux-64/libgcc-ng-13.2.0-h807b86a_1.conda#ff8999574b465089ba0aa25a5e865bd0
https://conda.anaconda.org/conda-forge/linux-64/libzlib-1.2.13-hd590300_5.conda#f36c115f1ee199da648e0597ec2047ad
https://conda.anaconda.org/conda-forge/linux-64/libstdcxx-ng-13.2.0-h7e041cc_1.conda#acfb4817400db5804030a3a7ef7909a1
https://conda.anaconda.org/conda-forge/linux-64/zstd-1.5.5-hfc55251_0.conda#04b88013080254850d6c01ed54810589
https://conda.anaconda.org/conda-forge/linux-64/llvm-openmp-16.0.6-h4dfa4b3_0.conda#b096c85c415519259e731d8fb719a3ef
https://conda.anaconda.org/conda-forge/linux-64/_openmp_mutex-4.5-2_kmp_llvm.tar.bz2#562b26ba2e19059551a811e72ab7f793
https://conda.anaconda.org/conda-forge/linux-64/_py-xgboost-mutex-2.0-cpu_0.tar.bz2#23b8f98a355030331f40d0245492f715
https://conda.anaconda.org/conda-forge/linux-64/bzip2-1.0.8-h7f98852_4.tar.bz2#a1fd65c7ccbf10880423d82bca54eb54
https://conda.anaconda.org/conda-forge/linux-64/ld_impl_linux-64-2.40-h41732ed_0.conda#7aca3059a1729aa76c597603f10b0dd3
https://conda.anaconda.org/conda-forge/linux-64/libffi-3.4.2-h7f98852_5.tar.bz2#d645c6d2ac96843a2bfaccd2d62b3ac3
https://conda.anaconda.org/conda-forge/linux-64/libnsl-2.0.0-h7f98852_0.tar.bz2#39b1328babf85c7c3a61636d9cd50206
https://conda.anaconda.org/conda-forge/linux-64/libsqlite-3.43.0-h2797004_0.conda#903fa782a9067d5934210df6d79220f6
https://conda.anaconda.org/conda-forge/linux-64/libuuid-2.38.1-h0b41bf4_0.conda#40b61aab5c7ba9ff276c41cfffe6b80b
https://conda.anaconda.org/conda-forge/linux-64/ncurses-6.4-hcb278e6_0.conda#681105bccc2a3f7f1a837d47d39c9179
https://conda.anaconda.org/conda-forge/linux-64/ca-certificates-2023.7.22-hbcca054_0.conda#a73ecd2988327ad4c8f2c331482917f2
https://conda.anaconda.org/conda-forge/linux-64/openssl-3.1.2-hd590300_0.conda#e5ac5227582d6c83ccf247288c0eb095
https://conda.anaconda.org/conda-forge/linux-64/readline-8.2-h8228510_1.conda#47d31b792659ce70f470b5c82fdfb7a4
https://conda.anaconda.org/conda-forge/linux-64/tk-8.6.12-h27826a3_0.tar.bz2#5b8c42eb62e9fc961af70bdd6a26e168
https://conda.anaconda.org/conda-forge/linux-64/xz-5.2.6-h166bdaf_0.tar.bz2#2161070d867d1b1204ea749c8eec4ef0
https://conda.anaconda.org/conda-forge/linux-64/python-3.8.17-he550d4f_0_cpython.conda#72d038de0a228e4f0ef4011940641293
https://conda.anaconda.org/conda-forge/noarch/absl-py-1.4.0-pyhd8ed1ab_0.conda#dd5eed01874c75bebef810a2faec673e
https://conda.anaconda.org/conda-forge/linux-64/libgfortran5-13.2.0-ha4646dd_1.conda#a0d27fd5c6f05aa45e9602b1db49581c
https://conda.anaconda.org/conda-forge/linux-64/libgfortran-ng-13.2.0-h69a702a_1.conda#394218a92951499aed2ab1bafb30b570
https://conda.anaconda.org/conda-forge/linux-64/libopenblas-0.3.24-pthreads_h413a1c8_0.conda#6e4ef6ca28655124dcde9bd500e44c32
https://conda.anaconda.org/conda-forge/linux-64/libblas-3.9.0-18_linux64_openblas.conda#bcddbb497582ece559465b9cd11042e7
https://conda.anaconda.org/conda-forge/linux-64/libcblas-3.9.0-18_linux64_openblas.conda#93dd9ab275ad888ed8113953769af78c
https://conda.anaconda.org/conda-forge/linux-64/liblapack-3.9.0-18_linux64_openblas.conda#a1244707531e5b143c420c70573c8ec5
https://conda.anaconda.org/conda-forge/linux-64/python_abi-3.8-3_cp38.conda#2f3f7af062b42d664117662612022204
https://conda.anaconda.org/conda-forge/linux-64/numpy-1.24.4-py38h59b608b_0.conda#8c3e050afeeb2b32575bdb8955cc67b2
https://conda.anaconda.org/conda-forge/noarch/packaging-23.1-pyhd8ed1ab_0.conda#91cda59e66e1e4afe9476f8ef98f5c30
https://conda.anaconda.org/conda-forge/linux-64/psutil-5.9.5-py38h1de0b5d_0.conda#92e899e7b0ed27c793014d1fa54f9b7b
https://conda.anaconda.org/conda-forge/noarch/filelock-3.12.4-pyhd8ed1ab_0.conda#5173d4b8267a0699a43d73231e0b6596
https://conda.anaconda.org/conda-forge/linux-64/markupsafe-2.1.3-py38h01eb140_0.conda#17d2a5314adf0f25220eeebb312d00a4
https://conda.anaconda.org/conda-forge/noarch/jinja2-3.1.2-pyhd8ed1ab_1.tar.bz2#c8490ed5c70966d232fdd389d0dbed37
https://conda.anaconda.org/conda-forge/linux-64/libprotobuf-3.21.12-hfc55251_2.conda#e3a7d4ba09b8dc939b98fef55f539220
https://conda.anaconda.org/conda-forge/linux-64/libuv-1.46.0-hd590300_0.conda#d23c76f7e6dcd6243d1b6ef5e62d17d2
https://conda.anaconda.org/conda-forge/linux-64/icu-72.1-hcb278e6_0.conda#7c8d20d847bb45f56bd941578fcfa146
https://conda.anaconda.org/conda-forge/linux-64/libiconv-1.17-h166bdaf_0.tar.bz2#b62b52da46c39ee2bc3c162ac7f1804d
https://conda.anaconda.org/conda-forge/linux-64/libxml2-2.11.5-h0d562d8_0.conda#558ab736404275d7df61c473c1af35aa
https://conda.anaconda.org/conda-forge/linux-64/libhwloc-2.9.2-default_h554bfaf_1009.conda#9369f407667517fe52b0e8ed6965ffeb
https://conda.anaconda.org/conda-forge/linux-64/tbb-2021.10.0-h00ab1b0_0.conda#9c82b1b389e46b64ec685ec487043e70
https://conda.anaconda.org/conda-forge/linux-64/mkl-2022.2.1-h84fe81f_16997.conda#a7ce56d5757f5b57e7daabe703ade5bb
https://conda.anaconda.org/conda-forge/noarch/networkx-3.1-pyhd8ed1ab_0.conda#254f787d5068bc89f578bf63893ce8b4
https://conda.anaconda.org/conda-forge/linux-64/sleef-3.5.1-h9b69904_2.tar.bz2#6e016cf4c525d04a7bd038cee53ad3fd
https://conda.anaconda.org/conda-forge/linux-64/gmp-6.2.1-h58526e2_0.tar.bz2#b94cf2db16066b242ebd26db2facbd56
https://conda.anaconda.org/conda-forge/linux-64/mpfr-4.2.0-hb012696_0.conda#14d87bdff2cbd3b1179a29fb316ed743
https://conda.anaconda.org/conda-forge/linux-64/mpc-1.3.1-hfe3b2da_0.conda#289c71e83dc0daa7d4c81f04180778ca
https://conda.anaconda.org/conda-forge/linux-64/gmpy2-2.1.2-py38h793c122_1.tar.bz2#4ad98fcde00ec3ca024569311ea0048b
https://conda.anaconda.org/conda-forge/noarch/mpmath-1.3.0-pyhd8ed1ab_0.conda#dbf6e2d89137da32fa6670f3bffc024e
https://conda.anaconda.org/conda-forge/noarch/sympy-1.12-pypyh9d50eac_103.conda#2f7d6347d7acf6edf1ac7f2189f44c8f
https://conda.anaconda.org/conda-forge/noarch/typing_extensions-4.5.0-pyha770c72_0.conda#43e7d9e50261fb11deb76e17d8431aac
https://conda.anaconda.org/conda-forge/linux-64/pytorch-2.0.0-cpu_mkl_py38h85d2d9a_101.conda#4d46dd8b9ca9828f70ae38a05db3ac6b
https://conda.anaconda.org/conda-forge/linux-64/yaml-0.2.5-h7f98852_2.tar.bz2#4cb3ad778ec2d5a7acbdf254eb1c42ae
https://conda.anaconda.org/conda-forge/linux-64/pyyaml-6.0.1-py38h01eb140_0.conda#ece207648b63c36c16a2caa201509e51
https://conda.anaconda.org/conda-forge/noarch/accelerate-0.21.0-pyhd8ed1ab_0.conda#172fa1bba08cd6b431a1739090ab0ffc
https://conda.anaconda.org/conda-forge/noarch/aiofiles-22.1.0-pyhd8ed1ab_0.tar.bz2#a88c206fdb78e34adb1c4081f5f838dd
https://conda.anaconda.org/conda-forge/linux-64/frozenlist-1.4.0-py38h01eb140_0.conda#5fd9341891079dbdc39dc5b26fdc7cd2
https://conda.anaconda.org/conda-forge/noarch/aiosignal-1.3.1-pyhd8ed1ab_0.tar.bz2#d1e1eb7e21a9e2c74279d87dafb68156
https://conda.anaconda.org/conda-forge/noarch/typing-extensions-4.5.0-hd8ed1ab_0.conda#b3c594fde1a80a1fc3eb9cc4a5dfe392
https://conda.anaconda.org/conda-forge/noarch/async-timeout-4.0.3-pyhd8ed1ab_0.conda#3ce482ec3066e6d809dbbb1d1679f215
https://conda.anaconda.org/conda-forge/noarch/attrs-23.1.0-pyh71513ae_1.conda#3edfead7cedd1ab4400a6c588f3e75f8
https://conda.anaconda.org/conda-forge/noarch/charset-normalizer-3.2.0-pyhd8ed1ab_0.conda#313516e9a4b08b12dfb1e1cd390a96e3
https://conda.anaconda.org/conda-forge/linux-64/multidict-6.0.4-py38h1de0b5d_0.conda#3b6e650480e6b628b2922dd3acd75fd6
https://conda.anaconda.org/conda-forge/noarch/idna-3.4-pyhd8ed1ab_0.tar.bz2#34272b248891bddccc64479f9a7fffed
https://conda.anaconda.org/conda-forge/linux-64/yarl-1.9.2-py38h01eb140_0.conda#4147a6e75b992118b209325faa23e413
https://conda.anaconda.org/conda-forge/linux-64/aiohttp-3.8.5-py38h01eb140_0.conda#0cf51d6f095731abbc2a2f6585c9a031
https://conda.anaconda.org/conda-forge/noarch/aiosqlite-0.19.0-pyhd8ed1ab_0.conda#c60a47f9f29057417165a8af579396a8
https://conda.anaconda.org/conda-forge/linux-64/alsa-lib-1.2.9-hd590300_0.conda#a0c6f0e7e1a467f5678f94dea18c8aa7
https://conda.anaconda.org/conda-forge/noarch/antlr-python-runtime-4.9.3-pyhd8ed1ab_1.tar.bz2#c88eaec8de9ae1fa161205aa18e7a5b1
https://conda.anaconda.org/conda-forge/noarch/exceptiongroup-1.1.3-pyhd8ed1ab_0.conda#e6518222753f519e911e83136d2158d9
https://conda.anaconda.org/conda-forge/noarch/sniffio-1.3.0-pyhd8ed1ab_0.tar.bz2#dd6cbc539e74cb1f430efbd4575b9303
https://conda.anaconda.org/conda-forge/noarch/anyio-4.0.0-pyhd8ed1ab_0.conda#3c4e99d3ae4ec033d4dd99fb5220e540
https://conda.anaconda.org/conda-forge/linux-64/aom-3.5.0-h27087fc_0.tar.bz2#a08150fd2298460cd1fcccf626305642
https://conda.anaconda.org/conda-forge/noarch/pycparser-2.21-pyhd8ed1ab_0.tar.bz2#076becd9e05608f8dc72757d5f3a91ff
https://conda.anaconda.org/conda-forge/linux-64/cffi-1.15.1-py38h4a40e3a_3.conda#3ac112151c6b6cfe457e976de41af0c5
https://conda.anaconda.org/conda-forge/linux-64/argon2-cffi-bindings-21.2.0-py38h0a891b7_3.tar.bz2#efcaa056d265a3138d2038a4b6b68791
https://conda.anaconda.org/conda-forge/noarch/argon2-cffi-23.1.0-pyhd8ed1ab_0.conda#3afef1f55a1366b4d3b6a0d92e2235e4
https://conda.anaconda.org/conda-forge/noarch/six-1.16.0-pyh6c4a22f_0.tar.bz2#e5f25f8dbc060e9a8d912e432202afc2
https://conda.anaconda.org/conda-forge/noarch/python-dateutil-2.8.2-pyhd8ed1ab_0.tar.bz2#dd999d1cc9f79e67dbb855c8924c7984
https://conda.anaconda.org/conda-forge/noarch/arrow-1.2.3-pyhd8ed1ab_0.tar.bz2#fd1967c76eda3a3dd9e8e6cb7a15a028
https://conda.anaconda.org/conda-forge/noarch/asttokens-2.4.0-pyhd8ed1ab_0.conda#056f04e51dd63337e8d7c425c18c86f1
https://conda.anaconda.org/conda-forge/noarch/astunparse-1.6.3-pyhd8ed1ab_0.tar.bz2#000b6f68a0bfaba800ced7500c11780f
https://conda.anaconda.org/conda-forge/linux-64/gettext-0.21.1-h27087fc_0.tar.bz2#14947d8770185e5153fdd04d4673ed37
https://conda.anaconda.org/conda-forge/linux-64/pcre2-10.40-hc3806b6_0.tar.bz2#69e2c796349cd9b273890bee0febfe1b
https://conda.anaconda.org/conda-forge/linux-64/libglib-2.78.0-hebfc3b9_0.conda#e618003da3547216310088478e475945
https://conda.anaconda.org/conda-forge/linux-64/atk-1.0-2.38.0-hd4edc92_1.tar.bz2#6c72ec3e660a51736913ef6ea68c454b
https://conda.anaconda.org/conda-forge/linux-64/attr-2.5.1-h166bdaf_1.tar.bz2#d9c69a24ad678ffce24c6543a0176b00
https://conda.anaconda.org/conda-forge/noarch/jmespath-1.0.1-pyhd8ed1ab_0.tar.bz2#2cfa3e1cf3fb51bb9b17acc5b5e9ea11
https://conda.anaconda.org/conda-forge/linux-64/brotlipy-0.7.0-py38h0a891b7_1005.tar.bz2#e99e08812dfff30fdd17b3f8838e2759
https://conda.anaconda.org/conda-forge/noarch/certifi-2023.7.22-pyhd8ed1ab_0.conda#7f3dbc9179b4dde7da98dfb151d0ad22
https://conda.anaconda.org/conda-forge/linux-64/cryptography-41.0.3-py38hcdda232_0.conda#f82caea6cc5f4bccef984a2b2ef6de36
https://conda.anaconda.org/conda-forge/noarch/pyopenssl-23.2.0-pyhd8ed1ab_1.conda#34f7d568bf59d18e3fef8c405cbece21
https://conda.anaconda.org/conda-forge/noarch/pysocks-1.7.1-pyha2e5f31_6.tar.bz2#2a7de29fb590ca14b5243c4c812c8025
https://conda.anaconda.org/conda-forge/noarch/urllib3-1.26.15-pyhd8ed1ab_0.conda#27db656619a55d727eaf5a6ece3d2fd6
https://conda.anaconda.org/conda-forge/noarch/botocore-1.31.49-pyhd8ed1ab_0.conda#20f57d6d9f1318ea1b13f95d2925ee67
https://conda.anaconda.org/conda-forge/noarch/s3transfer-0.6.2-pyhd8ed1ab_0.conda#f57096b122c78f7d8bd6885f52db1077
https://conda.anaconda.org/conda-forge/noarch/boto3-1.28.49-pyhd8ed1ab_0.conda#7ce069f98841cce3f35f2648218a2891
https://conda.anaconda.org/conda-forge/noarch/python-tzdata-2023.3-pyhd8ed1ab_0.conda#2590495f608a63625e165915fb4e2e34
https://conda.anaconda.org/conda-forge/noarch/pytz-2023.3.post1-pyhd8ed1ab_0.conda#c93346b446cd08c169d843ae5fc0da97
https://conda.anaconda.org/conda-forge/linux-64/pandas-2.0.3-py38h01efb38_1.conda#01a2b6144e65631e2fe24e569d0738ee
https://conda.anaconda.org/conda-forge/noarch/setuptools-68.2.2-pyhd8ed1ab_0.conda#fc2166155db840c634a1291a5c35a709
https://conda.anaconda.org/conda-forge/noarch/autogluon.common-0.8.2-pyhd8ed1ab_4.conda#e24166dee3b1430877a324715caf8f5d
https://conda.anaconda.org/conda-forge/linux-64/contourpy-1.1.1-py38h7f3f72f_0.conda#6a9b2c9b04c8f1c85e122a5f367676fd
https://conda.anaconda.org/conda-forge/noarch/cycler-0.11.0-pyhd8ed1ab_0.tar.bz2#a50559fad0affdbb33729a68669ca1cb
https://conda.anaconda.org/conda-forge/linux-64/libbrotlicommon-1.0.9-h166bdaf_9.conda#61641e239f96eae2b8492dc7e755828c
https://conda.anaconda.org/conda-forge/linux-64/libbrotlidec-1.0.9-h166bdaf_9.conda#081aa22f4581c08e4372b0b6c2f8478e
https://conda.anaconda.org/conda-forge/linux-64/libbrotlienc-1.0.9-h166bdaf_9.conda#1f0a03af852a9659ed2bf08f2f1704fd
https://conda.anaconda.org/conda-forge/linux-64/brotli-bin-1.0.9-h166bdaf_9.conda#d47dee1856d9cb955b8076eeff304a5b
https://conda.anaconda.org/conda-forge/linux-64/brotli-1.0.9-h166bdaf_9.conda#4601544b4982ba1861fa9b9c607b2c06
https://conda.anaconda.org/conda-forge/noarch/munkres-1.1.4-pyh9f0ad1d_0.tar.bz2#2ba8498c1018c1e9c61eb99b973dfe19
https://conda.anaconda.org/conda-forge/linux-64/unicodedata2-15.0.0-py38h0a891b7_0.tar.bz2#44421904760e9f5ae2035193e04360f0
https://conda.anaconda.org/conda-forge/linux-64/fonttools-4.42.1-py38h01eb140_0.conda#2badb9c3e1f9c3e51c0e69146f7be4d4
https://conda.anaconda.org/conda-forge/linux-64/libpng-1.6.39-h753d276_0.conda#e1c890aebdebbfbf87e2c917187b4416
https://conda.anaconda.org/conda-forge/linux-64/freetype-2.12.1-h267a509_2.conda#9ae35c3d96db2c94ce0cef86efdfa2cb
https://conda.anaconda.org/conda-forge/noarch/zipp-3.16.2-pyhd8ed1ab_0.conda#2da0451b54c4563c32490cb1b7cf68a1
https://conda.anaconda.org/conda-forge/noarch/importlib_resources-6.0.1-pyhd8ed1ab_0.conda#d978c61aa5fc2c69380d53ad56b5ae86
https://conda.anaconda.org/conda-forge/noarch/importlib-resources-6.0.1-pyhd8ed1ab_0.conda#54661981fd331e20847d8a49543dd9af
https://conda.anaconda.org/conda-forge/linux-64/kiwisolver-1.4.5-py38h7f3f72f_0.conda#eec56ac40315e360dd57c2de6604a325
https://conda.anaconda.org/conda-forge/linux-64/libjpeg-turbo-2.1.5.1-hd590300_1.conda#323e90742f0f48fc22bea908735f55e6
https://conda.anaconda.org/conda-forge/linux-64/lerc-4.0.0-h27087fc_0.tar.bz2#76bbff344f0134279f225174e9064c8f
https://conda.anaconda.org/conda-forge/linux-64/libdeflate-1.18-h0b41bf4_0.conda#6aa9c9de5542ecb07fdda9ca626252d8
https://conda.anaconda.org/conda-forge/linux-64/libwebp-base-1.3.1-hd590300_0.conda#82bf6f63eb15ef719b556b63feec3a77
https://conda.anaconda.org/conda-forge/linux-64/libtiff-4.5.1-h8b53f26_1.conda#5b09e13d732dda1a2bc9adc711164f4d
https://conda.anaconda.org/conda-forge/linux-64/lcms2-2.15-haa2dc70_1.conda#980d8aca0bc23ca73fa8caa3e7c84c28
https://conda.anaconda.org/conda-forge/linux-64/pthread-stubs-0.4-h36c2ea0_1001.tar.bz2#22dad4df6e8630e8dff2428f6f6a7036
https://conda.anaconda.org/conda-forge/linux-64/xorg-libxau-1.0.11-hd590300_0.conda#2c80dc38fface310c9bd81b17037fee5
https://conda.anaconda.org/conda-forge/linux-64/xorg-libxdmcp-1.1.3-h7f98852_0.tar.bz2#be93aabceefa2fac576e971aef407908
https://conda.anaconda.org/conda-forge/linux-64/libxcb-1.15-h0b41bf4_0.conda#33277193f5b92bad9fdd230eb700929c
https://conda.anaconda.org/conda-forge/linux-64/openjpeg-2.5.0-hfec8fc6_2.conda#5ce6a42505c6e9e6151c54c3ec8d68ea
https://conda.anaconda.org/conda-forge/linux-64/pillow-9.5.0-py38h885162f_1.conda#0eec8a20a17f17ec9e0b6839be466866
https://conda.anaconda.org/conda-forge/noarch/pyparsing-3.0.9-pyhd8ed1ab_0.tar.bz2#e8fbc1b54b25f4b08281467bc13b70cc
https://conda.anaconda.org/conda-forge/linux-64/matplotlib-base-3.7.2-py38hf5b0b65_0.conda#e98a10bb5dd27b540d07a4d37214b85c
https://conda.anaconda.org/conda-forge/linux-64/pydantic-1.10.12-py38h01eb140_1.conda#58574d58e02f0bcdb0162cab0e058522
https://conda.anaconda.org/conda-forge/noarch/requests-2.31.0-pyhd8ed1ab_0.conda#a30144e4156cdbb236f99ebb49828f8b
https://conda.anaconda.org/conda-forge/noarch/joblib-1.3.2-pyhd8ed1ab_0.conda#4da50d410f553db77e62ab62ffaa1abc
https://conda.anaconda.org/conda-forge/noarch/platformdirs-3.5.1-pyhd8ed1ab_0.conda#e2be672aece1f060adf7154f76531a35
https://conda.anaconda.org/conda-forge/noarch/pooch-1.7.0-pyha770c72_3.conda#5936894aade8240c867d292aa0d980c6
https://conda.anaconda.org/conda-forge/linux-64/scipy-1.10.1-py38h59b608b_3.conda#2f2a57462fcfbc67dfdbb0de6f7484c2
https://conda.anaconda.org/conda-forge/noarch/threadpoolctl-3.2.0-pyha21a80b_0.conda#978d03388b62173b8e6f79162cf52b86
https://conda.anaconda.org/conda-forge/linux-64/scikit-learn-1.3.0-py38hc099248_0.conda#86ad5b7a416db3666c61c1a427659e54
https://conda.anaconda.org/conda-forge/noarch/colorama-0.4.6-pyhd8ed1ab_0.tar.bz2#3faab06a954c2a04039983f2c4a50d99
https://conda.anaconda.org/conda-forge/noarch/tqdm-4.66.1-pyhd8ed1ab_0.conda#03c97908b976498dcae97eb4e4f3149c
https://conda.anaconda.org/conda-forge/linux-64/autogluon.core-0.8.2-light_py38h3eefa82_6.conda#439ab8c51370a28a7f30b877884683d3
https://conda.anaconda.org/conda-forge/noarch/autogluon.features-0.8.2-pyhd8ed1ab_3.conda#c827eccfb0ddb1484d0e00f45242b8f8
https://conda.anaconda.org/conda-forge/noarch/defusedxml-0.7.1-pyhd8ed1ab_0.tar.bz2#961b3a227b437d82ad7054484cfa71b2
https://conda.anaconda.org/conda-forge/linux-64/chardet-5.2.0-py38h578d9bd_0.conda#edad8a2d13a1b64dae17faa0d3279ee7
https://conda.anaconda.org/conda-forge/noarch/binaryornot-0.4.4-py_1.tar.bz2#a556fa60840fcb9dd739d186bfd252f7
https://conda.anaconda.org/conda-forge/noarch/click-8.1.7-unix_pyh707e725_0.conda#f3ad426304898027fc619827ff428eca
https://conda.anaconda.org/conda-forge/noarch/text-unidecode-1.3-pyhd8ed1ab_1.conda#ba8aba332d8868897ce44ad74015a7fe
https://conda.anaconda.org/conda-forge/noarch/python-slugify-8.0.1-pyhd8ed1ab_2.conda#519897ff446e0dc056e12402e6785cd5
https://conda.anaconda.org/conda-forge/noarch/mdurl-0.1.0-pyhd8ed1ab_0.tar.bz2#f8dab71fdc13b1bf29a01248b156d268
https://conda.anaconda.org/conda-forge/noarch/markdown-it-py-3.0.0-pyhd8ed1ab_0.conda#93a8e71256479c62074356ef6ebf501b
https://conda.anaconda.org/conda-forge/noarch/pygments-2.16.1-pyhd8ed1ab_0.conda#40e5cb18165466773619e5c963f00a7b
https://conda.anaconda.org/conda-forge/noarch/rich-13.5.3-pyhd8ed1ab_0.conda#a83bf2810a4e756b220f61cb8f90a736
https://conda.anaconda.org/conda-forge/noarch/cookiecutter-2.3.0-pyh1a96a4e_0.conda#82093858221896fb723e97301eed0057
https://conda.anaconda.org/conda-forge/noarch/dill-0.3.7-pyhd8ed1ab_0.conda#5e4f3466526c52bc9af2d2353a1460bd
https://conda.anaconda.org/conda-forge/noarch/fsspec-2023.6.0-pyh1a96a4e_0.conda#50ea2067ec92dfcc38b4f07992d7e235
https://conda.anaconda.org/conda-forge/noarch/huggingface_hub-0.17.1-pyhd8ed1ab_0.conda#1a5ec934ce8db807b6d383997549739e
https://conda.anaconda.org/conda-forge/noarch/importlib-metadata-6.8.0-pyha770c72_0.conda#4e9f59a060c3be52bc4ddc46ee9b6946
https://conda.anaconda.org/conda-forge/linux-64/multiprocess-0.70.15-py38h01eb140_0.conda#f98e27346e861cb8d89e61949b691f50
https://conda.anaconda.org/conda-forge/linux-64/aws-c-common-0.9.0-hd590300_0.conda#71b89db63b5b504e7afc8ad901172e1e
https://conda.anaconda.org/conda-forge/linux-64/aws-c-cal-0.6.1-hc309b26_1.conda#cc09293a2c2b7fd77aff284f370c12c0
https://conda.anaconda.org/conda-forge/linux-64/aws-c-compression-0.2.17-h4d4d85c_2.conda#9ca99452635fe03eb5fa937f5ae604b0
https://conda.anaconda.org/conda-forge/linux-64/s2n-1.3.49-h06160fa_0.conda#1d78349eb26366ecc034a4afe70a8534
https://conda.anaconda.org/conda-forge/linux-64/aws-c-io-0.13.32-he9a53bd_1.conda#8a24e5820f4a0ffd2ed9c4722cd5d7ca
https://conda.anaconda.org/conda-forge/linux-64/aws-c-http-0.7.11-h00aa349_4.conda#cb932dff7328ff620ce8059c9968b095
https://conda.anaconda.org/conda-forge/linux-64/aws-c-sdkutils-0.1.12-h4d4d85c_1.conda#eba092fc6de212a01de0065f38fe8bbb
https://conda.anaconda.org/conda-forge/linux-64/aws-c-auth-0.7.3-h28f7589_1.conda#97503d3e565004697f1651753aa95b9e
https://conda.anaconda.org/conda-forge/linux-64/aws-checksums-0.1.17-h4d4d85c_1.conda#30f9df85ce23cd14faa9a4dfa50cca2b
https://conda.anaconda.org/conda-forge/linux-64/aws-c-event-stream-0.3.1-h2e3709c_4.conda#2cf21b1cbc1c096a28ffa2892257a2c1
https://conda.anaconda.org/conda-forge/linux-64/aws-c-mqtt-0.9.3-hb447be9_1.conda#c520669eb0be9269a5f0d8ef62531882
https://conda.anaconda.org/conda-forge/linux-64/aws-c-s3-0.3.14-hf3aad02_1.conda#a968ffa7e9fe0c257628033d393e512f
https://conda.anaconda.org/conda-forge/linux-64/aws-crt-cpp-0.21.0-hb942446_5.conda#07d92ed5403ad7b5c66ffd7d5b8f7e57
https://conda.anaconda.org/conda-forge/linux-64/keyutils-1.6.1-h166bdaf_0.tar.bz2#30186d27e2c9fa62b45fb1476b7200e3
https://conda.anaconda.org/conda-forge/linux-64/libedit-3.1.20191231-he28a2e2_2.tar.bz2#4d331e44109e3f0e19b4cb8f9b82f3e1
https://conda.anaconda.org/conda-forge/linux-64/krb5-1.21.2-h659d440_0.conda#cd95826dbd331ed1be26bdf401432844
https://conda.anaconda.org/conda-forge/linux-64/c-ares-1.19.1-hd590300_0.conda#e8c18d865be43e2fb3f7a145b6adf1f5
https://conda.anaconda.org/conda-forge/linux-64/libev-4.33-h516909a_1.tar.bz2#6f8720dff19e17ce5d48cfe7f3d2f0a3
https://conda.anaconda.org/conda-forge/linux-64/libnghttp2-1.52.0-h61bc06f_0.conda#613955a50485812985c059e7b269f42e
https://conda.anaconda.org/conda-forge/linux-64/libssh2-1.11.0-h0841786_0.conda#1f5a58e686b13bcfde88b93f547d23fe
https://conda.anaconda.org/conda-forge/linux-64/libcurl-8.3.0-hca28451_0.conda#4ab41bee09a2d2e08de5f09d6f1eef62
https://conda.anaconda.org/conda-forge/linux-64/aws-sdk-cpp-1.10.57-h85b1a90_19.conda#0605d3d60857fc07bd6a11e878fe0f08
https://conda.anaconda.org/conda-forge/linux-64/gflags-2.2.2-he1b5a44_1004.tar.bz2#cddaf2c63ea4a5901cf09524c490ecdc
https://conda.anaconda.org/conda-forge/linux-64/glog-0.6.0-h6f12383_0.tar.bz2#b31f3565cb84435407594e548a2fb7b2
https://conda.anaconda.org/conda-forge/linux-64/libabseil-20230125.3-cxx17_h59595ed_0.conda#d1db1b8be7c3a8983dcbbbfe4f0765de
https://conda.anaconda.org/conda-forge/linux-64/libcrc32c-1.1.2-h9c3ff4c_0.tar.bz2#c965a5aa0d5c1c37ffc62dff36e28400
https://conda.anaconda.org/conda-forge/linux-64/re2-2023.03.02-h8c504da_0.conda#206f8fa808748f6e90599c3368a1114e
https://conda.anaconda.org/conda-forge/linux-64/zlib-1.2.13-hd590300_5.conda#68c34ec6149623be41a1933ab996a209
https://conda.anaconda.org/conda-forge/linux-64/libgrpc-1.54.3-hb20ce57_0.conda#7af7c59ab24db007dfd82e0a3a343f66
https://conda.anaconda.org/conda-forge/linux-64/libgoogle-cloud-2.12.0-hac9eb74_1.conda#0dee716254497604762957076ac76540
https://conda.anaconda.org/conda-forge/linux-64/libevent-2.1.12-hf998b51_1.conda#a1cfcc585f0c42bf8d5546bb1dfb668d
https://conda.anaconda.org/conda-forge/linux-64/libthrift-0.18.1-h8fd135c_2.conda#bbf65f7688512872f063810623b755dc
https://conda.anaconda.org/conda-forge/linux-64/libutf8proc-2.8.0-h166bdaf_0.tar.bz2#ede4266dc02e875fe1ea77b25dd43747
https://conda.anaconda.org/conda-forge/linux-64/lz4-c-1.9.4-hcb278e6_0.conda#318b08df404f9c9be5712aaa5a6f0bb0
https://conda.anaconda.org/conda-forge/linux-64/snappy-1.1.10-h9fff704_0.conda#e6d228cd0bb74a51dd18f5bfce0b4115
https://conda.anaconda.org/conda-forge/linux-64/orc-1.9.0-h2f23424_1.conda#9571eb3eb0f7fe8b59956a7786babbcd
https://conda.anaconda.org/conda-forge/linux-64/libnuma-2.0.16-h0b41bf4_1.conda#28bfe2cb11357ccc5be21101a6b7ce86
https://conda.anaconda.org/conda-forge/linux-64/rdma-core-28.9-h59595ed_1.conda#aeffb7c06b5f65e55e6c637408dc4100
https://conda.anaconda.org/conda-forge/linux-64/ucx-1.14.1-h64cca9d_4.conda#bbbd3de252bf44be87dc83dbf8a5b653
https://conda.anaconda.org/conda-forge/linux-64/libarrow-12.0.1-hb87d912_8_cpu.conda#3f3b11398fe79b578e3c44dd00a44e4a
https://conda.anaconda.org/conda-forge/linux-64/pyarrow-12.0.1-py38h39356d1_8_cpu.conda#c7d3747fdb125d2bc8d9da147f180ebc
https://conda.anaconda.org/conda-forge/linux-64/xxhash-0.8.2-hd590300_0.conda#f08fb5c89edfc4aadee1c81d4cfb1fa1
https://conda.anaconda.org/conda-forge/linux-64/python-xxhash-3.3.0-py38h01eb140_0.conda#508830394d007a3665496ace64dc6fe2
https://conda.anaconda.org/conda-forge/noarch/datasets-2.14.5-pyhd8ed1ab_0.conda#3bec9fb1eeef5a6e316011f2a3543ffd
https://conda.anaconda.org/conda-forge/noarch/responses-0.18.0-pyhd8ed1ab_0.tar.bz2#a10d30e613a2a1a78a89ceadf3832e7c
https://conda.anaconda.org/conda-forge/noarch/evaluate-0.4.0-pyhd8ed1ab_0.conda#0f3e671cc82e8147d2c51dc549767edd
https://conda.anaconda.org/conda-forge/noarch/pkgutil-resolve-name-1.3.10-pyhd8ed1ab_1.conda#405678b942f2481cecdb3e010f4925d9
https://conda.anaconda.org/conda-forge/linux-64/pyrsistent-0.19.3-py38h1de0b5d_0.conda#a33157288d499397a2a56da4d724948d
https://conda.anaconda.org/conda-forge/noarch/jsonschema-4.17.3-pyhd8ed1ab_0.conda#723268a468177cd44568eb8f794e0d80
https://conda.anaconda.org/conda-forge/noarch/soupsieve-2.5-pyhd8ed1ab_1.conda#3f144b2c34f8cb5a9abd9ed23a39c561
https://conda.anaconda.org/conda-forge/noarch/beautifulsoup4-4.12.2-pyha770c72_0.conda#a362ff7d976217f8fa78c0f1c4f59717
https://conda.anaconda.org/conda-forge/noarch/gdown-4.7.1-pyhd8ed1ab_0.conda#e5f8868a3c7d9d03602f1c33e5c846f6
https://conda.anaconda.org/conda-forge/linux-64/libsentencepiece-0.1.99-h180e1df_0.conda#056064bd3ef47439e3e78fac28449fbf
https://conda.anaconda.org/conda-forge/linux-64/sentencepiece-python-0.1.99-py38h19bc81d_0.conda#421cd0b44317e03146c9a41e54346b53
https://conda.anaconda.org/conda-forge/linux-64/sentencepiece-spm-0.1.99-h180e1df_0.conda#c67cc412366709c1c3225f19f8aed63b
https://conda.anaconda.org/conda-forge/linux-64/sentencepiece-0.1.99-h578d9bd_0.conda#c883bf9122a504d5540196b4d9c90e51
https://conda.anaconda.org/conda-forge/noarch/dataclasses-0.8-pyhc8e2a94_3.tar.bz2#a362b2124b06aad102e2ee4581acee7d
https://conda.anaconda.org/conda-forge/noarch/importlib_metadata-6.8.0-hd8ed1ab_0.conda#b279b07ce18058034e5b3606ba103a8b
https://conda.anaconda.org/conda-forge/linux-64/regex-2023.8.8-py38h01eb140_0.conda#77f9dce1b0d6275b1f955eae359114b7
https://conda.anaconda.org/conda-forge/noarch/sacremoses-0.0.53-pyhd8ed1ab_0.tar.bz2#76c3c384fe0941f1b08193736e8e277a
https://conda.anaconda.org/conda-forge/linux-64/safetensors-0.3.3-py38h0cc4f7c_0.conda#445d6c58c5aa1b04b2851c5625c2bfd2
https://conda.anaconda.org/conda-forge/linux-64/tokenizers-0.13.3-py38haefcc50_0.conda#967c59c162a8120a1b09e90be56ee935
https://conda.anaconda.org/conda-forge/noarch/transformers-4.31.0-pyhd8ed1ab_0.conda#8cccf394a00fbfef2f3d6028422ae5cc
https://conda.anaconda.org/conda-forge/noarch/nlpaug-1.1.11-pyhd8ed1ab_1.conda#4e231f0fa7db9388cf4c8539d623ac62
https://conda.anaconda.org/conda-forge/noarch/nltk-3.8.1-pyhd8ed1ab_0.conda#518c769ca4273480a99be6e559a26192
https://conda.anaconda.org/conda-forge/noarch/typish-1.9.3-pyhd8ed1ab_0.tar.bz2#81b3f3101aa2af117924d908a1b33c67
https://conda.anaconda.org/conda-forge/noarch/nptyping-2.4.1-pyhd8ed1ab_0.tar.bz2#7929b4ae7565a66f0fab4b70cfb90594
https://conda.anaconda.org/conda-forge/noarch/omegaconf-2.2.3-pyhd8ed1ab_0.conda#cebc9f0fc6eebdcc368bb30ba30f2fd5
https://conda.anaconda.org/conda-forge/noarch/markdown-3.4.4-pyhd8ed1ab_0.conda#6b8ab17bc8ff1ca89b3ea28ea3d566ca
https://conda.anaconda.org/conda-forge/noarch/ordered-set-4.1.0-pyhd8ed1ab_0.tar.bz2#9a8714decb3967b290263817e876d8a9
https://conda.anaconda.org/conda-forge/noarch/model-index-0.1.11-pyhd8ed1ab_0.conda#6aecca21351e44095ffd2901ee46337a
https://conda.anaconda.org/conda-forge/noarch/wheel-0.41.2-pyhd8ed1ab_0.conda#1ccd092478b3e0ee10d7a891adbf8a4f
https://conda.anaconda.org/conda-forge/noarch/pip-23.2.1-pyhd8ed1ab_0.conda#e2783aa3f9235225eec92f9081c5b801
https://conda.anaconda.org/conda-forge/noarch/tabulate-0.9.0-pyhd8ed1ab_1.tar.bz2#4759805cce2d914c38472f70bf4d8bcb
https://conda.anaconda.org/conda-forge/noarch/openmim-0.3.7-pyhd8ed1ab_0.conda#e081b8fa91b884435725f0caa13866ff
https://conda.anaconda.org/conda-forge/linux-64/protobuf-4.21.12-py38h8dc9893_0.conda#237767c44dee8908f533454f9f3cdaae
https://conda.anaconda.org/conda-forge/noarch/pytesseract-0.3.10-pyhd8ed1ab_0.tar.bz2#04f4becceb0c032c5dbdae6ad18bd95e
https://conda.anaconda.org/conda-forge/noarch/lightning-utilities-0.9.0-pyhd8ed1ab_0.conda#c71f7ec8b80a536e58b979299b230251
https://conda.anaconda.org/conda-forge/noarch/torchmetrics-1.0.3-pyhd8ed1ab_0.conda#4e8849ba2fa06393b7ab5a50c6a4256c
https://conda.anaconda.org/conda-forge/noarch/pytorch-lightning-2.0.9-pyhd8ed1ab_0.conda#3e96ed529412338e38af9004e22267de
https://conda.anaconda.org/conda-forge/noarch/pytorch-metric-learning-1.7.3-pyhd8ed1ab_0.conda#139aa590e345e10f4572812a329806f4
https://conda.anaconda.org/conda-forge/noarch/cloudpickle-2.2.1-pyhd8ed1ab_0.conda#b325bfc4cff7d7f8a868f1f7ecc4ed16
https://conda.anaconda.org/conda-forge/noarch/toolz-0.12.0-pyhd8ed1ab_0.tar.bz2#92facfec94bc02d6ccf42e7173831a36
https://conda.anaconda.org/conda-forge/linux-64/cytoolz-0.12.2-py38h01eb140_0.conda#e9d465b78d0b41beeb6bcceb6714520d
https://conda.anaconda.org/conda-forge/noarch/locket-1.0.0-pyhd8ed1ab_0.tar.bz2#91e27ef3d05cc772ce627e51cff111c4
https://conda.anaconda.org/conda-forge/noarch/partd-1.4.0-pyhd8ed1ab_1.conda#6ceb4e000cbe0b56b290180aea8520e8
https://conda.anaconda.org/conda-forge/noarch/dask-core-2023.5.0-pyhd8ed1ab_0.conda#03ed2d040648a5ba1063bf1cb0d87b78
https://conda.anaconda.org/conda-forge/noarch/imageio-2.31.1-pyh24c5eb1_0.conda#1051cc0376612ba101d4f59e954a1ff4
https://conda.anaconda.org/conda-forge/linux-64/pywavelets-1.4.1-py38h7e4f40d_0.conda#17f682c947f9cabd348e7276f00c6d85
https://conda.anaconda.org/conda-forge/linux-64/blosc-1.21.5-h0f2a231_0.conda#009521b7ed97cca25f8f997f9e745976
https://conda.anaconda.org/conda-forge/linux-64/brunsli-0.1-h9c3ff4c_0.tar.bz2#c1ac6229d0bfd14f8354ff9ad2a26cad
https://conda.anaconda.org/conda-forge/linux-64/zlib-ng-2.0.7-h0b41bf4_0.conda#49e8329110001f04923fe7e864990b0c
https://conda.anaconda.org/conda-forge/linux-64/c-blosc2-2.10.2-hb4ffafa_0.conda#1a88c95afde6f13403492cac91352568
https://conda.anaconda.org/conda-forge/linux-64/cfitsio-4.2.0-hd9d235c_0.conda#8c57a9adbafd87f5eff842abde599cb4
https://conda.anaconda.org/conda-forge/linux-64/charls-2.4.2-h59595ed_0.conda#4336bd67920dd504cd8c6761d6a99645
https://conda.anaconda.org/conda-forge/linux-64/giflib-5.2.1-h0b41bf4_3.conda#96f3b11872ef6fad973eac856cd2624f
https://conda.anaconda.org/conda-forge/linux-64/jxrlib-1.1-h7f98852_2.tar.bz2#8e787b08fe19986d99d034b839df2961
https://conda.anaconda.org/conda-forge/linux-64/libaec-1.0.6-hcb278e6_1.conda#0f683578378cddb223e7fd24f785ab2a
https://conda.anaconda.org/conda-forge/linux-64/dav1d-1.2.1-hd590300_0.conda#418c6ca5929a611cbd69204907a83995
https://conda.anaconda.org/conda-forge/linux-64/libavif-0.11.1-h8182462_2.conda#41c399ed4c439e37b844c24ab5621b5a
https://conda.anaconda.org/conda-forge/linux-64/libzopfli-1.0.3-h9c3ff4c_0.tar.bz2#c66fe2d123249af7651ebde8984c51c2
https://conda.anaconda.org/conda-forge/linux-64/zfp-1.0.0-h27087fc_3.tar.bz2#0428af0510c3fafedf1c66b43102a34b
https://conda.anaconda.org/conda-forge/linux-64/imagecodecs-2023.1.23-py38hd710160_2.conda#3799c2b8f9dc91dcd99399399beaee28
https://conda.anaconda.org/conda-forge/noarch/tifffile-2023.7.10-pyhd8ed1ab_0.conda#aa8d606edafa36ab1c7534ea348a06e5
https://conda.anaconda.org/conda-forge/linux-64/scikit-image-0.19.3-py38h8f669ce_2.tar.bz2#e56861d4b15e7d660b1c5fd4a311a9f8
https://conda.anaconda.org/conda-forge/noarch/seqeval-1.2.2-pyhd3deb0d_0.tar.bz2#d4436c8a8b9fb6d60fe4e7b9f097f9bb
https://conda.anaconda.org/conda-forge/noarch/cachetools-5.3.1-pyhd8ed1ab_0.conda#60b5eb16d9a7a5482ba37f67aa49db5b
https://conda.anaconda.org/conda-forge/noarch/pyasn1-0.4.8-py_0.tar.bz2#06d04c9f8f72ac77911db942eda24fb9
https://conda.anaconda.org/conda-forge/noarch/pyasn1-modules-0.2.7-py_0.tar.bz2#ad1e886d09700b2304975335f714bd9c
https://conda.anaconda.org/conda-forge/noarch/pyu2f-0.1.5-pyhd8ed1ab_0.tar.bz2#caabbeaa83928d0c3e3949261daa18eb
https://conda.anaconda.org/conda-forge/noarch/rsa-4.9-pyhd8ed1ab_0.tar.bz2#03bf410858b2cefc267316408a77c436
https://conda.anaconda.org/conda-forge/noarch/google-auth-2.23.0-pyh1a96a4e_1.conda#a54f49b4f241c744ddcce7ad15ff5657
https://conda.anaconda.org/conda-forge/noarch/blinker-1.6.2-pyhd8ed1ab_0.conda#2fb79ec81bad9492b6d59a06b3b647a4
https://conda.anaconda.org/conda-forge/noarch/pyjwt-2.8.0-pyhd8ed1ab_0.conda#912c0194f898fdb783021fd25f913c31
https://conda.anaconda.org/conda-forge/noarch/oauthlib-3.2.2-pyhd8ed1ab_0.tar.bz2#8f882b197fd9c4941a787926baea4868
https://conda.anaconda.org/conda-forge/noarch/requests-oauthlib-1.3.1-pyhd8ed1ab_0.tar.bz2#61b279f051eef9c89d58f4d813e75e04
https://conda.anaconda.org/conda-forge/noarch/google-auth-oauthlib-1.0.0-pyhd8ed1ab_1.conda#569e62e95b01b53e4ec7d9abe83b7385
https://conda.anaconda.org/conda-forge/linux-64/grpcio-1.54.3-py38h8dc9893_0.conda#a09745021e0de884c2b9f584c6c8951c
https://conda.anaconda.org/conda-forge/linux-64/tensorboard-data-server-0.7.0-py38h3d167d9_0.conda#733103dd7daaa375640fa334830f42ab
https://conda.anaconda.org/conda-forge/noarch/werkzeug-2.3.7-pyhd8ed1ab_0.conda#e41528da0d8b8bbf4acc7255192132e3
https://conda.anaconda.org/conda-forge/noarch/tensorboard-2.12.3-pyhd8ed1ab_0.conda#429d39f86cef8d0859d639804ae67aaf
https://conda.anaconda.org/conda-forge/linux-64/torchvision-0.15.2-cpu_py38h08b8839_1.conda#822d00152588a6ab1e9fe1d04436468e
https://conda.anaconda.org/conda-forge/noarch/timm-0.9.7-pyhd8ed1ab_0.conda#42ef70c53714e6d5429cfb21a3079b44
https://conda.anaconda.org/conda-forge/noarch/autogluon.multimodal-0.8.2-pyha770c72_5.conda#a8ca42e2b4ee0fd6dce729bc226dd0cc
https://conda.anaconda.org/conda-forge/noarch/tenacity-8.2.3-pyhd8ed1ab_0.conda#1482e77f87c6a702a7e05ef22c9b197b
https://conda.anaconda.org/conda-forge/noarch/plotly-5.17.0-pyhd8ed1ab_0.conda#76a0b213abcd3ffc1e8fa78804b69dc0
https://conda.anaconda.org/conda-forge/linux-64/libexpat-2.5.0-hcb278e6_1.conda#6305a3dd2752c76335295da4e581f2fd
https://conda.anaconda.org/conda-forge/linux-64/expat-2.5.0-hcb278e6_1.conda#8b9b5aca60558d02ddaa09d599e55920
https://conda.anaconda.org/conda-forge/linux-64/fontconfig-2.14.2-h14ed4e7_0.conda#0f69b688f52ff6da70bccb7ff7001d1d
https://conda.anaconda.org/conda-forge/noarch/font-ttf-dejavu-sans-mono-2.37-hab24e00_0.tar.bz2#0c96522c6bdaed4b1566d11387caaf45
https://conda.anaconda.org/conda-forge/noarch/font-ttf-inconsolata-3.000-h77eed37_0.tar.bz2#34893075a5c9e55cdafac56607368fc6
https://conda.anaconda.org/conda-forge/noarch/font-ttf-source-code-pro-2.038-h77eed37_0.tar.bz2#4d59c254e01d9cde7957100457e2d5fb
https://conda.anaconda.org/conda-forge/noarch/font-ttf-ubuntu-0.83-hab24e00_0.tar.bz2#19410c3df09dfb12d1206132a1d357c5
https://conda.anaconda.org/conda-forge/noarch/fonts-conda-forge-1-0.tar.bz2#f766549260d6815b0c52253f1fb1bb29
https://conda.anaconda.org/conda-forge/noarch/fonts-conda-ecosystem-1-0.tar.bz2#fee5683a3f04bd15cbd8318b096a27ab
https://conda.anaconda.org/conda-forge/linux-64/pixman-0.40.0-h36c2ea0_0.tar.bz2#660e72c82f2e75a6b3fe6a6e75c79f19
https://conda.anaconda.org/conda-forge/linux-64/xorg-libice-1.1.1-hd590300_0.conda#b462a33c0be1421532f28bfe8f4a7514
https://conda.anaconda.org/conda-forge/linux-64/xorg-libsm-1.2.4-h7391055_0.conda#93ee23f12bc2e684548181256edd2cf6
https://conda.anaconda.org/conda-forge/linux-64/xorg-kbproto-1.0.7-h7f98852_1002.tar.bz2#4b230e8381279d76131116660f5a241a
https://conda.anaconda.org/conda-forge/linux-64/xorg-xextproto-7.3.0-h0b41bf4_1003.conda#bce9f945da8ad2ae9b1d7165a64d0f87
https://conda.anaconda.org/conda-forge/linux-64/xorg-xproto-7.0.31-h7f98852_1007.tar.bz2#b4a4381d54784606820704f7b5f05a15
https://conda.anaconda.org/conda-forge/linux-64/xorg-libx11-1.8.6-h8ee46fc_0.conda#7590b76c3d11d21caa44f3fc38ac584a
https://conda.anaconda.org/conda-forge/linux-64/xorg-libxext-1.3.4-h0b41bf4_2.conda#82b6df12252e6f32402b96dacc656fec
https://conda.anaconda.org/conda-forge/linux-64/xorg-renderproto-0.11.1-h7f98852_1002.tar.bz2#06feff3d2634e3097ce2fe681474b534
https://conda.anaconda.org/conda-forge/linux-64/xorg-libxrender-0.9.11-hd590300_0.conda#ed67c36f215b310412b2af935bf3e530
https://conda.anaconda.org/conda-forge/linux-64/cairo-1.16.0-hbbf8b49_1016.conda#c1dd96500b9b1a75e9e511931f415cbc
https://conda.anaconda.org/conda-forge/linux-64/gdk-pixbuf-2.42.10-h6b639ba_2.conda#ee8220db21db8094998005990418fe5b
https://conda.anaconda.org/conda-forge/linux-64/fribidi-1.0.10-h36c2ea0_0.tar.bz2#ac7bc6a654f8f41b352b38f4051135f8
https://conda.anaconda.org/conda-forge/linux-64/graphite2-1.3.13-h58526e2_1001.tar.bz2#8c54672728e8ec6aa6db90cf2806d220
https://conda.anaconda.org/conda-forge/linux-64/harfbuzz-7.3.0-hdb3a94d_0.conda#765bc76c0dfaf24ff9d8a2935b2510df
https://conda.anaconda.org/conda-forge/linux-64/pango-1.50.14-heaa33ce_1.conda#cde553e0e32389e26595db4eacf859eb
https://conda.anaconda.org/conda-forge/linux-64/gtk2-2.24.33-h90689f9_2.tar.bz2#957a0255ab58aaf394a91725d73ab422
https://conda.anaconda.org/conda-forge/linux-64/gts-0.7.6-h977cf35_4.conda#4d8df0b0db060d33c9a702ada998a8fe
https://conda.anaconda.org/conda-forge/linux-64/libwebp-1.3.1-hbf2b3c1_0.conda#4963f3f12db45a576f2b8fbe9a0b8569
https://conda.anaconda.org/conda-forge/linux-64/libgd-2.3.3-hfa28ad5_6.conda#ef06bee47510a7f5db3c2297a51d6ce2
https://conda.anaconda.org/conda-forge/linux-64/librsvg-2.56.3-h98fae49_0.conda#620e754f4344f4c27259ff460a2b9c50
https://conda.anaconda.org/conda-forge/linux-64/libtool-2.4.7-h27087fc_0.conda#f204c8ba400ec475452737094fb81d52
https://conda.anaconda.org/conda-forge/linux-64/graphviz-8.1.0-h28d9a01_0.conda#33628e0e3de7afd2c8172f76439894cb
https://conda.anaconda.org/conda-forge/noarch/python-graphviz-0.20.1-pyh22cad53_0.tar.bz2#196447bc6fd769c3eb2d51de1aa866a5
https://conda.anaconda.org/conda-forge/linux-64/catboost-1.2.1-py38h578d9bd_0.conda#c463106a5d0373fc4c675613ba9a1581
https://conda.anaconda.org/conda-forge/noarch/fastcore-1.5.29-pyhd8ed1ab_0.conda#155c898255baddd6b2cb95894791eeca
https://conda.anaconda.org/conda-forge/noarch/fastprogress-1.0.3-pyhd8ed1ab_0.tar.bz2#1690639d3647fde6edf4f00c8f87c263
https://conda.anaconda.org/conda-forge/noarch/fastdownload-0.0.7-pyhd8ed1ab_0.conda#29c29999a420c2d28c3a46b3eadb9373
https://conda.anaconda.org/conda-forge/linux-64/catalogue-2.0.9-py38h578d9bd_0.conda#0186532989e9f185dbe5077670f20d8a
https://conda.anaconda.org/conda-forge/linux-64/cymem-2.0.8-py38h17151c0_0.conda#058ccd5c83cbd3faf00ffaa0f4af4aac
https://conda.anaconda.org/conda-forge/noarch/langcodes-3.3.0-pyhd8ed1ab_0.tar.bz2#aacac9c3804912c38087d1c295708493
https://conda.anaconda.org/conda-forge/linux-64/murmurhash-1.0.10-py38h17151c0_0.conda#c6837e0343ce5841b1f91cfebf0f1a7e
https://conda.anaconda.org/conda-forge/noarch/smart_open-5.2.1-pyhd8ed1ab_0.tar.bz2#c7a838c38e38c82edde371a9054e6c92
https://conda.anaconda.org/conda-forge/noarch/shellingham-1.5.3-pyhd8ed1ab_0.conda#83795060a5d8cd12b90a58bd62bc251e
https://conda.anaconda.org/conda-forge/noarch/typer-0.9.0-pyhd8ed1ab_0.conda#5030a13b2fe5e143d5956d4943d3018f
https://conda.anaconda.org/conda-forge/noarch/pathy-0.10.2-pyhd8ed1ab_0.conda#69d84b5c17aea4d7350f3536bcde7296
https://conda.anaconda.org/conda-forge/linux-64/preshed-3.0.8-py38hfa26641_1.tar.bz2#245ecedaf9080808479fc749faba3016
https://conda.anaconda.org/conda-forge/noarch/spacy-legacy-3.0.12-pyhd8ed1ab_0.conda#bbe68ced56ea855f0223c329f1fd2fc0
https://conda.anaconda.org/conda-forge/noarch/spacy-loggers-1.0.5-pyhd8ed1ab_0.conda#017fa97ac8c29416983dc9e67b27f6c8
https://conda.anaconda.org/conda-forge/linux-64/srsly-2.4.7-py38h17151c0_0.conda#a021cbb089e165f8371e4d02663db4c1
https://conda.anaconda.org/conda-forge/linux-64/confection-0.1.3-py38hb563948_0.conda#7ae5ae6d476d34d28b13ea342766cfde
https://conda.anaconda.org/conda-forge/linux-64/cython-blis-0.7.10-py38h31356c5_1.conda#a1fa19c20c978aa98f70409a4c65b7a7
https://conda.anaconda.org/conda-forge/linux-64/wasabi-1.1.2-py38h578d9bd_0.conda#4c04ff31a5902ac1de2da644158ee01e
https://conda.anaconda.org/conda-forge/linux-64/thinc-8.1.12-py38h905acbe_0.conda#d4ce533db407b900f0ba19cf7551edd9
https://conda.anaconda.org/conda-forge/linux-64/spacy-3.6.1-py38h905acbe_0.conda#c947f4debcb6111c8d232f4a4af3fa5a
https://conda.anaconda.org/conda-forge/noarch/fastai-2.7.12-pyhd8ed1ab_0.conda#1911e621845849dc1e39b0107e8c878d
https://conda.anaconda.org/conda-forge/linux-64/lightgbm-3.3.5-py38h8dc9893_0.conda#6f9a24f139bce59c388a9aeae64f0a7a
https://conda.anaconda.org/conda-forge/linux-64/libxgboost-1.7.6-cpu_h6728c87_2.conda#78ad13cb0e3dbeca1af9b30ce8c7ecb4
https://conda.anaconda.org/conda-forge/linux-64/py-xgboost-1.7.6-cpu_py38hfe6c714_2.conda#2531d5ce95760304a600f1e4561fd1e9
https://conda.anaconda.org/conda-forge/linux-64/xgboost-1.7.6-cpu_py38hfe6c714_2.conda#b01e94d17665a0740b1a6e4ebc74dca9
https://conda.anaconda.org/conda-forge/noarch/autogluon.tabular-0.8.2-pyha770c72_4.conda#17fad1cdb563ddad16ab0ba4c085bcb3
https://conda.anaconda.org/conda-forge/noarch/gluonts-0.13.5-pyhd8ed1ab_0.conda#a82cb9dd11f06ee829737699872bde6a
https://conda.anaconda.org/conda-forge/linux-64/libllvm14-14.0.6-hcd5def8_4.conda#73301c133ded2bf71906aa2104edae8b
https://conda.anaconda.org/conda-forge/linux-64/llvmlite-0.40.1-py38h94a1851_0.conda#018436fcd1fcb5a8910724b58d144e07
https://conda.anaconda.org/conda-forge/linux-64/numba-0.57.1-py38hd559b08_0.conda#e2fae15289574f811da146b6e30be2d8
https://conda.anaconda.org/conda-forge/noarch/window-ops-0.0.14-pyhd8ed1ab_0.conda#9812cce11ada95c926ce75f8b23d61c8
https://conda.anaconda.org/conda-forge/noarch/mlforecast-0.7.3-pyhd8ed1ab_0.conda#7a2b34b4c9bff2545200b3746da70f11
https://conda.anaconda.org/conda-forge/noarch/patsy-0.5.3-pyhd8ed1ab_0.tar.bz2#50ef6b29b1fb0768ca82c5aeb4fb2d96
https://conda.anaconda.org/conda-forge/linux-64/statsmodels-0.14.0-py38h31356c5_1.conda#46fdc57a392e7e494ba579eed5e153a0
https://conda.anaconda.org/conda-forge/noarch/statsforecast-1.4.0-pyhd8ed1ab_0.conda#aa803f915587fe4306dfe0234215caa9
https://conda.anaconda.org/conda-forge/linux-64/ujson-5.7.0-py38h8dc9893_0.conda#d6d60a35bdbc29bf6247c40da01cad3d
https://conda.anaconda.org/conda-forge/noarch/autogluon.timeseries-0.8.2-pyhd8ed1ab_4.conda#a64157275daf72a557fe4a9d843a9e1d
https://conda.anaconda.org/conda-forge/noarch/autogluon-0.8.2-pyhd8ed1ab_4.conda#7ff9ac51e09bd5991970a7df53b4bee6
https://conda.anaconda.org/conda-forge/noarch/babel-2.12.1-pyhd8ed1ab_1.conda#ac432e732804a81ddcf29c92ead57cde
https://conda.anaconda.org/conda-forge/noarch/backcall-0.2.0-pyh9f0ad1d_0.tar.bz2#6006a6d08a3fa99268a2681c7fb55213
https://conda.anaconda.org/conda-forge/noarch/backports-1.0-pyhd8ed1ab_3.conda#54ca2e08b3220c148a1d8329c2678e02
https://conda.anaconda.org/conda-forge/noarch/backports.functools_lru_cache-1.6.5-pyhd8ed1ab_0.conda#6b1b907661838a75d067a22f87996b2e
https://conda.anaconda.org/conda-forge/noarch/webencodings-0.5.1-pyhd8ed1ab_2.conda#daf5160ff9cde3a468556965329085b9
https://conda.anaconda.org/conda-forge/noarch/bleach-6.0.0-pyhd8ed1ab_0.conda#d48b143d01385872a88ef8417e96c30e
https://conda.anaconda.org/conda-forge/noarch/boltons-23.0.0-pyhd8ed1ab_0.conda#033eb25fffd222aceeca6d58cd953680
https://conda.anaconda.org/conda-forge/noarch/cached_property-1.5.2-pyha770c72_1.tar.bz2#576d629e47797577ab0f1b351297ef4a
https://conda.anaconda.org/conda-forge/noarch/cached-property-1.5.2-hd8ed1ab_1.tar.bz2#9b347a7ec10940d3f7941ff6c460b551
https://conda.anaconda.org/conda-forge/noarch/traitlets-5.10.0-pyhd8ed1ab_0.conda#efd3f63a93621367d4fa6e274c511696
https://conda.anaconda.org/conda-forge/noarch/comm-0.1.4-pyhd8ed1ab_0.conda#c8eaca39e2b6abae1fc96acc929ae939
https://conda.anaconda.org/conda-forge/linux-64/zstandard-0.21.0-py38ha98ab4e_0.conda#ff0eb1d556c98e1fa48132a90247342c
https://conda.anaconda.org/conda-forge/noarch/conda-package-streaming-0.9.0-pyhd8ed1ab_0.conda#38253361efb303deead3eab39ae9269b
https://conda.anaconda.org/conda-forge/noarch/conda-package-handling-2.2.0-pyh38be061_0.conda#8a3ae7f6318376aa08ea753367bb7dd6
https://conda.anaconda.org/conda-forge/linux-64/jsonpointer-2.4-py38h578d9bd_2.conda#d143e9de59376ea7b361077694ad9507
https://conda.anaconda.org/conda-forge/noarch/jsonpatch-1.32-pyhd8ed1ab_0.tar.bz2#09150b51b0528a31a0f6500b96fdde82
https://conda.anaconda.org/conda-forge/noarch/pluggy-1.3.0-pyhd8ed1ab_0.conda#2390bd10bed1f3fdc7a537fb5a447d8d
https://conda.anaconda.org/conda-forge/linux-64/pycosat-0.6.4-py38h0a891b7_1.tar.bz2#f1c39cf3c19238d1e50429f81d4afae2
https://conda.anaconda.org/conda-forge/linux-64/ruamel.yaml.clib-0.2.7-py38h1de0b5d_1.conda#9afa2fc3c51cc4e7d1589c38e4e00d5c
https://conda.anaconda.org/conda-forge/linux-64/ruamel.yaml-0.17.32-py38h01eb140_0.conda#c92cc8efb1341f90ea5f51f576480580
https://conda.anaconda.org/conda-forge/linux-64/conda-23.7.4-py38h578d9bd_0.conda#b16bb4114bafe337df791784fc09ca7b
https://conda.anaconda.org/conda-forge/noarch/contextlib2-21.6.0-pyhd8ed1ab_0.tar.bz2#5b26a831440be04c39531a8ce20f5d71
https://conda.anaconda.org/conda-forge/linux-64/dbus-1.13.6-h5008d03_3.tar.bz2#ecfff944ba3960ecb334b9a2663d708d
https://conda.anaconda.org/conda-forge/linux-64/debugpy-1.8.0-py38h17151c0_0.conda#bdd3e5d573420e5c7f254659d96aa830
https://conda.anaconda.org/conda-forge/noarch/decorator-5.1.1-pyhd8ed1ab_0.tar.bz2#43afe5ab04e35e17ba28649471dd7364
https://conda.anaconda.org/conda-forge/noarch/entrypoints-0.4-pyhd8ed1ab_0.tar.bz2#3cf04868fee0a029769bd41f4b2fbf2d
https://conda.anaconda.org/conda-forge/noarch/executing-1.2.0-pyhd8ed1ab_0.tar.bz2#4c1bc140e2be5c8ba6e3acab99e25c50
https://conda.anaconda.org/conda-forge/linux-64/flatbuffers-23.5.26-h59595ed_1.conda#913a1c6fd00b66f33392a129e835ceca
https://conda.anaconda.org/conda-forge/noarch/fqdn-1.5.1-pyhd8ed1ab_0.tar.bz2#642d35437078749ef23a5dca2c9bb1f3
https://conda.anaconda.org/conda-forge/noarch/gast-0.4.0-pyh9f0ad1d_0.tar.bz2#42323c77b73462199fca93bc8ac9279d
https://conda.anaconda.org/conda-forge/linux-64/glib-tools-2.78.0-hfc55251_0.conda#e10134de3558dd95abda6987b5548f4f
https://conda.anaconda.org/conda-forge/linux-64/glib-2.78.0-hfc55251_0.conda#2f55a36b549f51a7e0c2b1e3c3f0ccd4
https://conda.anaconda.org/conda-forge/noarch/google-pasta-0.2.0-pyh8c360ce_0.tar.bz2#26e27d7d3d7fe2336b543dd8e0f12cbf
https://conda.anaconda.org/conda-forge/linux-64/gstreamer-1.22.5-h98fc4e7_0.conda#2f45c1da3828ec2dc44d84b68916e3e7
https://conda.anaconda.org/conda-forge/linux-64/libogg-1.3.4-h7f98852_1.tar.bz2#6e8cc2173440d77708196c5b93771680
https://conda.anaconda.org/conda-forge/linux-64/libopus-1.3.1-h7f98852_1.tar.bz2#15345e56d527b330e1cacbdf58676e8f
https://conda.anaconda.org/conda-forge/linux-64/libvorbis-1.3.7-h9c3ff4c_0.tar.bz2#309dec04b70a3cc0f1e84a4013683bc0
https://conda.anaconda.org/conda-forge/linux-64/gst-plugins-base-1.22.5-hf7dbed1_0.conda#ad8e8068208846032d6e9ce73d406cee
https://conda.anaconda.org/conda-forge/linux-64/hdf5-1.14.2-nompi_h4f84152_100.conda#2de6a9bc8083b49f09b2f6eb28d3ba3c
https://conda.anaconda.org/conda-forge/linux-64/h5py-3.9.0-nompi_py38hb71287c_102.conda#ea2e864d219be76b595fb37d33c995f1
https://conda.anaconda.org/conda-forge/noarch/parso-0.8.3-pyhd8ed1ab_0.tar.bz2#17a565a0c3899244e938cdf417e7b094
https://conda.anaconda.org/conda-forge/noarch/jedi-0.19.0-pyhd8ed1ab_0.conda#1cd7f70057cdffc10977b613fb75425d
https://conda.anaconda.org/conda-forge/noarch/matplotlib-inline-0.1.6-pyhd8ed1ab_0.tar.bz2#b21613793fcc81d944c76c9f2864a7de
https://conda.anaconda.org/conda-forge/noarch/ptyprocess-0.7.0-pyhd3deb0d_0.tar.bz2#359eeb6536da0e687af562ed265ec263
https://conda.anaconda.org/conda-forge/noarch/pexpect-4.8.0-pyh1a96a4e_2.tar.bz2#330448ce4403cc74990ac07c555942a1
https://conda.anaconda.org/conda-forge/noarch/pickleshare-0.7.5-py_1003.tar.bz2#415f0ebb6198cc2801c73438a9fb5761
https://conda.anaconda.org/conda-forge/noarch/wcwidth-0.2.6-pyhd8ed1ab_0.conda#078979d33523cb477bd1916ce41aacc9
https://conda.anaconda.org/conda-forge/noarch/prompt-toolkit-3.0.39-pyha770c72_0.conda#a4986c6bb5b0d05a38855b0880a5f425
https://conda.anaconda.org/conda-forge/noarch/prompt_toolkit-3.0.39-hd8ed1ab_0.conda#4bbbe67d5df19db30f04b8e344dc9976
https://conda.anaconda.org/conda-forge/noarch/pure_eval-0.2.2-pyhd8ed1ab_0.tar.bz2#6784285c7e55cb7212efabc79e4c2883
https://conda.anaconda.org/conda-forge/noarch/stack_data-0.6.2-pyhd8ed1ab_0.conda#e7df0fdd404616638df5ece6e69ba7af
https://conda.anaconda.org/conda-forge/noarch/ipython-8.12.2-pyh41d4057_0.conda#acebfd89278ecac2a67b60b657e00d5c
https://conda.anaconda.org/conda-forge/linux-64/jupyter_core-5.3.0-py38h578d9bd_0.conda#d75b783a348cf33c6d3d75480300fecd
https://conda.anaconda.org/conda-forge/noarch/nest-asyncio-1.5.6-pyhd8ed1ab_0.tar.bz2#7b868f21adde0d9b8b38f9c16836589b
https://conda.anaconda.org/conda-forge/linux-64/libsodium-1.0.18-h36c2ea0_1.tar.bz2#c3788462a6fbddafdb413a9f9053e58d
https://conda.anaconda.org/conda-forge/linux-64/zeromq-4.3.4-h9c3ff4c_1.tar.bz2#21743a8d2ea0c8cfbbf8fe489b0347df
https://conda.anaconda.org/conda-forge/linux-64/pyzmq-24.0.1-py38hfc09fa9_1.tar.bz2#a0d5ef0498ced7a2afd82ee17994935e
https://conda.anaconda.org/conda-forge/linux-64/tornado-6.3.3-py38h01eb140_0.conda#465bbfc0eb2022837d957d045b6b627a
https://conda.anaconda.org/conda-forge/noarch/jupyter_client-7.4.9-pyhd8ed1ab_0.conda#5cbf9a31a19d4ef9103adb7d71fd45fd
https://conda.anaconda.org/conda-forge/noarch/ipykernel-6.25.2-pyh2140261_0.conda#226f2032ec491cc6e9ce66072660e4f6
https://conda.anaconda.org/conda-forge/noarch/ipython_genutils-0.2.0-py_1.tar.bz2#5071c982548b3a20caf70462f04f5287
https://conda.anaconda.org/conda-forge/noarch/jupyterlab_widgets-3.0.9-pyhd8ed1ab_0.conda#8370e0a9dc443f9b45a23fd30e7a6b3b
https://conda.anaconda.org/conda-forge/noarch/widgetsnbextension-4.0.9-pyhd8ed1ab_0.conda#82617d07b2f5f5a96296d3c19684b37a
https://conda.anaconda.org/conda-forge/noarch/ipywidgets-8.1.1-pyhd8ed1ab_0.conda#2605fae5ee27100e5f10037baebf4d41
https://conda.anaconda.org/conda-forge/noarch/isoduration-20.11.0-pyhd8ed1ab_0.tar.bz2#4cb68948e0b8429534380243d063a27a
https://conda.anaconda.org/conda-forge/linux-64/ml_dtypes-0.2.0-py38h01efb38_1.conda#22e010867a3c05d74631d7d328fa7c95
https://conda.anaconda.org/conda-forge/linux-64/jaxlib-0.4.12-cpu_py38hb25f6ba_1.conda#07af3df0a31483d72629518cb15b8949
https://conda.anaconda.org/conda-forge/noarch/opt_einsum-3.3.0-pyhd8ed1ab_1.tar.bz2#ba523f5bdd2e452e43c73b7e4b928799
https://conda.anaconda.org/conda-forge/noarch/jax-0.4.13-pyhd8ed1ab_0.conda#54edad7dd138bda83487607f793069b5
https://conda.anaconda.org/conda-forge/noarch/json5-0.9.14-pyhd8ed1ab_0.conda#dac1dabba2b5a9d1aee175c5fcc7b436
https://conda.anaconda.org/conda-forge/noarch/rfc3339-validator-0.1.4-pyhd8ed1ab_0.tar.bz2#fed45fc5ea0813240707998abe49f520
https://conda.anaconda.org/conda-forge/noarch/rfc3986-validator-0.1.1-pyh9f0ad1d_0.tar.bz2#912a71cc01012ee38e6b90ddd561e36f
https://conda.anaconda.org/conda-forge/noarch/uri-template-1.3.0-pyhd8ed1ab_0.conda#0944dc65cb4a9b5b68522c3bb585d41c
https://conda.anaconda.org/conda-forge/noarch/webcolors-1.13-pyhd8ed1ab_0.conda#166212fe82dad8735550030488a01d03
https://conda.anaconda.org/conda-forge/noarch/jsonschema-with-format-nongpl-4.17.3-pyhd8ed1ab_0.conda#7a709748e93f0b2c33d6b5b676b6d9d0
https://conda.anaconda.org/conda-forge/noarch/python-json-logger-2.0.7-pyhd8ed1ab_0.conda#a61bf9ec79426938ff785eb69dbb1960
https://conda.anaconda.org/conda-forge/noarch/jupyter_events-0.6.3-pyhd8ed1ab_1.conda#2ac0d00a0fb3f1a4c81c460ba56bb23b
https://conda.anaconda.org/conda-forge/noarch/terminado-0.17.1-pyh41d4057_0.conda#3788984d535770cad699efaeb6cb3037
https://conda.anaconda.org/conda-forge/noarch/jupyter_server_terminals-0.4.4-pyhd8ed1ab_1.conda#7c0965e1d4a0ee1529e8eaa03a78a5b3
https://conda.anaconda.org/conda-forge/noarch/jupyterlab_pygments-0.2.2-pyhd8ed1ab_0.tar.bz2#243f63592c8e449f40cd42eb5cf32f40
https://conda.anaconda.org/conda-forge/noarch/mistune-3.0.1-pyhd8ed1ab_0.conda#1dad8397c94e4de97a70de552a7dcf49
https://conda.anaconda.org/conda-forge/noarch/python-fastjsonschema-2.18.0-pyhd8ed1ab_0.conda#3be9466311564f80f8056c0851fc5bb7
https://conda.anaconda.org/conda-forge/noarch/nbformat-5.9.2-pyhd8ed1ab_0.conda#61ba076de6530d9301a0053b02f093d2
https://conda.anaconda.org/conda-forge/noarch/nbclient-0.8.0-pyhd8ed1ab_0.conda#e78da91cf428faaf05701ce8cc8f2f9b
https://conda.anaconda.org/conda-forge/noarch/pandocfilters-1.5.0-pyhd8ed1ab_0.tar.bz2#457c2c8c08e54905d6954e79cb5b5db9
https://conda.anaconda.org/conda-forge/noarch/tinycss2-1.2.1-pyhd8ed1ab_0.tar.bz2#7234c9eefff659501cd2fe0d2ede4d48
https://conda.anaconda.org/conda-forge/noarch/nbconvert-core-7.8.0-pyhd8ed1ab_0.conda#62345c9e24f898bf492979be84a6eb0a
https://conda.anaconda.org/conda-forge/noarch/typing_utils-0.1.0-pyhd8ed1ab_0.tar.bz2#eb67e3cace64c66233e2d35949e20f92
https://conda.anaconda.org/conda-forge/noarch/overrides-7.4.0-pyhd8ed1ab_0.conda#4625b7b01d7f4ac9c96300a5515acfaa
https://conda.anaconda.org/conda-forge/noarch/prometheus_client-0.17.1-pyhd8ed1ab_0.conda#02153b6b760bbec00cfe9e4c97993d06
https://conda.anaconda.org/conda-forge/noarch/send2trash-1.8.2-pyh41d4057_0.conda#ada5a17adcd10be4fc7e37e4166ba0e2
https://conda.anaconda.org/conda-forge/noarch/websocket-client-1.6.3-pyhd8ed1ab_0.conda#38563b419c06ed97458d081df36beec0
https://conda.anaconda.org/conda-forge/noarch/jupyter_server-2.7.3-pyhd8ed1ab_0.conda#969249eb7c2f7a9b820520a355dc7d04
https://conda.anaconda.org/conda-forge/noarch/jupyter_server_fileid-0.9.0-pyhd8ed1ab_0.conda#a12525b037a703d7f4512da737d700e6
https://conda.anaconda.org/conda-forge/linux-64/y-py-0.5.9-py38h9fda977_0.conda#18517ed6c99222252a7409b9e128015c
https://conda.anaconda.org/conda-forge/noarch/jupyter_ydoc-0.2.4-pyhd8ed1ab_0.conda#be5d4633c1cc40343ed417153a184006
https://conda.anaconda.org/conda-forge/noarch/ypy-websocket-0.8.2-pyhd8ed1ab_0.conda#5ee5ad3af20138020065985de57f0711
https://conda.anaconda.org/conda-forge/noarch/jupyter_server_ydoc-0.8.0-pyhd8ed1ab_0.conda#780280d42fbcb2eaf654a6ba7a3e5bb5
https://conda.anaconda.org/conda-forge/noarch/jupyterlab_server-2.24.0-pyhd8ed1ab_0.conda#327bfe1c99154f02259d29810bd70afc
https://conda.anaconda.org/conda-forge/linux-64/pandoc-3.1.3-h32600fe_0.conda#8287aeb8462e2d4b235eff788e75919d
https://conda.anaconda.org/conda-forge/noarch/nbconvert-pandoc-7.8.0-pyhd8ed1ab_0.conda#1dba1a577df2625a24667612a069e91c
https://conda.anaconda.org/conda-forge/noarch/nbconvert-7.8.0-pyhd8ed1ab_0.conda#43bce95e8c474dd21d7ed5de8b4806f7
https://conda.anaconda.org/conda-forge/noarch/notebook-shim-0.2.3-pyhd8ed1ab_0.conda#67e0fe74c156267d9159e9133df7fd37
https://conda.anaconda.org/conda-forge/noarch/nbclassic-1.0.0-pyhb4ecaf3_1.conda#a0be31e9bd84d6eae87cdbf74c56b90b
https://conda.anaconda.org/conda-forge/noarch/notebook-6.5.5-pyha770c72_0.conda#8d16cafe40b210e554a83cdc2304360d
https://conda.anaconda.org/conda-forge/noarch/tomli-2.0.1-pyhd8ed1ab_0.tar.bz2#5844808ffab9ebdb694585b50ba02a96
https://conda.anaconda.org/conda-forge/noarch/jupyterlab-3.6.5-pyhd8ed1ab_0.conda#82299e1d33c6f130688f90880e6b3b4f
https://conda.anaconda.org/conda-forge/noarch/keras-2.12.0-pyhd8ed1ab_0.conda#e6e18b33e8d62200099f2eed98a263b6
https://conda.anaconda.org/conda-forge/noarch/keras-preprocessing-1.1.2-pyhd8ed1ab_0.tar.bz2#a79b00989a0d89791021902f37fe2f9e
https://conda.anaconda.org/conda-forge/linux-64/lame-3.100-h166bdaf_1003.tar.bz2#a8832b479f93521a9e7b5b743803be51
https://conda.anaconda.org/conda-forge/linux-64/libcap-2.69-h0f662aa_0.conda#25cb5999faa414e5ccb2c1388f62d3d5
https://conda.anaconda.org/conda-forge/linux-64/libllvm15-15.0.7-h5cf9203_3.conda#9efe82d44b76a7529a1d702e5a37752e
https://conda.anaconda.org/conda-forge/linux-64/libclang13-15.0.7-default_h9986a30_3.conda#1720df000b48e31842500323cb7be18c
https://conda.anaconda.org/conda-forge/linux-64/libclang-15.0.7-default_h7634d5b_3.conda#0922208521c0463e690bbaebba7eb551
https://conda.anaconda.org/conda-forge/linux-64/libcups-2.3.3-h4637d8d_4.conda#d4529f4dff3057982a7617c7ac58fde3
https://conda.anaconda.org/conda-forge/linux-64/libflac-1.4.3-h59595ed_0.conda#ee48bf17cc83a00f59ca1494d5646869
https://conda.anaconda.org/conda-forge/linux-64/libgpg-error-1.47-h71f35ed_0.conda#c2097d0b46367996f09b4e8e4920384a
https://conda.anaconda.org/conda-forge/linux-64/libgcrypt-1.10.1-h166bdaf_0.tar.bz2#f967fc95089cd247ceed56eda31de3a9
https://conda.anaconda.org/conda-forge/linux-64/libpq-15.4-hfc447b1_0.conda#b9ce311e7aba8b5fc3122254f0a6e97e
https://conda.anaconda.org/conda-forge/linux-64/mpg123-1.31.3-hcb278e6_0.conda#141a126675b6d1a4eabb111a4a353898
https://conda.anaconda.org/conda-forge/linux-64/libsndfile-1.2.2-hbc2eb40_0.conda#38f84d395629e48b7c7b48a8ca740341
https://conda.anaconda.org/conda-forge/linux-64/libsystemd0-254-h3516f8a_0.conda#df4b1cd0c91b4234fb02b5701a4cdddc
https://conda.anaconda.org/conda-forge/linux-64/xkeyboard-config-2.39-hd590300_0.conda#d88c7fc8a11858fb14761832e4da1954
https://conda.anaconda.org/conda-forge/linux-64/libxkbcommon-1.5.0-h5d7e998_3.conda#c91ea308d7bf70b62ddda568478aa03b
https://conda.anaconda.org/conda-forge/noarch/ply-3.11-py_1.tar.bz2#7205635cd71531943440fbfe3b6b5727
https://conda.anaconda.org/conda-forge/linux-64/sip-6.7.11-py38h17151c0_0.conda#f05f0120127bac812e948b02997e4374
https://conda.anaconda.org/conda-forge/noarch/toml-0.10.2-pyhd8ed1ab_0.tar.bz2#f832c45a477c78bebd107098db465095
https://conda.anaconda.org/conda-forge/linux-64/pyqt5-sip-12.12.2-py38h17151c0_4.conda#95447fd7bd5b420df7e7eb405f19f463
https://conda.anaconda.org/conda-forge/linux-64/mysql-common-8.0.33-hf1915f5_4.conda#f6f0ac5665849afc0716213a6cff224d
https://conda.anaconda.org/conda-forge/linux-64/mysql-libs-8.0.33-hca2cd23_4.conda#db7f2c877209ac620fcd1c3ce7407cf0
https://conda.anaconda.org/conda-forge/linux-64/nspr-4.35-h27087fc_0.conda#da0ec11a6454ae19bff5b02ed881a2b1
https://conda.anaconda.org/conda-forge/linux-64/nss-3.92-h1d7d5a4_0.conda#22c89a3d87828fe925b310b9cdf0f574
https://conda.anaconda.org/conda-forge/linux-64/pulseaudio-client-16.1-hb77b528_5.conda#ac902ff3c1c6d750dd0dfc93a974ab74
https://conda.anaconda.org/conda-forge/linux-64/xcb-util-0.4.0-hd590300_1.conda#9bfac7ccd94d54fd21a0501296d60424
https://conda.anaconda.org/conda-forge/linux-64/xcb-util-image-0.4.0-h8ee46fc_1.conda#9d7bcddf49cbf727730af10e71022c73
https://conda.anaconda.org/conda-forge/linux-64/xcb-util-keysyms-0.4.0-h8ee46fc_1.conda#632413adcd8bc16b515cab87a2932913
https://conda.anaconda.org/conda-forge/linux-64/xcb-util-renderutil-0.3.9-hd590300_1.conda#e995b155d938b6779da6ace6c6b13816
https://conda.anaconda.org/conda-forge/linux-64/xcb-util-wm-0.4.1-h8ee46fc_1.conda#90108a432fb5c6150ccfee3f03388656
https://conda.anaconda.org/conda-forge/linux-64/xorg-xf86vidmodeproto-2.3.1-h7f98852_1002.tar.bz2#3ceea9668625c18f19530de98b15d5b0
https://conda.anaconda.org/conda-forge/linux-64/qt-main-5.15.8-h7fe3ca9_15.conda#f09d307dd78e61e4eb2c6c2f81056d0e
https://conda.anaconda.org/conda-forge/linux-64/pyqt-5.15.9-py38hffdaa6c_4.conda#8a230666b1e346b9bc995a8eef0c732e
https://conda.anaconda.org/conda-forge/linux-64/matplotlib-3.7.2-py38h578d9bd_0.conda#ab4f8f744029755778a4876559bec6ec
https://conda.anaconda.org/conda-forge/noarch/pox-0.3.3-pyhd8ed1ab_0.conda#f41c276d24bce12ca6edf73a183be148
https://conda.anaconda.org/conda-forge/noarch/ppft-1.7.6.7-pyhd8ed1ab_0.conda#609bf80f2276348d7d7ce604ff5f11c9
https://conda.anaconda.org/conda-forge/noarch/pathos-0.3.1-pyhd8ed1ab_0.conda#15d819fd6786f044626e04a929093d13
https://conda.anaconda.org/conda-forge/linux-64/py-xgboost-cpu-1.7.6-py38h995e691_2.conda#f0e989db721321f91852ebe1b09b91d1
https://conda.anaconda.org/conda-forge/noarch/python-flatbuffers-23.5.26-pyhd8ed1ab_0.conda#131dd3656f3b731ab852fc66d3c41058
https://conda.anaconda.org/conda-forge/noarch/schema-0.7.5-pyhd8ed1ab_1.conda#750d2ce4311d1502b51ad814407f043d
https://conda.anaconda.org/conda-forge/noarch/smdebug-rulesconfig-1.0.1-pyhd3deb0d_1.tar.bz2#be253a7939a3e7cf95a043a983cab563
https://conda.anaconda.org/conda-forge/noarch/tblib-1.7.0-pyhd8ed1ab_0.tar.bz2#3d4afc31302aa7be471feb6be048ed76
https://conda.anaconda.org/conda-forge/noarch/sagemaker-python-sdk-2.186.0-pyhd8ed1ab_0.conda#89df6e98196b855fa22ae0fed1659106
https://conda.anaconda.org/conda-forge/noarch/termcolor-2.3.0-pyhd8ed1ab_0.conda#440d508f025b1692168caaf436504af3
https://conda.anaconda.org/conda-forge/linux-64/wrapt-1.15.0-py38h1de0b5d_0.conda#03d160aaea571b98d9f3bde0b738bcdf
https://conda.anaconda.org/conda-forge/linux-64/tensorflow-base-2.12.1-cpu_py38h92f4423_0.conda#2aed4028acf0fbfec6ee1c30b694f898
https://conda.anaconda.org/conda-forge/linux-64/tensorflow-estimator-2.12.1-cpu_py38h27d0da5_0.conda#a1fc173c4b473b38ad0f99e0d5d402f0
https://conda.anaconda.org/conda-forge/linux-64/tensorflow-2.12.1-cpu_py38h66f0ec1_0.conda#07a81c5424e63f1255753fa7f1800db5
