# This file may be used to create an environment using:
# $ conda create --name <env> --file <this file>
# platform: linux-64
@EXPLICIT
https://conda.anaconda.org/conda-forge/linux-64/_libgcc_mutex-0.1-conda_forge.tar.bz2#d7c89558ba9fa0495403155b64376d81
https://conda.anaconda.org/conda-forge/linux-64/libgcc-ng-13.2.0-h77fa898_7.conda#72ec1b1b04c4d15d4204ece1ecea5978
https://conda.anaconda.org/conda-forge/linux-64/libzlib-1.2.13-hd590300_5.conda#f36c115f1ee199da648e0597ec2047ad
https://conda.anaconda.org/conda-forge/linux-64/libstdcxx-ng-13.2.0-hc0a3c3a_7.conda#53ebd4c833fa01cb2c6353e99f905406
https://conda.anaconda.org/conda-forge/linux-64/zstd-1.5.5-hfc55251_0.conda#04b88013080254850d6c01ed54810589
https://conda.anaconda.org/conda-forge/linux-64/llvm-openmp-18.1.4-ha31de31_0.conda#48b9991e66abc186a7ad7975e97bd4d0
https://conda.anaconda.org/conda-forge/linux-64/_openmp_mutex-4.5-2_kmp_llvm.tar.bz2#562b26ba2e19059551a811e72ab7f793
https://conda.anaconda.org/conda-forge/linux-64/_py-xgboost-mutex-2.0-gpu_0.tar.bz2#7702188077361f43a4d61e64c694f850
https://conda.anaconda.org/conda-forge/linux-64/bzip2-1.0.8-hd590300_5.conda#69b8b6202a07720f448be700e300ccf4
https://conda.anaconda.org/conda-forge/linux-64/ld_impl_linux-64-2.40-h55db66e_0.conda#10569984e7db886e4f1abc2b47ad79a1
https://conda.anaconda.org/conda-forge/linux-64/libffi-3.4.2-h7f98852_5.tar.bz2#d645c6d2ac96843a2bfaccd2d62b3ac3
https://conda.anaconda.org/conda-forge/linux-64/libnsl-2.0.1-hd590300_0.conda#30fd6e37fe21f86f4bd26d6ee73eeec7
https://conda.anaconda.org/conda-forge/linux-64/libsqlite-3.45.3-h2797004_0.conda#b3316cbe90249da4f8e84cd66e1cc55b
https://conda.anaconda.org/conda-forge/linux-64/libuuid-2.38.1-h0b41bf4_0.conda#40b61aab5c7ba9ff276c41cfffe6b80b
https://conda.anaconda.org/conda-forge/linux-64/libxcrypt-4.4.36-hd590300_1.conda#5aa797f8787fe7a17d1b0821485b5adc
https://conda.anaconda.org/conda-forge/linux-64/ncurses-6.4.20240210-h59595ed_0.conda#97da8860a0da5413c7c98a3b3838a645
https://conda.anaconda.org/conda-forge/linux-64/ca-certificates-2024.2.2-hbcca054_0.conda#2f4327a1cbe7f022401b236e915a5fef
https://conda.anaconda.org/conda-forge/linux-64/openssl-3.3.0-hd590300_0.conda#c0f3abb4a16477208bbd43a39bd56f18
https://conda.anaconda.org/conda-forge/linux-64/readline-8.2-h8228510_1.conda#47d31b792659ce70f470b5c82fdfb7a4
https://conda.anaconda.org/conda-forge/linux-64/tk-8.6.13-noxft_h4845f30_101.conda#d453b98d9c83e71da0741bb0ff4d76bc
https://conda.anaconda.org/conda-forge/linux-64/xz-5.2.6-h166bdaf_0.tar.bz2#2161070d867d1b1204ea749c8eec4ef0
https://conda.anaconda.org/conda-forge/linux-64/python-3.8.19-hd12c33a_0_cpython.conda#53aabe8cf596487ec6f1ce319c93a741
https://conda.anaconda.org/conda-forge/noarch/absl-py-2.1.0-pyhd8ed1ab_0.conda#035d1d58677c13ec93122d9eb6b8803b
https://conda.anaconda.org/conda-forge/noarch/aiofiles-22.1.0-pyhd8ed1ab_0.tar.bz2#a88c206fdb78e34adb1c4081f5f838dd
https://conda.anaconda.org/conda-forge/linux-64/python_abi-3.8-4_cp38.conda#ea6b353536f42246cd130c7fef1285cf
https://conda.anaconda.org/conda-forge/linux-64/frozenlist-1.4.1-py38h01eb140_0.conda#f892016579a9344699ecf3a1cd46d61d
https://conda.anaconda.org/conda-forge/noarch/aiosignal-1.3.1-pyhd8ed1ab_0.tar.bz2#d1e1eb7e21a9e2c74279d87dafb68156
https://conda.anaconda.org/conda-forge/noarch/typing_extensions-4.5.0-pyha770c72_0.conda#43e7d9e50261fb11deb76e17d8431aac
https://conda.anaconda.org/conda-forge/noarch/typing-extensions-4.5.0-hd8ed1ab_0.conda#b3c594fde1a80a1fc3eb9cc4a5dfe392
https://conda.anaconda.org/conda-forge/noarch/async-timeout-4.0.3-pyhd8ed1ab_0.conda#3ce482ec3066e6d809dbbb1d1679f215
https://conda.anaconda.org/conda-forge/noarch/attrs-23.2.0-pyh71513ae_0.conda#5e4c0743c70186509d1412e03c2d8dfa
https://conda.anaconda.org/conda-forge/linux-64/multidict-6.0.5-py38h01eb140_0.conda#bf871786a7b0aa710b112bcb4ccac277
https://conda.anaconda.org/conda-forge/noarch/idna-3.7-pyhd8ed1ab_0.conda#c0cc1420498b17414d8617d0b9f506ca
https://conda.anaconda.org/conda-forge/linux-64/yarl-1.9.4-py38h01eb140_0.conda#f44cb7543541cb8c6358fe9ff15925a6
https://conda.anaconda.org/conda-forge/linux-64/aiohttp-3.9.5-py38h01eb140_0.conda#6f1f11964405dfe3b44e826db69c0fbb
https://conda.anaconda.org/conda-forge/noarch/aiosqlite-0.19.0-pyhd8ed1ab_0.conda#c60a47f9f29057417165a8af579396a8
https://conda.anaconda.org/conda-forge/linux-64/alsa-lib-1.2.11-hd590300_1.conda#0bb492cca54017ea314b809b1ee3a176
https://conda.anaconda.org/conda-forge/noarch/ansicolors-1.1.8-pyhd8ed1ab_0.tar.bz2#e4929dd673bcb012fab516878e72f6f6
https://conda.anaconda.org/conda-forge/noarch/exceptiongroup-1.2.0-pyhd8ed1ab_2.conda#8d652ea2ee8eaee02ed8dc820bc794aa
https://conda.anaconda.org/conda-forge/noarch/sniffio-1.3.1-pyhd8ed1ab_0.conda#490730480d76cf9c8f8f2849719c6e2b
https://conda.anaconda.org/conda-forge/noarch/anyio-4.3.0-pyhd8ed1ab_0.conda#ac95aa8ed65adfdde51132595c79aade
https://conda.anaconda.org/conda-forge/noarch/archspec-0.2.3-pyhd8ed1ab_0.conda#192278292e20704f663b9c766909d67b
https://conda.anaconda.org/conda-forge/noarch/pycparser-2.22-pyhd8ed1ab_0.conda#844d9eb3b43095b031874477f7d70088
https://conda.anaconda.org/conda-forge/linux-64/cffi-1.16.0-py38h6d47a40_0.conda#fc010dfb8ce6540d289436fbba499ee7
https://conda.anaconda.org/conda-forge/linux-64/argon2-cffi-bindings-21.2.0-py38h01eb140_4.conda#234c813c9d745d4bfc6a2a40514d88a6
https://conda.anaconda.org/conda-forge/noarch/argon2-cffi-23.1.0-pyhd8ed1ab_0.conda#3afef1f55a1366b4d3b6a0d92e2235e4
https://conda.anaconda.org/conda-forge/noarch/six-1.16.0-pyh6c4a22f_0.tar.bz2#e5f25f8dbc060e9a8d912e432202afc2
https://conda.anaconda.org/conda-forge/noarch/python-dateutil-2.9.0-pyhd8ed1ab_0.conda#2cf4264fffb9e6eff6031c5b6884d61c
https://conda.anaconda.org/conda-forge/noarch/types-python-dateutil-2.9.0.20240316-pyhd8ed1ab_0.conda#7831efa91d57475373ee52fb92e8d137
https://conda.anaconda.org/conda-forge/noarch/arrow-1.3.0-pyhd8ed1ab_0.conda#b77d8c2313158e6e461ca0efb1c2c508
https://conda.anaconda.org/conda-forge/noarch/asttokens-2.4.1-pyhd8ed1ab_0.conda#5f25798dcefd8252ce5f9dc494d5f571
https://conda.anaconda.org/conda-forge/noarch/astunparse-1.6.3-pyhd8ed1ab_0.tar.bz2#000b6f68a0bfaba800ced7500c11780f
https://conda.anaconda.org/conda-forge/linux-64/attr-2.5.1-h166bdaf_1.tar.bz2#d9c69a24ad678ffce24c6543a0176b00
https://conda.anaconda.org/conda-forge/noarch/traitlets-5.14.3-pyhd8ed1ab_0.conda#3df84416a021220d8b5700c613af2dc5
https://conda.anaconda.org/conda-forge/noarch/comm-0.2.2-pyhd8ed1ab_0.conda#948d84721b578d426294e17a02e24cbb
https://conda.anaconda.org/conda-forge/linux-64/debugpy-1.8.1-py38h17151c0_0.conda#5e76a89e52b7a304a3b8262169c37158
https://conda.anaconda.org/conda-forge/noarch/backcall-0.2.0-pyh9f0ad1d_0.tar.bz2#6006a6d08a3fa99268a2681c7fb55213
https://conda.anaconda.org/conda-forge/noarch/decorator-5.1.1-pyhd8ed1ab_0.tar.bz2#43afe5ab04e35e17ba28649471dd7364
https://conda.anaconda.org/conda-forge/noarch/parso-0.8.4-pyhd8ed1ab_0.conda#81534b420deb77da8833f2289b8d47ac
https://conda.anaconda.org/conda-forge/noarch/jedi-0.19.1-pyhd8ed1ab_0.conda#81a3be0b2023e1ea8555781f0ad904a2
https://conda.anaconda.org/conda-forge/noarch/matplotlib-inline-0.1.7-pyhd8ed1ab_0.conda#779345c95648be40d22aaa89de7d4254
https://conda.anaconda.org/conda-forge/noarch/ptyprocess-0.7.0-pyhd3deb0d_0.tar.bz2#359eeb6536da0e687af562ed265ec263
https://conda.anaconda.org/conda-forge/noarch/pexpect-4.9.0-pyhd8ed1ab_0.conda#629f3203c99b32e0988910c93e77f3b6
https://conda.anaconda.org/conda-forge/noarch/pickleshare-0.7.5-py_1003.tar.bz2#415f0ebb6198cc2801c73438a9fb5761
https://conda.anaconda.org/conda-forge/noarch/wcwidth-0.2.13-pyhd8ed1ab_0.conda#68f0738df502a14213624b288c60c9ad
https://conda.anaconda.org/conda-forge/noarch/prompt-toolkit-3.0.42-pyha770c72_0.conda#0bf64bf10eee21f46ac83c161917fa86
https://conda.anaconda.org/conda-forge/noarch/prompt_toolkit-3.0.42-hd8ed1ab_0.conda#85a2189ecd2fcdd86e92b2d4ea8fe461
https://conda.anaconda.org/conda-forge/noarch/pygments-2.18.0-pyhd8ed1ab_0.conda#b7f5c092b8f9800150d998a71b76d5a1
https://conda.anaconda.org/conda-forge/noarch/executing-2.0.1-pyhd8ed1ab_0.conda#e16be50e378d8a4533b989035b196ab8
https://conda.anaconda.org/conda-forge/noarch/pure_eval-0.2.2-pyhd8ed1ab_0.tar.bz2#6784285c7e55cb7212efabc79e4c2883
https://conda.anaconda.org/conda-forge/noarch/stack_data-0.6.2-pyhd8ed1ab_0.conda#e7df0fdd404616638df5ece6e69ba7af
https://conda.anaconda.org/conda-forge/noarch/ipython-8.12.2-pyh41d4057_0.conda#acebfd89278ecac2a67b60b657e00d5c
https://conda.anaconda.org/conda-forge/noarch/entrypoints-0.4-pyhd8ed1ab_0.tar.bz2#3cf04868fee0a029769bd41f4b2fbf2d
https://conda.anaconda.org/conda-forge/noarch/platformdirs-4.2.1-pyhd8ed1ab_0.conda#d478a8a3044cdff1aa6e62f9269cefe0
https://conda.anaconda.org/conda-forge/linux-64/jupyter_core-5.7.2-py38h578d9bd_0.conda#196ff32a507055c7c6457f83262d2803
https://conda.anaconda.org/conda-forge/noarch/nest-asyncio-1.6.0-pyhd8ed1ab_0.conda#6598c056f64dc8800d40add25e4e2c34
https://conda.anaconda.org/conda-forge/linux-64/libsodium-1.0.18-h36c2ea0_1.tar.bz2#c3788462a6fbddafdb413a9f9053e58d
https://conda.anaconda.org/conda-forge/linux-64/keyutils-1.6.1-h166bdaf_0.tar.bz2#30186d27e2c9fa62b45fb1476b7200e3
https://conda.anaconda.org/conda-forge/linux-64/libedit-3.1.20191231-he28a2e2_2.tar.bz2#4d331e44109e3f0e19b4cb8f9b82f3e1
https://conda.anaconda.org/conda-forge/linux-64/krb5-1.21.2-h659d440_0.conda#cd95826dbd331ed1be26bdf401432844
https://conda.anaconda.org/conda-forge/linux-64/zeromq-4.3.5-h75354e8_3.conda#1b0ea5d6674e4e7dde0537c890813edb
https://conda.anaconda.org/conda-forge/linux-64/pyzmq-24.0.1-py38hfc09fa9_1.tar.bz2#a0d5ef0498ced7a2afd82ee17994935e
https://conda.anaconda.org/conda-forge/linux-64/tornado-6.4-py38h01eb140_0.conda#0574e87cd56f017e680532f7d5723832
https://conda.anaconda.org/conda-forge/noarch/jupyter_client-7.4.9-pyhd8ed1ab_0.conda#5cbf9a31a19d4ef9103adb7d71fd45fd
https://conda.anaconda.org/conda-forge/noarch/packaging-24.0-pyhd8ed1ab_0.conda#248f521b64ce055e7feae3105e7abeb8
https://conda.anaconda.org/conda-forge/linux-64/psutil-5.9.8-py38h01eb140_0.conda#571da172be3f0f94f49c069e5b775f05
https://conda.anaconda.org/conda-forge/noarch/ipykernel-6.29.3-pyhd33586a_0.conda#e0deff12c601ce5cb7476f93718f3168
https://conda.anaconda.org/conda-forge/noarch/ipython_genutils-0.2.0-py_1.tar.bz2#5071c982548b3a20caf70462f04f5287
https://conda.anaconda.org/conda-forge/noarch/jupyterlab_widgets-1.1.7-pyhd8ed1ab_0.conda#608e312cd17cb7119033fae7d7420572
https://conda.anaconda.org/conda-forge/linux-64/markupsafe-2.1.5-py38h01eb140_0.conda#aeeb09febb02542e020c3ba7084ead01
https://conda.anaconda.org/conda-forge/noarch/jinja2-3.1.3-pyhd8ed1ab_0.conda#e7d8df6509ba635247ff9aea31134262
https://conda.anaconda.org/conda-forge/noarch/cached_property-1.5.2-pyha770c72_1.tar.bz2#576d629e47797577ab0f1b351297ef4a
https://conda.anaconda.org/conda-forge/noarch/cached-property-1.5.2-hd8ed1ab_1.tar.bz2#9b347a7ec10940d3f7941ff6c460b551
https://conda.anaconda.org/conda-forge/noarch/fqdn-1.5.1-pyhd8ed1ab_0.tar.bz2#642d35437078749ef23a5dca2c9bb1f3
https://conda.anaconda.org/conda-forge/noarch/isoduration-20.11.0-pyhd8ed1ab_0.tar.bz2#4cb68948e0b8429534380243d063a27a
https://conda.anaconda.org/conda-forge/linux-64/jsonpointer-2.4-py38h578d9bd_3.conda#ed4beead725b2b8c6673d4d7338bce78
https://conda.anaconda.org/conda-forge/noarch/zipp-3.17.0-pyhd8ed1ab_0.conda#2e4d6bc0b14e10f895fc6791a7d9b26a
https://conda.anaconda.org/conda-forge/noarch/importlib_resources-6.4.0-pyhd8ed1ab_0.conda#c5d3907ad8bd7bf557521a1833cf7e6d
https://conda.anaconda.org/conda-forge/linux-64/rpds-py-0.18.0-py38h0cc4f7c_0.conda#d8440e6507f2afaa6cfd4fe61fe93a4e
https://conda.anaconda.org/conda-forge/noarch/referencing-0.35.1-pyhd8ed1ab_0.conda#0fc8b52192a8898627c3efae1003e9f6
https://conda.anaconda.org/conda-forge/noarch/jsonschema-specifications-2023.12.1-pyhd8ed1ab_0.conda#a0e4efb5f35786a05af4809a2fb1f855
https://conda.anaconda.org/conda-forge/noarch/pkgutil-resolve-name-1.3.10-pyhd8ed1ab_1.conda#405678b942f2481cecdb3e010f4925d9
https://conda.anaconda.org/conda-forge/noarch/jsonschema-4.22.0-pyhd8ed1ab_0.conda#b9661a4b1200d6bc7d8a4cdafdc91468
https://conda.anaconda.org/conda-forge/noarch/rfc3339-validator-0.1.4-pyhd8ed1ab_0.tar.bz2#fed45fc5ea0813240707998abe49f520
https://conda.anaconda.org/conda-forge/noarch/rfc3986-validator-0.1.1-pyh9f0ad1d_0.tar.bz2#912a71cc01012ee38e6b90ddd561e36f
https://conda.anaconda.org/conda-forge/noarch/uri-template-1.3.0-pyhd8ed1ab_0.conda#0944dc65cb4a9b5b68522c3bb585d41c
https://conda.anaconda.org/conda-forge/noarch/webcolors-1.13-pyhd8ed1ab_0.conda#166212fe82dad8735550030488a01d03
https://conda.anaconda.org/conda-forge/noarch/jsonschema-with-format-nongpl-4.22.0-pyhd8ed1ab_0.conda#32ab666927ee17b9468c2c72bbd7ba1b
https://conda.anaconda.org/conda-forge/noarch/python-json-logger-2.0.7-pyhd8ed1ab_0.conda#a61bf9ec79426938ff785eb69dbb1960
https://conda.anaconda.org/conda-forge/linux-64/yaml-0.2.5-h7f98852_2.tar.bz2#4cb3ad778ec2d5a7acbdf254eb1c42ae
https://conda.anaconda.org/conda-forge/linux-64/pyyaml-6.0.1-py38h01eb140_1.conda#5f05353ae9a6c37e1b4aebc9f7834d23
https://conda.anaconda.org/conda-forge/noarch/jupyter_events-0.10.0-pyhd8ed1ab_0.conda#ed45423c41b3da15ea1df39b1f80c2ca
https://conda.anaconda.org/conda-forge/noarch/terminado-0.18.1-pyh0d859eb_0.conda#efba281bbdae5f6b0a1d53c6d4a97c93
https://conda.anaconda.org/conda-forge/noarch/jupyter_server_terminals-0.5.3-pyhd8ed1ab_0.conda#219b3833aa8ed91d47d1be6ca03f30be
https://conda.anaconda.org/conda-forge/noarch/soupsieve-2.5-pyhd8ed1ab_1.conda#3f144b2c34f8cb5a9abd9ed23a39c561
https://conda.anaconda.org/conda-forge/noarch/beautifulsoup4-4.12.3-pyha770c72_0.conda#332493000404d8411859539a5a630865
https://conda.anaconda.org/conda-forge/noarch/setuptools-69.5.1-pyhd8ed1ab_0.conda#7462280d81f639363e6e63c81276bd9e
https://conda.anaconda.org/conda-forge/noarch/webencodings-0.5.1-pyhd8ed1ab_2.conda#daf5160ff9cde3a468556965329085b9
https://conda.anaconda.org/conda-forge/noarch/bleach-6.1.0-pyhd8ed1ab_0.conda#0ed9d7c0e9afa7c025807a9a8136ea3e
https://conda.anaconda.org/conda-forge/noarch/defusedxml-0.7.1-pyhd8ed1ab_0.tar.bz2#961b3a227b437d82ad7054484cfa71b2
https://conda.anaconda.org/conda-forge/noarch/jupyterlab_pygments-0.3.0-pyhd8ed1ab_0.conda#3f0915b1fb2252ab73686a533c5f9d3f
https://conda.anaconda.org/conda-forge/noarch/mistune-3.0.2-pyhd8ed1ab_0.conda#5cbee699846772cc939bef23a0d524ed
https://conda.anaconda.org/conda-forge/noarch/python-fastjsonschema-2.19.1-pyhd8ed1ab_0.conda#4d3ceee3af4b0f9a1f48f57176bf8625
https://conda.anaconda.org/conda-forge/noarch/nbformat-5.10.4-pyhd8ed1ab_0.conda#0b57b5368ab7fc7cdc9e3511fa867214
https://conda.anaconda.org/conda-forge/noarch/nbclient-0.10.0-pyhd8ed1ab_0.conda#15b51397e0fe8ea7d7da60d83eb76ebc
https://conda.anaconda.org/conda-forge/noarch/pandocfilters-1.5.0-pyhd8ed1ab_0.tar.bz2#457c2c8c08e54905d6954e79cb5b5db9
https://conda.anaconda.org/conda-forge/noarch/tinycss2-1.3.0-pyhd8ed1ab_0.conda#8662629d9a05f9cff364e31ca106c1ac
https://conda.anaconda.org/conda-forge/noarch/nbconvert-core-7.16.4-pyhd8ed1ab_0.conda#43d9cd74e3950ab09cbddf36f1706b9f
https://conda.anaconda.org/conda-forge/noarch/typing_utils-0.1.0-pyhd8ed1ab_0.tar.bz2#eb67e3cace64c66233e2d35949e20f92
https://conda.anaconda.org/conda-forge/noarch/overrides-7.7.0-pyhd8ed1ab_0.conda#24fba5a9d161ad8103d4e84c0e1a3ed4
https://conda.anaconda.org/conda-forge/noarch/prometheus_client-0.20.0-pyhd8ed1ab_0.conda#9a19b94034dd3abb2b348c8b93388035
https://conda.anaconda.org/conda-forge/noarch/send2trash-1.8.3-pyh0d859eb_0.conda#778594b20097b5a948c59e50ae42482a
https://conda.anaconda.org/conda-forge/noarch/websocket-client-1.8.0-pyhd8ed1ab_0.conda#f372c576b8774922da83cda2b12f9d29
https://conda.anaconda.org/conda-forge/noarch/jupyter_server-2.14.0-pyhd8ed1ab_0.conda#b82b9798563dea0cd8e4e3074227f04c
https://conda.anaconda.org/conda-forge/linux-64/pandoc-3.1.13-ha770c72_0.conda#9105ee57dc4869bc5d1876b531202676
https://conda.anaconda.org/conda-forge/noarch/nbconvert-pandoc-7.16.4-hd8ed1ab_0.conda#391934bd1a79990c23df1d1809ddc821
https://conda.anaconda.org/conda-forge/noarch/nbconvert-7.16.4-hd8ed1ab_0.conda#c9d64b8a7ee8e6bdbf0e7d8aa7f39601
https://conda.anaconda.org/conda-forge/noarch/notebook-shim-0.2.4-pyhd8ed1ab_0.conda#3d85618e2c97ab896b5b5e298d32b5b3
https://conda.anaconda.org/conda-forge/noarch/nbclassic-1.0.0-pyhb4ecaf3_1.conda#a0be31e9bd84d6eae87cdbf74c56b90b
https://conda.anaconda.org/conda-forge/noarch/notebook-6.5.6-pyha770c72_0.conda#2e2422cf19f555ef3ddbbeaf2eac7545
https://conda.anaconda.org/conda-forge/noarch/widgetsnbextension-3.6.6-pyhd8ed1ab_0.conda#fe79dfe7d51794d665ec3c2fdd4e47c3
https://conda.anaconda.org/conda-forge/noarch/ipywidgets-7.8.0-pyhd8ed1ab_0.conda#518b05adab6cfe6ea249319932d9d4a3
https://conda.anaconda.org/conda-forge/noarch/jupyter_console-6.6.3-pyhd8ed1ab_0.conda#7cf6f52a66f8e3cd9d8b6c231262dcab
https://conda.anaconda.org/conda-forge/noarch/qtpy-2.4.1-pyhd8ed1ab_0.conda#7f391bd70d2abfb70f304ba5aa4e1261
https://conda.anaconda.org/conda-forge/noarch/qtconsole-base-5.5.2-pyha770c72_0.conda#0f63ec743defb9de6728a98150a80839
https://conda.anaconda.org/conda-forge/noarch/jupyter-1.0.0-pyhd8ed1ab_10.conda#056b8cc3d9b03f54fc49e6d70d7dc359
https://conda.anaconda.org/conda-forge/noarch/mock-5.1.0-pyhd8ed1ab_0.conda#926c67c0310094cf421ad13f7d3f38e5
https://conda.anaconda.org/conda-forge/noarch/nose-1.3.7-py_1006.tar.bz2#382019d5f8e9362ef6f60a8d4e7bce8f
https://conda.anaconda.org/conda-forge/linux-64/libgfortran5-13.2.0-hca663fb_7.conda#c0bd771f09a326fdcd95a60b617795bf
https://conda.anaconda.org/conda-forge/linux-64/libgfortran-ng-13.2.0-h69a702a_7.conda#1b84f26d9f4f6026e179e7805d5a15cd
https://conda.anaconda.org/conda-forge/linux-64/libopenblas-0.3.25-pthreads_h413a1c8_0.conda#d172b34a443b95f86089e8229ddc9a17
https://conda.anaconda.org/conda-forge/linux-64/libblas-3.9.0-20_linux64_openblas.conda#2b7bb4f7562c8cf334fc2e20c2d28abc
https://conda.anaconda.org/conda-forge/linux-64/libcblas-3.9.0-20_linux64_openblas.conda#36d486d72ab64ffea932329a1d3729a3
https://conda.anaconda.org/conda-forge/linux-64/liblapack-3.9.0-20_linux64_openblas.conda#6fabc51f5e647d09cc010c40061557e0
https://conda.anaconda.org/conda-forge/linux-64/numpy-1.24.4-py38h59b608b_0.conda#8c3e050afeeb2b32575bdb8955cc67b2
https://conda.anaconda.org/conda-forge/noarch/python-tzdata-2024.1-pyhd8ed1ab_0.conda#98206ea9954216ee7540f0c773f2104d
https://conda.anaconda.org/conda-forge/noarch/pytz-2024.1-pyhd8ed1ab_0.conda#3eeeeb9e4827ace8c0c1419c85d590ad
https://conda.anaconda.org/conda-forge/linux-64/pandas-2.0.3-py38h01efb38_1.conda#01a2b6144e65631e2fe24e569d0738ee
https://conda.anaconda.org/conda-forge/noarch/hdijupyterutils-0.21.0-pyh1a96a4e_0.conda#4db6232a9b934edc1c1e2f7b7d5a5d40
https://conda.anaconda.org/conda-forge/noarch/tenacity-8.2.3-pyhd8ed1ab_0.conda#1482e77f87c6a702a7e05ef22c9b197b
https://conda.anaconda.org/conda-forge/noarch/plotly-5.22.0-pyhd8ed1ab_0.conda#5b409a5f738e7d76c2b426eddb7e9956
https://conda.anaconda.org/conda-forge/noarch/autovizwidget-0.21.0-pyh1a96a4e_0.conda#7db56991c3c823ddb394ed85df9b54f5
https://conda.anaconda.org/conda-forge/noarch/jmespath-1.0.1-pyhd8ed1ab_0.tar.bz2#2cfa3e1cf3fb51bb9b17acc5b5e9ea11
https://conda.anaconda.org/conda-forge/linux-64/brotli-python-1.1.0-py38h17151c0_1.conda#7a5a699c8992fc51ef25e980f4502c2a
https://conda.anaconda.org/conda-forge/noarch/pysocks-1.7.1-pyha2e5f31_6.tar.bz2#2a7de29fb590ca14b5243c4c812c8025
https://conda.anaconda.org/conda-forge/noarch/urllib3-1.26.18-pyhd8ed1ab_0.conda#bf61cfd2a7f212efba378167a07d4a6a
https://conda.anaconda.org/conda-forge/noarch/botocore-1.34.98-pyge38_1234567_0.conda#7431f79d15baf6620a4d997f2a2c411a
https://conda.anaconda.org/conda-forge/noarch/s3transfer-0.10.1-pyhd8ed1ab_0.conda#a41cafc1fb653ce0e48b9310226e90fd
https://conda.anaconda.org/conda-forge/noarch/boto3-1.34.98-pyhd8ed1ab_0.conda#ad5f1cf07ac5a347b67133436be9a12f
https://conda.anaconda.org/conda-forge/noarch/click-8.1.7-unix_pyh707e725_0.conda#f3ad426304898027fc619827ff428eca
https://conda.anaconda.org/conda-forge/noarch/importlib-metadata-6.10.0-pyha770c72_0.conda#ae2ad334f34040e147cc5824b450463b
https://conda.anaconda.org/conda-forge/noarch/certifi-2024.2.2-pyhd8ed1ab_0.conda#0876280e409658fc6f9e75d035960333
https://conda.anaconda.org/conda-forge/noarch/charset-normalizer-3.3.2-pyhd8ed1ab_0.conda#7f4a9e3fcff3f6356ae99244a014da6a
https://conda.anaconda.org/conda-forge/noarch/requests-2.31.0-pyhd8ed1ab_0.conda#a30144e4156cdbb236f99ebb49828f8b
https://conda.anaconda.org/conda-forge/noarch/mdurl-0.1.2-pyhd8ed1ab_0.conda#776a8dd9e824f77abac30e6ef43a8f7a
https://conda.anaconda.org/conda-forge/noarch/markdown-it-py-3.0.0-pyhd8ed1ab_0.conda#93a8e71256479c62074356ef6ebf501b
https://conda.anaconda.org/conda-forge/noarch/rich-13.7.1-pyhd8ed1ab_0.conda#ba445bf767ae6f0d959ff2b40c20912b
https://conda.anaconda.org/conda-forge/noarch/tabulate-0.9.0-pyhd8ed1ab_1.tar.bz2#4759805cce2d914c38472f70bf4d8bcb
https://conda.anaconda.org/conda-forge/noarch/aws-glue-sessions-1.0.5-pyhd8ed1ab_0.conda#8ccc16d2b47f985b692d5f5d12976253
https://conda.anaconda.org/conda-forge/noarch/babel-2.14.0-pyhd8ed1ab_0.conda#9669586875baeced8fc30c0826c3270e
https://conda.anaconda.org/conda-forge/linux-64/bcrypt-4.1.2-py38h0cc4f7c_0.conda#4ee43016b727418ce3beb16501a9407e
https://conda.anaconda.org/conda-forge/noarch/blinker-1.8.1-pyhd8ed1ab_0.conda#9cc33aaf9029ddbda84b008f0519d0f5
https://conda.anaconda.org/conda-forge/noarch/boltons-24.0.0-pyhd8ed1ab_0.conda#61de176bd62041f9cd5bd4fcd09eb0ff
https://conda.anaconda.org/conda-forge/linux-64/libbrotlicommon-1.1.0-hd590300_1.conda#aec6c91c7371c26392a06708a73c70e5
https://conda.anaconda.org/conda-forge/linux-64/libbrotlidec-1.1.0-hd590300_1.conda#f07002e225d7a60a694d42a7bf5ff53f
https://conda.anaconda.org/conda-forge/linux-64/libbrotlienc-1.1.0-hd590300_1.conda#5fc11c6020d421960607d821310fcd4d
https://conda.anaconda.org/conda-forge/linux-64/brotli-bin-1.1.0-hd590300_1.conda#39f910d205726805a958da408ca194ba
https://conda.anaconda.org/conda-forge/linux-64/brotli-1.1.0-hd590300_1.conda#f27a24d46e3ea7b70a1f98e50c62508f
https://conda.anaconda.org/conda-forge/linux-64/c-ares-1.28.1-hd590300_0.conda#dcde58ff9a1f30b0037a2315d1846d1f
https://conda.anaconda.org/conda-forge/noarch/cachetools-5.3.3-pyhd8ed1ab_0.conda#cd4c26c702a9bcdc70ff05b609ddacbe
https://conda.anaconda.org/conda-forge/linux-64/libexpat-2.6.2-h59595ed_0.conda#e7ba12deb7020dd080c6c70e7b6f6a3d
https://conda.anaconda.org/conda-forge/linux-64/expat-2.6.2-h59595ed_0.conda#53fb86322bdb89496d7579fe3f02fd61
https://conda.anaconda.org/conda-forge/linux-64/libpng-1.6.43-h2797004_0.conda#009981dd9cfcaa4dbfa25ffaed86bcae
https://conda.anaconda.org/conda-forge/linux-64/freetype-2.12.1-h267a509_2.conda#9ae35c3d96db2c94ce0cef86efdfa2cb
https://conda.anaconda.org/conda-forge/linux-64/fontconfig-2.14.2-h14ed4e7_0.conda#0f69b688f52ff6da70bccb7ff7001d1d
https://conda.anaconda.org/conda-forge/noarch/font-ttf-dejavu-sans-mono-2.37-hab24e00_0.tar.bz2#0c96522c6bdaed4b1566d11387caaf45
https://conda.anaconda.org/conda-forge/noarch/font-ttf-inconsolata-3.000-h77eed37_0.tar.bz2#34893075a5c9e55cdafac56607368fc6
https://conda.anaconda.org/conda-forge/noarch/font-ttf-source-code-pro-2.038-h77eed37_0.tar.bz2#4d59c254e01d9cde7957100457e2d5fb
https://conda.anaconda.org/conda-forge/noarch/font-ttf-ubuntu-0.83-h77eed37_2.conda#cbbe59391138ea5ad3658c76912e147f
https://conda.anaconda.org/conda-forge/noarch/fonts-conda-forge-1-0.tar.bz2#f766549260d6815b0c52253f1fb1bb29
https://conda.anaconda.org/conda-forge/noarch/fonts-conda-ecosystem-1-0.tar.bz2#fee5683a3f04bd15cbd8318b096a27ab
https://conda.anaconda.org/conda-forge/linux-64/icu-73.2-h59595ed_0.conda#cc47e1facc155f91abd89b11e48e72ff
https://conda.anaconda.org/conda-forge/linux-64/libiconv-1.17-hd590300_2.conda#d66573916ffcf376178462f1b61c941e
https://conda.anaconda.org/conda-forge/linux-64/pcre2-10.43-hcad00b1_0.conda#8292dea9e022d9610a11fce5e0896ed8
https://conda.anaconda.org/conda-forge/linux-64/libglib-2.80.0-hf2295e7_6.conda#9342e7c44c38bea649490f72d92c382d
https://conda.anaconda.org/conda-forge/linux-64/pthread-stubs-0.4-h36c2ea0_1001.tar.bz2#22dad4df6e8630e8dff2428f6f6a7036
https://conda.anaconda.org/conda-forge/linux-64/xorg-libxau-1.0.11-hd590300_0.conda#2c80dc38fface310c9bd81b17037fee5
https://conda.anaconda.org/conda-forge/linux-64/xorg-libxdmcp-1.1.3-h7f98852_0.tar.bz2#be93aabceefa2fac576e971aef407908
https://conda.anaconda.org/conda-forge/linux-64/libxcb-1.15-h0b41bf4_0.conda#33277193f5b92bad9fdd230eb700929c
https://conda.anaconda.org/conda-forge/linux-64/pixman-0.43.2-h59595ed_0.conda#71004cbf7924e19c02746ccde9fd7123
https://conda.anaconda.org/conda-forge/linux-64/xorg-libice-1.1.1-hd590300_0.conda#b462a33c0be1421532f28bfe8f4a7514
https://conda.anaconda.org/conda-forge/linux-64/xorg-libsm-1.2.4-h7391055_0.conda#93ee23f12bc2e684548181256edd2cf6
https://conda.anaconda.org/conda-forge/linux-64/xorg-kbproto-1.0.7-h7f98852_1002.tar.bz2#4b230e8381279d76131116660f5a241a
https://conda.anaconda.org/conda-forge/linux-64/xorg-xextproto-7.3.0-h0b41bf4_1003.conda#bce9f945da8ad2ae9b1d7165a64d0f87
https://conda.anaconda.org/conda-forge/linux-64/xorg-xproto-7.0.31-h7f98852_1007.tar.bz2#b4a4381d54784606820704f7b5f05a15
https://conda.anaconda.org/conda-forge/linux-64/xorg-libx11-1.8.9-h8ee46fc_0.conda#077b6e8ad6a3ddb741fce2496dd01bec
https://conda.anaconda.org/conda-forge/linux-64/xorg-libxext-1.3.4-h0b41bf4_2.conda#82b6df12252e6f32402b96dacc656fec
https://conda.anaconda.org/conda-forge/linux-64/xorg-renderproto-0.11.1-h7f98852_1002.tar.bz2#06feff3d2634e3097ce2fe681474b534
https://conda.anaconda.org/conda-forge/linux-64/xorg-libxrender-0.9.11-hd590300_0.conda#ed67c36f215b310412b2af935bf3e530
https://conda.anaconda.org/conda-forge/linux-64/zlib-1.2.13-hd590300_5.conda#68c34ec6149623be41a1933ab996a209
https://conda.anaconda.org/conda-forge/linux-64/cairo-1.18.0-h3faef2a_0.conda#f907bb958910dc404647326ca80c263e
https://conda.anaconda.org/conda-forge/noarch/cloudpickle-2.2.1-pyhd8ed1ab_0.conda#b325bfc4cff7d7f8a868f1f7ecc4ed16
https://conda.anaconda.org/conda-forge/noarch/colorama-0.4.6-pyhd8ed1ab_0.tar.bz2#3faab06a954c2a04039983f2c4a50d99
https://conda.anaconda.org/conda-forge/linux-64/fmt-10.2.1-h00ab1b0_0.conda#35ef8bc24bd34074ebae3c943d551728
https://conda.anaconda.org/conda-forge/linux-64/libxml2-2.12.6-h232c23b_2.conda#9a3a42df8a95f65334dfc7b80da1195d
https://conda.anaconda.org/conda-forge/linux-64/lz4-c-1.9.4-hcb278e6_0.conda#318b08df404f9c9be5712aaa5a6f0bb0
https://conda.anaconda.org/conda-forge/linux-64/lzo-2.10-hd590300_1001.conda#ec7398d21e2651e0dcb0044d03b9a339
https://conda.anaconda.org/conda-forge/linux-64/libarchive-3.7.2-h2aa1ff5_1.conda#3bf887827d1968275978361a6e405e4f
https://conda.anaconda.org/conda-forge/linux-64/libev-4.33-hd590300_2.conda#172bf1cd1ff8629f2b1179945ed45055
https://conda.anaconda.org/conda-forge/linux-64/libnghttp2-1.58.0-h47da74e_1.conda#700ac6ea6d53d5510591c4344d5c989a
https://conda.anaconda.org/conda-forge/linux-64/libssh2-1.11.0-h0841786_0.conda#1f5a58e686b13bcfde88b93f547d23fe
https://conda.anaconda.org/conda-forge/linux-64/libcurl-8.7.1-hca28451_0.conda#755c7f876815003337d2c61ff5d047e5
https://conda.anaconda.org/conda-forge/linux-64/libsolv-0.7.29-ha6fb4c9_0.conda#28f3c528c01a07a592ee19f73ed730a0
https://conda.anaconda.org/conda-forge/linux-64/reproc-14.2.4.post0-hd590300_1.conda#82ca53502dfd5a64a80dee76dae14685
https://conda.anaconda.org/conda-forge/linux-64/reproc-cpp-14.2.4.post0-h59595ed_1.conda#715e1d720ec1a03715bebd237972fca5
https://conda.anaconda.org/conda-forge/linux-64/yaml-cpp-0.8.0-h59595ed_0.conda#965eaacd7c18eb8361fd12bb9e7a57d7
https://conda.anaconda.org/conda-forge/linux-64/libmamba-1.5.8-had39da4_0.conda#def669885dc103d8acb7ac2ac35e0b2f
https://conda.anaconda.org/conda-forge/noarch/pybind11-abi-4-hd8ed1ab_3.tar.bz2#878f923dd6acc8aeb47a75da6c4098be
https://conda.anaconda.org/conda-forge/linux-64/libmambapy-1.5.8-py38h5cd715c_0.conda#e4eac285f6a2b26a976e342c149645cd
https://conda.anaconda.org/conda-forge/noarch/conda-libmamba-solver-24.1.0-pyhd8ed1ab_0.conda#304dc78ad6e52e0fd663df1d484c1531
https://conda.anaconda.org/conda-forge/linux-64/zstandard-0.22.0-py38ha98ab4e_0.conda#5a71f7414d8398d353c63c3d6fc846bc
https://conda.anaconda.org/conda-forge/noarch/conda-package-streaming-0.9.0-pyhd8ed1ab_0.conda#38253361efb303deead3eab39ae9269b
https://conda.anaconda.org/conda-forge/noarch/conda-package-handling-2.2.0-pyh38be061_0.conda#8a3ae7f6318376aa08ea753367bb7dd6
https://conda.anaconda.org/conda-forge/noarch/distro-1.9.0-pyhd8ed1ab_0.conda#bbdb409974cd6cb30071b1d978302726
https://conda.anaconda.org/conda-forge/noarch/jsonpatch-1.33-pyhd8ed1ab_0.conda#bfdb7c5c6ad1077c82a69a8642c87aff
https://conda.anaconda.org/conda-forge/linux-64/menuinst-2.0.2-py38h578d9bd_0.conda#c1514fdcdcb7d1c4d1224e50e5e83773
https://conda.anaconda.org/conda-forge/noarch/pluggy-1.5.0-pyhd8ed1ab_0.conda#d3483c8fc2dc2cc3f5cf43e26d60cabf
https://conda.anaconda.org/conda-forge/linux-64/pycosat-0.6.6-py38h01eb140_0.conda#62e285b1705fd8a2b94320be2bb36ff5
https://conda.anaconda.org/conda-forge/linux-64/ruamel.yaml.clib-0.2.8-py38h01eb140_0.conda#4aa891e6cb42aed8fefaee7f4eb58383
https://conda.anaconda.org/conda-forge/linux-64/ruamel.yaml-0.18.6-py38h01eb140_0.conda#54baf6f86c42f6795251de56141976f5
https://conda.anaconda.org/conda-forge/noarch/tqdm-4.66.4-pyhd8ed1ab_0.conda#e74cd796e70a4261f86699ee0a3a7a24
https://conda.anaconda.org/conda-forge/linux-64/conda-23.11.0-py38h578d9bd_1.conda#58b901b424ad62e99418e7ff8081e53b
https://conda.anaconda.org/conda-forge/noarch/contextlib2-21.6.0-pyhd8ed1ab_0.tar.bz2#5b26a831440be04c39531a8ce20f5d71
https://conda.anaconda.org/conda-forge/linux-64/contourpy-1.1.1-py38h7f3f72f_1.conda#18ae206b2d413e5cc8d2bb8ab48aa165
https://conda.anaconda.org/conda-forge/linux-64/cryptography-42.0.6-py38h1407eca_0.conda#d86c9d1154ae3ffdfb08602dafa9fe3e
https://conda.anaconda.org/conda-forge/noarch/cuda-version-11.8-h70ddcb2_3.conda#670f0e1593b8c1d84f57ad5fe5256799
https://conda.anaconda.org/conda-forge/linux-64/cudatoolkit-11.8.0-h4ba93d1_13.conda#eb43f5f1f16e2fad2eba22219c3e499b
https://conda.anaconda.org/conda-forge/linux-64/cudnn-8.9.7.29-hbc23b4c_3.conda#4a2d5fab2871d95544de4e1752948d0f
https://conda.anaconda.org/conda-forge/noarch/cycler-0.12.1-pyhd8ed1ab_0.conda#5cd86562580f274031ede6aa6aa24441
https://conda.anaconda.org/conda-forge/linux-64/libntlm-1.4-h7f98852_1002.tar.bz2#e728e874159b042d92b90238a3cb0dc2
https://conda.anaconda.org/conda-forge/linux-64/cyrus-sasl-2.1.27-h54b06d7_7.conda#dce22f70b4e5a407ce88f2be046f4ceb
https://conda.anaconda.org/conda-forge/linux-64/dbus-1.13.6-h5008d03_3.tar.bz2#ecfff944ba3960ecb334b9a2663d708d
https://conda.anaconda.org/conda-forge/noarch/dill-0.3.8-pyhd8ed1ab_0.conda#78745f157d56877a2c6e7b386f66f3e2
https://conda.anaconda.org/conda-forge/linux-64/pynacl-1.5.0-py38h01eb140_3.conda#3378edcc1c266409b1135b955e050c2a
https://conda.anaconda.org/conda-forge/noarch/paramiko-3.4.0-pyhd8ed1ab_0.conda#a5e792523b028b06d7ce6e65a6cd4a33
https://conda.anaconda.org/conda-forge/noarch/pywin32-on-windows-0.1.0-pyh1179c8e_3.tar.bz2#2807a0becd1d986fe1ef9b7f8135f215
https://conda.anaconda.org/conda-forge/noarch/docker-py-7.0.0-pyhd8ed1ab_0.conda#aec5f308cb9055e83c59afecd5fcb58a
https://conda.anaconda.org/conda-forge/noarch/filelock-3.14.0-pyhd8ed1ab_0.conda#831d85ae0acfba31b8efd0f0d07da736
https://conda.anaconda.org/conda-forge/linux-64/flatbuffers-23.5.26-h59595ed_1.conda#913a1c6fd00b66f33392a129e835ceca
https://conda.anaconda.org/conda-forge/noarch/munkres-1.1.4-pyh9f0ad1d_0.tar.bz2#2ba8498c1018c1e9c61eb99b973dfe19
https://conda.anaconda.org/conda-forge/linux-64/unicodedata2-15.1.0-py38h01eb140_0.conda#d28c162f670f8dc3a89e246573ae96c9
https://conda.anaconda.org/conda-forge/linux-64/fonttools-4.51.0-py38h01eb140_0.conda#f285ccf73f9e81de1acc5aa2e5c0b154
https://conda.anaconda.org/conda-forge/noarch/future-1.0.0-pyhd8ed1ab_0.conda#650a7807e689642dddd3590eb817beed
https://conda.anaconda.org/conda-forge/noarch/gast-0.5.4-pyhd8ed1ab_0.conda#8189adbad784030b76bbf81c68d7b0d4
https://conda.anaconda.org/conda-forge/linux-64/gettext-tools-0.22.5-h59595ed_2.conda#985f2f453fb72408d6b6f1be0f324033
https://conda.anaconda.org/conda-forge/linux-64/libasprintf-0.22.5-h661eb56_2.conda#dd197c968bf9760bba0031888d431ede
https://conda.anaconda.org/conda-forge/linux-64/libasprintf-devel-0.22.5-h661eb56_2.conda#02e41ab5834dcdcc8590cf29d9526f50
https://conda.anaconda.org/conda-forge/linux-64/libgettextpo-0.22.5-h59595ed_2.conda#172bcc51059416e7ce99e7b528cede83
https://conda.anaconda.org/conda-forge/linux-64/libgettextpo-devel-0.22.5-h59595ed_2.conda#b63d9b6da3653179a278077f0de20014
https://conda.anaconda.org/conda-forge/linux-64/gettext-0.22.5-h59595ed_2.conda#219ba82e95d7614cf7140d2a4afc0926
https://conda.anaconda.org/conda-forge/linux-64/giflib-5.2.2-hd590300_0.conda#3bf7b9fd5a7136126e0234db4b87c8b6
https://conda.anaconda.org/conda-forge/linux-64/glib-tools-2.80.0-hde27a5a_6.conda#a9d23c02485c5cf055f9ac90eb9c9c63
https://conda.anaconda.org/conda-forge/linux-64/glib-2.80.0-hf2295e7_6.conda#a1e026a82a562b443845db5614ca568a
https://conda.anaconda.org/conda-forge/linux-64/gmp-6.3.0-h59595ed_1.conda#e358c7c5f6824c272b5034b3816438a7
https://conda.anaconda.org/conda-forge/linux-64/mpfr-4.2.1-h9458935_1.conda#8083b20f566639c22f78bcd6ca35b276
https://conda.anaconda.org/conda-forge/linux-64/mpc-1.3.1-hfe3b2da_0.conda#289c71e83dc0daa7d4c81f04180778ca
https://conda.anaconda.org/conda-forge/linux-64/gmpy2-2.1.5-py38h93d3344_0.conda#7bab3666b306cfa20e45a0735b2bbdd1
https://conda.anaconda.org/conda-forge/noarch/pyasn1-0.6.0-pyhd8ed1ab_0.conda#d528d00a110a974e75aa6db6a4f04dc7
https://conda.anaconda.org/conda-forge/noarch/pyasn1-modules-0.4.0-pyhd8ed1ab_0.conda#8e40d7b2b3bdf9f3cab88d93d7dfaf3b
https://conda.anaconda.org/conda-forge/noarch/pyopenssl-24.0.0-pyhd8ed1ab_0.conda#b50aec2c744a5c493c09cce9e2e7533e
https://conda.anaconda.org/conda-forge/noarch/pyu2f-0.1.5-pyhd8ed1ab_0.tar.bz2#caabbeaa83928d0c3e3949261daa18eb
https://conda.anaconda.org/conda-forge/noarch/rsa-4.9-pyhd8ed1ab_0.tar.bz2#03bf410858b2cefc267316408a77c436
https://conda.anaconda.org/conda-forge/noarch/google-auth-2.29.0-pyhca7485f_0.conda#a12a2abc807053bc378b218a2a525c7d
https://conda.anaconda.org/conda-forge/noarch/pyjwt-2.8.0-pyhd8ed1ab_1.conda#74f76d4868dbba5870f2cf1d9b12d8f3
https://conda.anaconda.org/conda-forge/noarch/oauthlib-3.2.2-pyhd8ed1ab_0.tar.bz2#8f882b197fd9c4941a787926baea4868
https://conda.anaconda.org/conda-forge/noarch/requests-oauthlib-2.0.0-pyhd8ed1ab_0.conda#87ce3f09ae7e1d3d0f748a1a634ea3b7
https://conda.anaconda.org/conda-forge/noarch/google-auth-oauthlib-1.0.0-pyhd8ed1ab_1.conda#569e62e95b01b53e4ec7d9abe83b7385
https://conda.anaconda.org/conda-forge/noarch/google-pasta-0.2.0-pyh8c360ce_0.tar.bz2#26e27d7d3d7fe2336b543dd8e0f12cbf
https://conda.anaconda.org/conda-forge/linux-64/graphite2-1.3.13-h59595ed_1003.conda#f87c7b7c2cb45f323ffbce941c78ab7c
https://conda.anaconda.org/conda-forge/linux-64/greenlet-3.0.3-py38h17151c0_0.conda#96428abcd2b3b8e945f8b26e6d9f82f8
https://conda.anaconda.org/conda-forge/linux-64/libabseil-20230125.3-cxx17_h59595ed_0.conda#d1db1b8be7c3a8983dcbbbfe4f0765de
https://conda.anaconda.org/conda-forge/linux-64/libprotobuf-3.21.12-hfc55251_2.conda#e3a7d4ba09b8dc939b98fef55f539220
https://conda.anaconda.org/conda-forge/linux-64/re2-2023.03.02-h8c504da_0.conda#206f8fa808748f6e90599c3368a1114e
https://conda.anaconda.org/conda-forge/linux-64/libgrpc-1.54.3-hb20ce57_0.conda#7af7c59ab24db007dfd82e0a3a343f66
https://conda.anaconda.org/conda-forge/linux-64/grpcio-1.54.3-py38h8dc9893_0.conda#a09745021e0de884c2b9f584c6c8951c
https://conda.anaconda.org/conda-forge/linux-64/gstreamer-1.24.3-haf2f30d_0.conda#f3df87cc9ef0b5113bff55aefcbcafd5
https://conda.anaconda.org/conda-forge/linux-64/libogg-1.3.4-h7f98852_1.tar.bz2#6e8cc2173440d77708196c5b93771680
https://conda.anaconda.org/conda-forge/linux-64/libopus-1.3.1-h7f98852_1.tar.bz2#15345e56d527b330e1cacbdf58676e8f
https://conda.anaconda.org/conda-forge/linux-64/libvorbis-1.3.7-h9c3ff4c_0.tar.bz2#309dec04b70a3cc0f1e84a4013683bc0
https://conda.anaconda.org/conda-forge/linux-64/gst-plugins-base-1.24.3-h9ad1361_0.conda#8fb0e954c616bb0f9389efac4b4ed44b
https://conda.anaconda.org/conda-forge/linux-64/libaec-1.1.3-h59595ed_0.conda#5e97e271911b8b2001a8b71860c32faa
https://conda.anaconda.org/conda-forge/linux-64/hdf5-1.14.3-nompi_h4f84152_101.conda#7e98860d08eea82c8057abd78864fcb4
https://conda.anaconda.org/conda-forge/linux-64/h5py-3.11.0-nompi_py38h2c1edd7_100.conda#4e1effb8024ff08464e911106c78e90f
https://conda.anaconda.org/conda-forge/linux-64/harfbuzz-8.4.0-h3d44ed6_0.conda#27f46291a6aaa3c2a4f798ebd35a7ddb
https://conda.anaconda.org/conda-forge/noarch/importlib-resources-6.4.0-pyhd8ed1ab_0.conda#dcbadab7a68738a028e195ab68ab2d2e
https://conda.anaconda.org/conda-forge/noarch/importlib_metadata-6.10.0-hd8ed1ab_0.conda#c063ddbb9908499fd4f20b31dc67065a
https://conda.anaconda.org/conda-forge/noarch/joblib-1.4.2-pyhd8ed1ab_0.conda#25df261d4523d9f9783bcdb7208d872f
https://conda.anaconda.org/conda-forge/noarch/json5-0.9.25-pyhd8ed1ab_0.conda#5d8c241a9261e720a34a07a3e1ac4109
https://conda.anaconda.org/conda-forge/noarch/jupyter_server_fileid-0.9.2-pyhd8ed1ab_0.conda#b3001efcd21df5156985c1f027d8d331
https://conda.anaconda.org/conda-forge/linux-64/y-py-0.5.9-py38h9fda977_0.conda#18517ed6c99222252a7409b9e128015c
https://conda.anaconda.org/conda-forge/noarch/jupyter_ydoc-0.2.4-pyhd8ed1ab_0.conda#be5d4633c1cc40343ed417153a184006
https://conda.anaconda.org/conda-forge/noarch/ypy-websocket-0.8.2-pyhd8ed1ab_0.conda#5ee5ad3af20138020065985de57f0711
https://conda.anaconda.org/conda-forge/noarch/jupyter_server_ydoc-0.8.0-pyhd8ed1ab_0.conda#780280d42fbcb2eaf654a6ba7a3e5bb5
https://conda.anaconda.org/conda-forge/noarch/jupyterlab_server-2.27.1-pyhd8ed1ab_0.conda#d97923b777ce837cf67e7858ac600834
https://conda.anaconda.org/conda-forge/noarch/tomli-2.0.1-pyhd8ed1ab_0.tar.bz2#5844808ffab9ebdb694585b50ba02a96
https://conda.anaconda.org/conda-forge/noarch/jupyterlab-3.6.7-pyhd8ed1ab_0.conda#fcf9660b45f08b4aea0a28f8c1bd526e
https://conda.anaconda.org/conda-forge/noarch/keras-2.13.1-pyhd8ed1ab_0.conda#2859446371c82580dc7924859b5007cb
https://conda.anaconda.org/conda-forge/linux-64/kiwisolver-1.4.5-py38h7f3f72f_1.conda#b66dcd4f710628fc5563ad56f02ca89b
https://conda.anaconda.org/conda-forge/linux-64/lame-3.100-h166bdaf_1003.tar.bz2#a8832b479f93521a9e7b5b743803be51
https://conda.anaconda.org/conda-forge/linux-64/libjpeg-turbo-3.0.0-hd590300_1.conda#ea25936bb4080d843790b586850f82b8
https://conda.anaconda.org/conda-forge/linux-64/lerc-4.0.0-h27087fc_0.tar.bz2#76bbff344f0134279f225174e9064c8f
https://conda.anaconda.org/conda-forge/linux-64/libdeflate-1.20-hd590300_0.conda#8e88f9389f1165d7c0936fe40d9a9a79
https://conda.anaconda.org/conda-forge/linux-64/libwebp-base-1.4.0-hd590300_0.conda#b26e8aa824079e1be0294e7152ca4559
https://conda.anaconda.org/conda-forge/linux-64/libtiff-4.6.0-h1dd3fc0_3.conda#66f03896ffbe1a110ffda05c7a856504
https://conda.anaconda.org/conda-forge/linux-64/lcms2-2.16-hb7c19ff_0.conda#51bb7010fc86f70eee639b4bb7a894f5
https://conda.anaconda.org/conda-forge/linux-64/libcap-2.69-h0f662aa_0.conda#25cb5999faa414e5ccb2c1388f62d3d5
https://conda.anaconda.org/conda-forge/linux-64/libllvm15-15.0.7-hb3ce162_4.conda#8a35df3cbc0c8b12cc8af9473ae75eef
https://conda.anaconda.org/conda-forge/linux-64/libclang-cpp15-15.0.7-default_h127d8a8_5.conda#d0a9633b53cdc319b8a1a532ae7822b8
https://conda.anaconda.org/conda-forge/linux-64/libllvm18-18.1.4-h2448989_0.conda#fc46f35def3d50b071c138fe8b84bc72
https://conda.anaconda.org/conda-forge/linux-64/libclang13-18.1.4-default_h5d6823c_0.conda#2c3b47879fc036ef57f3056834737ecb
https://conda.anaconda.org/conda-forge/linux-64/libcups-2.3.3-h4637d8d_4.conda#d4529f4dff3057982a7617c7ac58fde3
https://conda.anaconda.org/conda-forge/linux-64/libevent-2.1.12-hf998b51_1.conda#a1cfcc585f0c42bf8d5546bb1dfb668d
https://conda.anaconda.org/conda-forge/linux-64/libflac-1.4.3-h59595ed_0.conda#ee48bf17cc83a00f59ca1494d5646869
https://conda.anaconda.org/conda-forge/linux-64/libgpg-error-1.49-h4f305b6_0.conda#dfcfd72c7a430d3616763ecfbefe4ca9
https://conda.anaconda.org/conda-forge/linux-64/libgcrypt-1.10.3-hd590300_0.conda#32d16ad533c59bb0a3c5ffaf16110829
https://conda.anaconda.org/conda-forge/linux-64/libhwloc-2.10.0-default_h2fb2949_1000.conda#7e3726e647a619c6ce5939014dfde86d
https://conda.anaconda.org/conda-forge/linux-64/libmagma-2.7.1-hc72dce7_6.conda#afd44491bd564d8dd6cda5d9aecaa452
https://conda.anaconda.org/conda-forge/linux-64/libmagma_sparse-2.7.1-h8354cda_6.conda#5e835e8d48283880ea6ef11920c7fb14
https://conda.anaconda.org/conda-forge/linux-64/libpq-16.2-h33b98f1_1.conda#9e49ec2a61d02623b379dc332eb6889d
https://conda.anaconda.org/conda-forge/linux-64/mpg123-1.32.6-h59595ed_0.conda#9160cdeb523a1b20cf8d2a0bf821f45d
https://conda.anaconda.org/conda-forge/linux-64/libsndfile-1.2.2-hc60ed4a_1.conda#ef1910918dd895516a769ed36b5b3a4e
https://conda.anaconda.org/conda-forge/linux-64/libsystemd0-255-h3516f8a_1.conda#3366af27f0b593544a6cd453c7932ac5
https://conda.anaconda.org/conda-forge/linux-64/nccl-2.21.5.1-h6103f9b_0.conda#05381b62b2faed9609fb68b27cd575aa
https://conda.anaconda.org/conda-forge/linux-64/libxgboost-1.7.6-cuda118_hd3b444d_6.conda#78509401d0879ef5aac72b8d1e104493
https://conda.anaconda.org/conda-forge/linux-64/xkeyboard-config-2.41-hd590300_0.conda#81f740407b45e3f9047b3174fa94eb9e
https://conda.anaconda.org/conda-forge/linux-64/libxkbcommon-1.7.0-h662e7e4_0.conda#b32c0da42b1f24a98577bb3d7fc0b995
https://conda.anaconda.org/conda-forge/linux-64/magma-2.7.1-ha770c72_6.conda#f8ffd335f311e9749428727752e815bb
https://conda.anaconda.org/conda-forge/noarch/markdown-3.6-pyhd8ed1ab_0.conda#06e9bebf748a0dea03ecbe1f0e27e909
https://conda.anaconda.org/conda-forge/linux-64/openjpeg-2.5.2-h488ebb8_0.conda#7f2e286780f072ed750df46dc2631138
https://conda.anaconda.org/conda-forge/linux-64/pillow-10.3.0-py38h9e66945_0.conda#06a7c758cf349a5bf24989f179bb504e
https://conda.anaconda.org/conda-forge/noarch/pyparsing-3.1.2-pyhd8ed1ab_0.conda#b9a4dacf97241704529131a0dfc0494f
https://conda.anaconda.org/conda-forge/linux-64/matplotlib-base-3.7.3-py38h58ed7fa_0.conda#d8db25d58823182ce93233964f307a47
https://conda.anaconda.org/conda-forge/noarch/ply-3.11-pyhd8ed1ab_2.conda#18c6deb6f9602e32446398203c8f0e91
https://conda.anaconda.org/conda-forge/linux-64/sip-6.7.12-py38h17151c0_0.conda#ae2edf79b63f97071aea203b22a6774a
https://conda.anaconda.org/conda-forge/noarch/toml-0.10.2-pyhd8ed1ab_0.tar.bz2#f832c45a477c78bebd107098db465095
https://conda.anaconda.org/conda-forge/linux-64/pyqt5-sip-12.12.2-py38h17151c0_5.conda#3d66f5c4a0af2713f60ec11bf1230136
https://conda.anaconda.org/conda-forge/linux-64/mysql-common-8.3.0-hf1915f5_4.conda#784a4df6676c581ca624fbe460703a6d
https://conda.anaconda.org/conda-forge/linux-64/mysql-libs-8.3.0-hca2cd23_4.conda#1b50eebe2a738a3146c154d2eceaa8b6
https://conda.anaconda.org/conda-forge/linux-64/nspr-4.35-h27087fc_0.conda#da0ec11a6454ae19bff5b02ed881a2b1
https://conda.anaconda.org/conda-forge/linux-64/nss-3.98-h1d7d5a4_0.conda#54b56c2fdf973656b748e0378900ec13
https://conda.anaconda.org/conda-forge/linux-64/pulseaudio-client-17.0-hb77b528_0.conda#07f45f1be1c25345faddb8db0de8039b
https://conda.anaconda.org/conda-forge/linux-64/xcb-util-0.4.0-hd590300_1.conda#9bfac7ccd94d54fd21a0501296d60424
https://conda.anaconda.org/conda-forge/linux-64/xcb-util-image-0.4.0-h8ee46fc_1.conda#9d7bcddf49cbf727730af10e71022c73
https://conda.anaconda.org/conda-forge/linux-64/xcb-util-keysyms-0.4.0-h8ee46fc_1.conda#632413adcd8bc16b515cab87a2932913
https://conda.anaconda.org/conda-forge/linux-64/xcb-util-renderutil-0.3.9-hd590300_1.conda#e995b155d938b6779da6ace6c6b13816
https://conda.anaconda.org/conda-forge/linux-64/xcb-util-wm-0.4.1-h8ee46fc_1.conda#90108a432fb5c6150ccfee3f03388656
https://conda.anaconda.org/conda-forge/linux-64/xorg-xf86vidmodeproto-2.3.1-h7f98852_1002.tar.bz2#3ceea9668625c18f19530de98b15d5b0
https://conda.anaconda.org/conda-forge/linux-64/qt-main-5.15.8-hc9dc06e_21.conda#b325046180590c868ce0dbf267b82eb8
https://conda.anaconda.org/conda-forge/linux-64/pyqt-5.15.9-py38hffdaa6c_5.conda#398e774c9eaa5ed4dddf7a7681f6cfb8
https://conda.anaconda.org/conda-forge/linux-64/matplotlib-3.7.3-py38h578d9bd_0.conda#97a5ed8cd42b4276036646869bc94570
https://conda.anaconda.org/conda-forge/linux-64/tbb-2021.12.0-h00ab1b0_0.conda#f1b776cff1b426e7e7461a8502a3b731
https://conda.anaconda.org/conda-forge/linux-64/mkl-2022.2.1-h84fe81f_16997.conda#a7ce56d5757f5b57e7daabe703ade5bb
https://conda.anaconda.org/conda-forge/noarch/mpmath-1.3.0-pyhd8ed1ab_0.conda#dbf6e2d89137da32fa6670f3bffc024e
https://conda.anaconda.org/conda-forge/linux-64/multiprocess-0.70.16-py38h01eb140_0.conda#aa0527b7755f9ddb78aa067dab1e6786
https://conda.anaconda.org/conda-forge/noarch/networkx-3.1-pyhd8ed1ab_0.conda#254f787d5068bc89f578bf63893ce8b4
https://conda.anaconda.org/conda-forge/noarch/opt_einsum-3.3.0-pyhc1e730c_2.conda#7a94ac68b892daa9f17ae8a52b31ed81
https://conda.anaconda.org/conda-forge/noarch/papermill-2.6.0-pyhd8ed1ab_0.conda#7e2150bca46f713bb6e290ac1b26ed1d
https://conda.anaconda.org/conda-forge/noarch/pox-0.3.4-pyhd8ed1ab_0.conda#d5502ff0ec33b87f7ab7bc373d0e42ff
https://conda.anaconda.org/conda-forge/noarch/ppft-1.7.6.8-pyhd8ed1ab_0.conda#a104e8b98901dc1bc0b916f7e18b5e39
https://conda.anaconda.org/conda-forge/noarch/pathos-0.3.2-pyhd8ed1ab_1.conda#22ed208c1b54e7c2ec6616665fba6b0f
https://conda.anaconda.org/conda-forge/noarch/wheel-0.43.0-pyhd8ed1ab_1.conda#0b5293a157c2b5cd513dd1b03d8d3aae
https://conda.anaconda.org/conda-forge/noarch/pip-23.3.2-pyhd8ed1ab_0.conda#8591c748f98dcc02253003533bc2e4b1
https://conda.anaconda.org/conda-forge/noarch/pooch-1.8.1-pyhd8ed1ab_0.conda#d15917f33140f8d2ac9ca44db7ec8a25
https://conda.anaconda.org/conda-forge/linux-64/protobuf-4.21.12-py38h8dc9893_0.conda#237767c44dee8908f533454f9f3cdaae
https://conda.anaconda.org/conda-forge/noarch/pure-sasl-0.6.2-pyhd8ed1ab_0.tar.bz2#ac695eecf21ab48093bc33fd60b4102d
https://conda.anaconda.org/conda-forge/linux-64/scipy-1.10.1-py38h59b608b_3.conda#2f2a57462fcfbc67dfdbb0de6f7484c2
https://conda.anaconda.org/conda-forge/noarch/threadpoolctl-3.5.0-pyhc1e730c_0.conda#df68d78237980a159bd7149f33c0e8fd
https://conda.anaconda.org/conda-forge/linux-64/scikit-learn-1.3.2-py38ha25d942_2.conda#1f09a56de42f4661aa45922f88f8beb8
https://conda.anaconda.org/conda-forge/linux-64/py-xgboost-1.7.6-cuda118_py38hd9256c4_6.conda#1a3c1a8b7bff94afc66e89880bd73cc0
https://conda.anaconda.org/conda-forge/linux-64/py-xgboost-gpu-1.7.6-py38hd9256c4_6.conda#34c2abb0685fadbe797ded29d61e6007
https://conda.anaconda.org/conda-forge/linux-64/sqlalchemy-2.0.24-py38h01eb140_0.conda#647d305a8bc6c17f67bced8300590345
https://conda.anaconda.org/conda-forge/linux-64/thrift-0.20.0-py38h17151c0_0.conda#5250532e26d4f772ca433b66edd49e4b
https://conda.anaconda.org/conda-forge/noarch/thrift_sasl-0.4.3-pyhd8ed1ab_2.tar.bz2#0340a97c4990a5bb5ecf1a27fef9f9c3
https://conda.anaconda.org/conda-forge/noarch/pyhive-0.7.0-pyhd8ed1ab_0.conda#a39884e69ebf0c6454a1f8bac6f8361b
https://conda.anaconda.org/conda-forge/linux-64/pykrb5-0.5.1-py38he1344cf_1.conda#032fae2a016141da21996f61d840cf45
https://conda.anaconda.org/conda-forge/linux-64/pyspnego-0.10.2-py38h578d9bd_0.conda#3ca3240a74c964e310f564ecaab5e1a3
https://conda.anaconda.org/conda-forge/noarch/python-flatbuffers-24.3.25-pyh59ac667_0.conda#dfc884dcd61ff6543fde37a41b7d7f31
https://conda.anaconda.org/conda-forge/linux-64/python-gssapi-1.8.3-py38he1344cf_0.conda#50946330332b148f06729381162c94d3
https://conda.anaconda.org/conda-forge/linux-64/sleef-3.5.1-h9b69904_2.tar.bz2#6e016cf4c525d04a7bd038cee53ad3fd
https://conda.anaconda.org/conda-forge/noarch/sympy-1.12-pypyh9d50eac_103.conda#2f7d6347d7acf6edf1ac7f2189f44c8f
https://conda.anaconda.org/conda-forge/linux-64/pytorch-2.0.0-cuda112py38h5e67e12_200.conda#3299a6a57bce807dffa9ac73a33a8d88
https://conda.anaconda.org/conda-forge/linux-64/pytorch-gpu-2.0.0-cuda112py38h9871d0b_200.conda#59027c5cd43804ef898e80a004e85f84
https://conda.anaconda.org/conda-forge/noarch/requests-kerberos-0.14.0-pyh707e725_1.conda#411293bff0dc86f9f9bc0c0e1f227623
https://conda.anaconda.org/conda-forge/noarch/sagemaker-headless-execution-driver-0.0.12-pyhd8ed1ab_0.conda#fe8919032eb413e76a7802f013a536ee
https://conda.anaconda.org/conda-forge/noarch/sagemaker-kernel-wrapper-0.0.2-pyhd8ed1ab_0.conda#99480997ca2429b75169c896cc988cdb
https://conda.anaconda.org/conda-forge/noarch/schema-0.7.7-pyhd8ed1ab_0.conda#1add6f6b99191efab14f16e6aa9b6461
https://conda.anaconda.org/conda-forge/noarch/smdebug-rulesconfig-1.0.1-pyhd3deb0d_1.tar.bz2#be253a7939a3e7cf95a043a983cab563
https://conda.anaconda.org/conda-forge/noarch/tblib-2.0.0-pyhd8ed1ab_0.conda#f5580336fe091d46f9a2ea97da044550
https://conda.anaconda.org/conda-forge/noarch/sagemaker-python-sdk-2.218.1-pyhd8ed1ab_0.conda#433d3568fe6579e52c26bed44065812a
https://conda.anaconda.org/conda-forge/noarch/sagemaker-studio-sparkmagic-lib-0.1.4-pyhd8ed1ab_0.conda#285ce30db20d88190f1f7fb654f259ec
https://conda.anaconda.org/conda-forge/noarch/sparkmagic-0.21.0-pyhd8ed1ab_0.conda#fe489239f573c2ea018925ddea6d3190
https://conda.anaconda.org/conda-forge/noarch/sagemaker-studio-analytics-extension-0.0.21-pyhd8ed1ab_0.conda#fa0e9b0ca6c3e96d350711b6dbddaeb6
https://conda.anaconda.org/conda-forge/linux-64/sasl-0.3.1-py38hfa26641_2.tar.bz2#92962fba3364c293c18c5cfb7f3dbf5c
https://conda.anaconda.org/conda-forge/linux-64/snappy-1.1.10-hdb0a2a9_1.conda#78b8b85bdf1f42b8a2b3cb577d8742d1
https://conda.anaconda.org/conda-forge/linux-64/tensorboard-data-server-0.7.0-py38hcdda232_1.conda#1558855847dedfd98224984923ec6235
https://conda.anaconda.org/conda-forge/noarch/werkzeug-3.0.3-pyhd8ed1ab_0.conda#2e60f5f388845027ee87fca6bee4ac23
https://conda.anaconda.org/conda-forge/noarch/tensorboard-2.13.0-pyhd8ed1ab_0.conda#321151b2405f11ec6681a9a6f30822b4
https://conda.anaconda.org/conda-forge/noarch/termcolor-2.4.0-pyhd8ed1ab_0.conda#a5033708ad9283907c3b1bc1f90d0d0d
https://conda.anaconda.org/conda-forge/linux-64/wrapt-1.16.0-py38h01eb140_0.conda#d0dafe661cdf1604866a77160566a879
https://conda.anaconda.org/conda-forge/linux-64/tensorflow-base-2.13.1-cuda118py38h52ca5c6_1.conda#93826f49a5ca4ec58e500ead6aaf4206
https://conda.anaconda.org/conda-forge/linux-64/tensorflow-estimator-2.13.1-cuda118py38ha2f8a09_1.conda#5e62a5da3e06e516436be913ce2953f5
https://conda.anaconda.org/conda-forge/linux-64/tensorflow-2.13.1-cuda118py38h409af0c_1.conda#7a7c8e770e15f57894945fd50040d331
https://conda.anaconda.org/conda-forge/linux-64/torchvision-0.15.2-cuda112py38h1634128_4.conda#b4609cd03e7cdd70b8968a9eb191e15e
