# This file may be used to create an environment using:
# $ conda create --name <env> --file <this file>
# platform: linux-64
@EXPLICIT
https://conda.anaconda.org/conda-forge/linux-64/_libgcc_mutex-0.1-conda_forge.tar.bz2#d7c89558ba9fa0495403155b64376d81
https://conda.anaconda.org/conda-forge/linux-64/libgcc-ng-13.2.0-h807b86a_2.conda#c28003b0be0494f9a7664389146716ff
https://conda.anaconda.org/conda-forge/linux-64/libzlib-1.2.13-hd590300_5.conda#f36c115f1ee199da648e0597ec2047ad
https://conda.anaconda.org/conda-forge/linux-64/libstdcxx-ng-13.2.0-h7e041cc_2.conda#9172c297304f2a20134fc56c97fbe229
https://conda.anaconda.org/conda-forge/linux-64/zstd-1.5.5-hfc55251_0.conda#04b88013080254850d6c01ed54810589
https://conda.anaconda.org/conda-forge/linux-64/llvm-openmp-17.0.3-h4dfa4b3_0.conda#1a82298c57b609a31ab6f2342a307b69
https://conda.anaconda.org/conda-forge/linux-64/_openmp_mutex-4.5-2_kmp_llvm.tar.bz2#562b26ba2e19059551a811e72ab7f793
https://conda.anaconda.org/conda-forge/linux-64/_py-xgboost-mutex-2.0-cpu_0.tar.bz2#23b8f98a355030331f40d0245492f715
https://conda.anaconda.org/conda-forge/linux-64/bzip2-1.0.8-h7f98852_4.tar.bz2#a1fd65c7ccbf10880423d82bca54eb54
https://conda.anaconda.org/conda-forge/linux-64/ld_impl_linux-64-2.40-h41732ed_0.conda#7aca3059a1729aa76c597603f10b0dd3
https://conda.anaconda.org/conda-forge/linux-64/libffi-3.4.2-h7f98852_5.tar.bz2#d645c6d2ac96843a2bfaccd2d62b3ac3
https://conda.anaconda.org/conda-forge/linux-64/libnsl-2.0.1-hd590300_0.conda#30fd6e37fe21f86f4bd26d6ee73eeec7
https://conda.anaconda.org/conda-forge/linux-64/libsqlite-3.43.2-h2797004_0.conda#4b441a1ee22397d5a27dc1126b849edd
https://conda.anaconda.org/conda-forge/linux-64/libuuid-2.38.1-h0b41bf4_0.conda#40b61aab5c7ba9ff276c41cfffe6b80b
https://conda.anaconda.org/conda-forge/linux-64/ncurses-6.4-hcb278e6_0.conda#681105bccc2a3f7f1a837d47d39c9179
https://conda.anaconda.org/conda-forge/linux-64/ca-certificates-2023.7.22-hbcca054_0.conda#a73ecd2988327ad4c8f2c331482917f2
https://conda.anaconda.org/conda-forge/linux-64/openssl-3.1.4-hd590300_0.conda#412ba6938c3e2abaca8b1129ea82e238
https://conda.anaconda.org/conda-forge/linux-64/readline-8.2-h8228510_1.conda#47d31b792659ce70f470b5c82fdfb7a4
https://conda.anaconda.org/conda-forge/linux-64/tk-8.6.13-h2797004_0.conda#513336054f884f95d9fd925748f41ef3
https://conda.anaconda.org/conda-forge/noarch/tzdata-2023c-h71feb2d_0.conda#939e3e74d8be4dac89ce83b20de2492a
https://conda.anaconda.org/conda-forge/linux-64/xz-5.2.6-h166bdaf_0.tar.bz2#2161070d867d1b1204ea749c8eec4ef0
https://conda.anaconda.org/conda-forge/linux-64/python-3.10.12-hd12c33a_0_cpython.conda#eb6f1df105f37daedd6dca78523baa75
https://conda.anaconda.org/conda-forge/noarch/absl-py-2.0.0-pyhd8ed1ab_0.conda#2361c56617987bb6623dcbf8bab5cdc4
https://conda.anaconda.org/conda-forge/noarch/aiofiles-22.1.0-pyhd8ed1ab_0.tar.bz2#a88c206fdb78e34adb1c4081f5f838dd
https://conda.anaconda.org/conda-forge/linux-64/python_abi-3.10-4_cp310.conda#26322ec5d7712c3ded99dd656142b8ce
https://conda.anaconda.org/conda-forge/linux-64/frozenlist-1.4.0-py310h2372a71_1.conda#c7b2865e86782925a872c8598b760c08
https://conda.anaconda.org/conda-forge/noarch/aiosignal-1.3.1-pyhd8ed1ab_0.tar.bz2#d1e1eb7e21a9e2c74279d87dafb68156
https://conda.anaconda.org/conda-forge/noarch/typing_extensions-4.5.0-pyha770c72_0.conda#43e7d9e50261fb11deb76e17d8431aac
https://conda.anaconda.org/conda-forge/noarch/typing-extensions-4.5.0-hd8ed1ab_0.conda#b3c594fde1a80a1fc3eb9cc4a5dfe392
https://conda.anaconda.org/conda-forge/noarch/async-timeout-4.0.3-pyhd8ed1ab_0.conda#3ce482ec3066e6d809dbbb1d1679f215
https://conda.anaconda.org/conda-forge/noarch/attrs-23.1.0-pyh71513ae_1.conda#3edfead7cedd1ab4400a6c588f3e75f8
https://conda.anaconda.org/conda-forge/noarch/charset-normalizer-3.3.1-pyhd8ed1ab_0.conda#985378f74689fccce52f158027bd9acd
https://conda.anaconda.org/conda-forge/linux-64/multidict-6.0.4-py310h2372a71_1.conda#7ca797f0a0c390ede770f415f5d5e039
https://conda.anaconda.org/conda-forge/noarch/idna-3.4-pyhd8ed1ab_0.tar.bz2#34272b248891bddccc64479f9a7fffed
https://conda.anaconda.org/conda-forge/linux-64/yarl-1.9.2-py310h2372a71_1.conda#30ae8a8f248b4e7cd2622cff41cb05a7
https://conda.anaconda.org/conda-forge/linux-64/aiohttp-3.8.6-py310h2372a71_1.conda#d265a71480afd9479c9333ba86375d04
https://conda.anaconda.org/conda-forge/noarch/aiosqlite-0.19.0-pyhd8ed1ab_0.conda#c60a47f9f29057417165a8af579396a8
https://conda.anaconda.org/conda-forge/linux-64/alsa-lib-1.2.10-hd590300_0.conda#75dae9a4201732aa78a530b826ee5fe0
https://conda.anaconda.org/conda-forge/noarch/textwrap3-0.9.2-py_0.tar.bz2#1f84e74e9dbe2e5ae38c58496bffaca8
https://conda.anaconda.org/conda-forge/noarch/ansiwrap-0.8.4-py_0.tar.bz2#f09557e2a7cbd2470a2ab6353000cebd
https://conda.anaconda.org/conda-forge/noarch/exceptiongroup-1.1.3-pyhd8ed1ab_0.conda#e6518222753f519e911e83136d2158d9
https://conda.anaconda.org/conda-forge/noarch/sniffio-1.3.0-pyhd8ed1ab_0.tar.bz2#dd6cbc539e74cb1f430efbd4575b9303
https://conda.anaconda.org/conda-forge/noarch/anyio-4.0.0-pyhd8ed1ab_0.conda#3c4e99d3ae4ec033d4dd99fb5220e540
https://conda.anaconda.org/conda-forge/noarch/pycparser-2.21-pyhd8ed1ab_0.tar.bz2#076becd9e05608f8dc72757d5f3a91ff
https://conda.anaconda.org/conda-forge/linux-64/cffi-1.16.0-py310h2fee648_0.conda#45846a970e71ac98fd327da5d40a0a2c
https://conda.anaconda.org/conda-forge/linux-64/argon2-cffi-bindings-21.2.0-py310h2372a71_4.conda#68ee85860502d53c8cbfa0e4cef0f6cb
https://conda.anaconda.org/conda-forge/noarch/argon2-cffi-23.1.0-pyhd8ed1ab_0.conda#3afef1f55a1366b4d3b6a0d92e2235e4
https://conda.anaconda.org/conda-forge/noarch/six-1.16.0-pyh6c4a22f_0.tar.bz2#e5f25f8dbc060e9a8d912e432202afc2
https://conda.anaconda.org/conda-forge/noarch/python-dateutil-2.8.2-pyhd8ed1ab_0.tar.bz2#dd999d1cc9f79e67dbb855c8924c7984
https://conda.anaconda.org/conda-forge/noarch/types-python-dateutil-2.8.19.14-pyhd8ed1ab_0.conda#4df15c51a543e806d439490b862be1c6
https://conda.anaconda.org/conda-forge/noarch/arrow-1.3.0-pyhd8ed1ab_0.conda#b77d8c2313158e6e461ca0efb1c2c508
https://conda.anaconda.org/conda-forge/noarch/asttokens-2.4.0-pyhd8ed1ab_0.conda#056f04e51dd63337e8d7c425c18c86f1
https://conda.anaconda.org/conda-forge/noarch/astunparse-1.6.3-pyhd8ed1ab_0.tar.bz2#000b6f68a0bfaba800ced7500c11780f
https://conda.anaconda.org/conda-forge/linux-64/attr-2.5.1-h166bdaf_1.tar.bz2#d9c69a24ad678ffce24c6543a0176b00
https://conda.anaconda.org/conda-forge/noarch/traitlets-5.11.2-pyhd8ed1ab_0.conda#bd3f90f7551e1cffb1f402880eb2cef1
https://conda.anaconda.org/conda-forge/noarch/comm-0.1.4-pyhd8ed1ab_0.conda#c8eaca39e2b6abae1fc96acc929ae939
https://conda.anaconda.org/conda-forge/linux-64/debugpy-1.8.0-py310hc6cd4ac_1.conda#01388b4ec9eed3b26fa732aa39745475
https://conda.anaconda.org/conda-forge/noarch/backcall-0.2.0-pyh9f0ad1d_0.tar.bz2#6006a6d08a3fa99268a2681c7fb55213
https://conda.anaconda.org/conda-forge/noarch/decorator-5.1.1-pyhd8ed1ab_0.tar.bz2#43afe5ab04e35e17ba28649471dd7364
https://conda.anaconda.org/conda-forge/noarch/parso-0.8.3-pyhd8ed1ab_0.tar.bz2#17a565a0c3899244e938cdf417e7b094
https://conda.anaconda.org/conda-forge/noarch/jedi-0.19.1-pyhd8ed1ab_0.conda#81a3be0b2023e1ea8555781f0ad904a2
https://conda.anaconda.org/conda-forge/noarch/matplotlib-inline-0.1.6-pyhd8ed1ab_0.tar.bz2#b21613793fcc81d944c76c9f2864a7de
https://conda.anaconda.org/conda-forge/noarch/ptyprocess-0.7.0-pyhd3deb0d_0.tar.bz2#359eeb6536da0e687af562ed265ec263
https://conda.anaconda.org/conda-forge/noarch/pexpect-4.8.0-pyh1a96a4e_2.tar.bz2#330448ce4403cc74990ac07c555942a1
https://conda.anaconda.org/conda-forge/noarch/pickleshare-0.7.5-py_1003.tar.bz2#415f0ebb6198cc2801c73438a9fb5761
https://conda.anaconda.org/conda-forge/noarch/backports-1.0-pyhd8ed1ab_3.conda#54ca2e08b3220c148a1d8329c2678e02
https://conda.anaconda.org/conda-forge/noarch/setuptools-68.2.2-pyhd8ed1ab_0.conda#fc2166155db840c634a1291a5c35a709
https://conda.anaconda.org/conda-forge/noarch/backports.functools_lru_cache-1.6.5-pyhd8ed1ab_0.conda#6b1b907661838a75d067a22f87996b2e
https://conda.anaconda.org/conda-forge/noarch/wcwidth-0.2.8-pyhd8ed1ab_0.conda#367386d2575a0e62412448eda1012efd
https://conda.anaconda.org/conda-forge/noarch/prompt-toolkit-3.0.39-pyha770c72_0.conda#a4986c6bb5b0d05a38855b0880a5f425
https://conda.anaconda.org/conda-forge/noarch/prompt_toolkit-3.0.39-hd8ed1ab_0.conda#4bbbe67d5df19db30f04b8e344dc9976
https://conda.anaconda.org/conda-forge/noarch/pygments-2.16.1-pyhd8ed1ab_0.conda#40e5cb18165466773619e5c963f00a7b
https://conda.anaconda.org/conda-forge/noarch/executing-1.2.0-pyhd8ed1ab_0.tar.bz2#4c1bc140e2be5c8ba6e3acab99e25c50
https://conda.anaconda.org/conda-forge/noarch/pure_eval-0.2.2-pyhd8ed1ab_0.tar.bz2#6784285c7e55cb7212efabc79e4c2883
https://conda.anaconda.org/conda-forge/noarch/stack_data-0.6.2-pyhd8ed1ab_0.conda#e7df0fdd404616638df5ece6e69ba7af
https://conda.anaconda.org/conda-forge/noarch/ipython-8.16.1-pyh0d859eb_0.conda#7e52cb0dbf01b90365bfe433ec8bd3c0
https://conda.anaconda.org/conda-forge/noarch/entrypoints-0.4-pyhd8ed1ab_0.tar.bz2#3cf04868fee0a029769bd41f4b2fbf2d
https://conda.anaconda.org/conda-forge/noarch/platformdirs-3.5.1-pyhd8ed1ab_0.conda#e2be672aece1f060adf7154f76531a35
https://conda.anaconda.org/conda-forge/linux-64/jupyter_core-5.4.0-py310hff52083_0.conda#28cdf08d2d44db099a95a176f01f7120
https://conda.anaconda.org/conda-forge/noarch/nest-asyncio-1.5.8-pyhd8ed1ab_0.conda#a4f0e4519bc50eee4f53f689be9607f7
https://conda.anaconda.org/conda-forge/linux-64/libsodium-1.0.18-h36c2ea0_1.tar.bz2#c3788462a6fbddafdb413a9f9053e58d
https://conda.anaconda.org/conda-forge/linux-64/zeromq-4.3.5-h59595ed_0.conda#8851084c192dbc56215ac4e3c9aa30fa
https://conda.anaconda.org/conda-forge/linux-64/pyzmq-24.0.1-py310h330234f_1.tar.bz2#527a1e6cb07b5c19563131af9fca3835
https://conda.anaconda.org/conda-forge/linux-64/tornado-6.3.3-py310h2372a71_1.conda#b23e0147fa5f7a9380e06334c7266ad5
https://conda.anaconda.org/conda-forge/noarch/jupyter_client-7.4.9-pyhd8ed1ab_0.conda#5cbf9a31a19d4ef9103adb7d71fd45fd
https://conda.anaconda.org/conda-forge/noarch/packaging-23.2-pyhd8ed1ab_0.conda#79002079284aa895f883c6b7f3f88fd6
https://conda.anaconda.org/conda-forge/linux-64/psutil-5.9.5-py310h2372a71_1.conda#cb25177acf28cc35cfa6c1ac1c679e22
https://conda.anaconda.org/conda-forge/noarch/ipykernel-6.25.2-pyh2140261_0.conda#226f2032ec491cc6e9ce66072660e4f6
https://conda.anaconda.org/conda-forge/noarch/ipython_genutils-0.2.0-py_1.tar.bz2#5071c982548b3a20caf70462f04f5287
https://conda.anaconda.org/conda-forge/noarch/jupyterlab_widgets-1.1.7-pyhd8ed1ab_0.conda#608e312cd17cb7119033fae7d7420572
https://conda.anaconda.org/conda-forge/linux-64/markupsafe-2.1.3-py310h2372a71_1.conda#b74e07a054c479e45a83a83fc5be713c
https://conda.anaconda.org/conda-forge/noarch/jinja2-3.1.2-pyhd8ed1ab_1.tar.bz2#c8490ed5c70966d232fdd389d0dbed37
https://conda.anaconda.org/conda-forge/noarch/cached_property-1.5.2-pyha770c72_1.tar.bz2#576d629e47797577ab0f1b351297ef4a
https://conda.anaconda.org/conda-forge/noarch/cached-property-1.5.2-hd8ed1ab_1.tar.bz2#9b347a7ec10940d3f7941ff6c460b551
https://conda.anaconda.org/conda-forge/noarch/fqdn-1.5.1-pyhd8ed1ab_0.tar.bz2#642d35437078749ef23a5dca2c9bb1f3
https://conda.anaconda.org/conda-forge/noarch/isoduration-20.11.0-pyhd8ed1ab_0.tar.bz2#4cb68948e0b8429534380243d063a27a
https://conda.anaconda.org/conda-forge/linux-64/jsonpointer-2.4-py310hff52083_3.conda#08ec1463dbc5c806a32fc431874032ca
https://conda.anaconda.org/conda-forge/noarch/zipp-3.17.0-pyhd8ed1ab_0.conda#2e4d6bc0b14e10f895fc6791a7d9b26a
https://conda.anaconda.org/conda-forge/noarch/importlib_resources-6.1.0-pyhd8ed1ab_0.conda#48b0d98e0c0ec810d3ccc2a0926c8c0e
https://conda.anaconda.org/conda-forge/linux-64/rpds-py-0.10.6-py310hcb5633a_0.conda#43c12d8f7891a87378eb5339c49ef051
https://conda.anaconda.org/conda-forge/noarch/referencing-0.30.2-pyhd8ed1ab_0.conda#a33161b983172ba6ef69d5fc850650cd
https://conda.anaconda.org/conda-forge/noarch/jsonschema-specifications-2023.7.1-pyhd8ed1ab_0.conda#7c27ea1bdbe520bb830dcadd59f55cbf
https://conda.anaconda.org/conda-forge/noarch/pkgutil-resolve-name-1.3.10-pyhd8ed1ab_1.conda#405678b942f2481cecdb3e010f4925d9
https://conda.anaconda.org/conda-forge/noarch/jsonschema-4.19.1-pyhd8ed1ab_0.conda#78aff5d2af74e6537c1ca73017f01f4f
https://conda.anaconda.org/conda-forge/noarch/rfc3339-validator-0.1.4-pyhd8ed1ab_0.tar.bz2#fed45fc5ea0813240707998abe49f520
https://conda.anaconda.org/conda-forge/noarch/rfc3986-validator-0.1.1-pyh9f0ad1d_0.tar.bz2#912a71cc01012ee38e6b90ddd561e36f
https://conda.anaconda.org/conda-forge/noarch/uri-template-1.3.0-pyhd8ed1ab_0.conda#0944dc65cb4a9b5b68522c3bb585d41c
https://conda.anaconda.org/conda-forge/noarch/webcolors-1.13-pyhd8ed1ab_0.conda#166212fe82dad8735550030488a01d03
https://conda.anaconda.org/conda-forge/noarch/jsonschema-with-format-nongpl-4.19.1-pyhd8ed1ab_0.conda#daca0665e6fe8a376e48b9f0b5865326
https://conda.anaconda.org/conda-forge/noarch/python-json-logger-2.0.7-pyhd8ed1ab_0.conda#a61bf9ec79426938ff785eb69dbb1960
https://conda.anaconda.org/conda-forge/linux-64/yaml-0.2.5-h7f98852_2.tar.bz2#4cb3ad778ec2d5a7acbdf254eb1c42ae
https://conda.anaconda.org/conda-forge/linux-64/pyyaml-6.0.1-py310h2372a71_1.conda#bb010e368de4940771368bc3dc4c63e7
https://conda.anaconda.org/conda-forge/noarch/jupyter_events-0.8.0-pyhd8ed1ab_0.conda#04272d87d3e06c2e26af5e2d4b0e0ad8
https://conda.anaconda.org/conda-forge/noarch/terminado-0.17.1-pyh41d4057_0.conda#3788984d535770cad699efaeb6cb3037
https://conda.anaconda.org/conda-forge/noarch/jupyter_server_terminals-0.4.4-pyhd8ed1ab_1.conda#7c0965e1d4a0ee1529e8eaa03a78a5b3
https://conda.anaconda.org/conda-forge/noarch/soupsieve-2.5-pyhd8ed1ab_1.conda#3f144b2c34f8cb5a9abd9ed23a39c561
https://conda.anaconda.org/conda-forge/noarch/beautifulsoup4-4.12.2-pyha770c72_0.conda#a362ff7d976217f8fa78c0f1c4f59717
https://conda.anaconda.org/conda-forge/noarch/webencodings-0.5.1-pyhd8ed1ab_2.conda#daf5160ff9cde3a468556965329085b9
https://conda.anaconda.org/conda-forge/noarch/bleach-6.1.0-pyhd8ed1ab_0.conda#0ed9d7c0e9afa7c025807a9a8136ea3e
https://conda.anaconda.org/conda-forge/noarch/defusedxml-0.7.1-pyhd8ed1ab_0.tar.bz2#961b3a227b437d82ad7054484cfa71b2
https://conda.anaconda.org/conda-forge/noarch/jupyterlab_pygments-0.2.2-pyhd8ed1ab_0.tar.bz2#243f63592c8e449f40cd42eb5cf32f40
https://conda.anaconda.org/conda-forge/noarch/mistune-3.0.1-pyhd8ed1ab_0.conda#1dad8397c94e4de97a70de552a7dcf49
https://conda.anaconda.org/conda-forge/noarch/python-fastjsonschema-2.18.1-pyhd8ed1ab_0.conda#305141cff54af2f90e089d868fffce28
https://conda.anaconda.org/conda-forge/noarch/nbformat-5.9.2-pyhd8ed1ab_0.conda#61ba076de6530d9301a0053b02f093d2
https://conda.anaconda.org/conda-forge/noarch/nbclient-0.8.0-pyhd8ed1ab_0.conda#e78da91cf428faaf05701ce8cc8f2f9b
https://conda.anaconda.org/conda-forge/noarch/pandocfilters-1.5.0-pyhd8ed1ab_0.tar.bz2#457c2c8c08e54905d6954e79cb5b5db9
https://conda.anaconda.org/conda-forge/noarch/tinycss2-1.2.1-pyhd8ed1ab_0.tar.bz2#7234c9eefff659501cd2fe0d2ede4d48
https://conda.anaconda.org/conda-forge/noarch/nbconvert-core-7.9.2-pyhd8ed1ab_0.conda#01e4314c780ca73759c694ce3ece281f
https://conda.anaconda.org/conda-forge/noarch/typing_utils-0.1.0-pyhd8ed1ab_0.tar.bz2#eb67e3cace64c66233e2d35949e20f92
https://conda.anaconda.org/conda-forge/noarch/overrides-7.4.0-pyhd8ed1ab_0.conda#4625b7b01d7f4ac9c96300a5515acfaa
https://conda.anaconda.org/conda-forge/noarch/prometheus_client-0.17.1-pyhd8ed1ab_0.conda#02153b6b760bbec00cfe9e4c97993d06
https://conda.anaconda.org/conda-forge/noarch/send2trash-1.8.2-pyh41d4057_0.conda#ada5a17adcd10be4fc7e37e4166ba0e2
https://conda.anaconda.org/conda-forge/noarch/websocket-client-1.6.4-pyhd8ed1ab_0.conda#bdb77b28cf16deac0eef431a068320e8
https://conda.anaconda.org/conda-forge/noarch/jupyter_server-2.8.0-pyhd8ed1ab_0.conda#a750b082b9319e96556df4ee6023b068
https://conda.anaconda.org/conda-forge/linux-64/gmp-6.2.1-h58526e2_0.tar.bz2#b94cf2db16066b242ebd26db2facbd56
https://conda.anaconda.org/conda-forge/linux-64/zlib-1.2.13-hd590300_5.conda#68c34ec6149623be41a1933ab996a209
https://conda.anaconda.org/conda-forge/linux-64/pandoc-3.1.3-h32600fe_0.conda#8287aeb8462e2d4b235eff788e75919d
https://conda.anaconda.org/conda-forge/noarch/nbconvert-pandoc-7.9.2-pyhd8ed1ab_0.conda#1ad46253f2eb46fb8c9b2c22b7ca012f
https://conda.anaconda.org/conda-forge/noarch/nbconvert-7.9.2-pyhd8ed1ab_0.conda#16ccaddfcfa0a1a606a9ecf6a52d6c11
https://conda.anaconda.org/conda-forge/noarch/notebook-shim-0.2.3-pyhd8ed1ab_0.conda#67e0fe74c156267d9159e9133df7fd37
https://conda.anaconda.org/conda-forge/noarch/nbclassic-1.0.0-pyhb4ecaf3_1.conda#a0be31e9bd84d6eae87cdbf74c56b90b
https://conda.anaconda.org/conda-forge/noarch/notebook-6.5.6-pyha770c72_0.conda#2e2422cf19f555ef3ddbbeaf2eac7545
https://conda.anaconda.org/conda-forge/noarch/widgetsnbextension-3.6.6-pyhd8ed1ab_0.conda#fe79dfe7d51794d665ec3c2fdd4e47c3
https://conda.anaconda.org/conda-forge/noarch/ipywidgets-7.8.0-pyhd8ed1ab_0.conda#518b05adab6cfe6ea249319932d9d4a3
https://conda.anaconda.org/conda-forge/noarch/jupyter_console-6.6.3-pyhd8ed1ab_0.conda#7cf6f52a66f8e3cd9d8b6c231262dcab
https://conda.anaconda.org/conda-forge/noarch/qtpy-2.4.1-pyhd8ed1ab_0.conda#7f391bd70d2abfb70f304ba5aa4e1261
https://conda.anaconda.org/conda-forge/noarch/qtconsole-base-5.4.4-pyha770c72_0.conda#08961a76f2a4e2ebdb9b56f451beaa45
https://conda.anaconda.org/conda-forge/noarch/jupyter-1.0.0-pyhd8ed1ab_10.conda#056b8cc3d9b03f54fc49e6d70d7dc359
https://conda.anaconda.org/conda-forge/noarch/mock-5.1.0-pyhd8ed1ab_0.conda#926c67c0310094cf421ad13f7d3f38e5
https://conda.anaconda.org/conda-forge/noarch/nose-1.3.7-py_1006.tar.bz2#382019d5f8e9362ef6f60a8d4e7bce8f
https://conda.anaconda.org/conda-forge/linux-64/libgfortran5-13.2.0-ha4646dd_2.conda#78fdab09d9138851dde2b5fe2a11019e
https://conda.anaconda.org/conda-forge/linux-64/libgfortran-ng-13.2.0-h69a702a_2.conda#e75a75a6eaf6f318dae2631158c46575
https://conda.anaconda.org/conda-forge/linux-64/libopenblas-0.3.24-pthreads_h413a1c8_0.conda#6e4ef6ca28655124dcde9bd500e44c32
https://conda.anaconda.org/conda-forge/linux-64/libblas-3.9.0-19_linux64_openblas.conda#420f4e9be59d0dc9133a0f43f7bab3f3
https://conda.anaconda.org/conda-forge/linux-64/libcblas-3.9.0-19_linux64_openblas.conda#d12374af44575413fbbd4a217d46ea33
https://conda.anaconda.org/conda-forge/linux-64/liblapack-3.9.0-19_linux64_openblas.conda#9f100edf65436e3eabc2a51fc00b2c37
https://conda.anaconda.org/conda-forge/linux-64/numpy-1.26.0-py310hb13e2d6_0.conda#ac3b67e928cc71548efad9b522d42fef
https://conda.anaconda.org/conda-forge/noarch/python-tzdata-2023.3-pyhd8ed1ab_0.conda#2590495f608a63625e165915fb4e2e34
https://conda.anaconda.org/conda-forge/noarch/pytz-2023.3.post1-pyhd8ed1ab_0.conda#c93346b446cd08c169d843ae5fc0da97
https://conda.anaconda.org/conda-forge/linux-64/pandas-2.1.1-py310hcc13569_1.conda#a64a2b4907b96d4bf3c9dab59563ab50
https://conda.anaconda.org/conda-forge/noarch/hdijupyterutils-0.21.0-pyh1a96a4e_0.conda#4db6232a9b934edc1c1e2f7b7d5a5d40
https://conda.anaconda.org/conda-forge/noarch/tenacity-8.2.3-pyhd8ed1ab_0.conda#1482e77f87c6a702a7e05ef22c9b197b
https://conda.anaconda.org/conda-forge/noarch/plotly-5.17.0-pyhd8ed1ab_0.conda#76a0b213abcd3ffc1e8fa78804b69dc0
https://conda.anaconda.org/conda-forge/noarch/autovizwidget-0.21.0-pyh1a96a4e_0.conda#7db56991c3c823ddb394ed85df9b54f5
https://conda.anaconda.org/conda-forge/noarch/jmespath-1.0.1-pyhd8ed1ab_0.tar.bz2#2cfa3e1cf3fb51bb9b17acc5b5e9ea11
https://conda.anaconda.org/conda-forge/linux-64/brotli-python-1.1.0-py310hc6cd4ac_1.conda#1f95722c94f00b69af69a066c7433714
https://conda.anaconda.org/conda-forge/noarch/pysocks-1.7.1-pyha2e5f31_6.tar.bz2#2a7de29fb590ca14b5243c4c812c8025
https://conda.anaconda.org/conda-forge/noarch/urllib3-1.26.18-pyhd8ed1ab_0.conda#bf61cfd2a7f212efba378167a07d4a6a
https://conda.anaconda.org/conda-forge/noarch/botocore-1.31.69-pyhd8ed1ab_0.conda#bce0526e14ab2469df179fc7f87632f6
https://conda.anaconda.org/conda-forge/noarch/s3transfer-0.7.0-pyhd8ed1ab_0.conda#5fe335cb1420d13a818fe01310af2b80
https://conda.anaconda.org/conda-forge/noarch/boto3-1.28.69-pyhd8ed1ab_0.conda#debc83101ed361d05b87d56e07911c56
https://conda.anaconda.org/conda-forge/noarch/click-8.1.7-unix_pyh707e725_0.conda#f3ad426304898027fc619827ff428eca
https://conda.anaconda.org/conda-forge/noarch/importlib-metadata-6.8.0-pyha770c72_0.conda#4e9f59a060c3be52bc4ddc46ee9b6946
https://conda.anaconda.org/conda-forge/noarch/certifi-2023.7.22-pyhd8ed1ab_0.conda#7f3dbc9179b4dde7da98dfb151d0ad22
https://conda.anaconda.org/conda-forge/noarch/requests-2.31.0-pyhd8ed1ab_0.conda#a30144e4156cdbb236f99ebb49828f8b
https://conda.anaconda.org/conda-forge/noarch/mdurl-0.1.0-pyhd8ed1ab_0.tar.bz2#f8dab71fdc13b1bf29a01248b156d268
https://conda.anaconda.org/conda-forge/noarch/markdown-it-py-3.0.0-pyhd8ed1ab_0.conda#93a8e71256479c62074356ef6ebf501b
https://conda.anaconda.org/conda-forge/noarch/rich-13.6.0-pyhd8ed1ab_0.conda#3ca4829f40710f581ca1d76bc907e99f
https://conda.anaconda.org/conda-forge/noarch/tabulate-0.9.0-pyhd8ed1ab_1.tar.bz2#4759805cce2d914c38472f70bf4d8bcb
https://conda.anaconda.org/conda-forge/noarch/aws-glue-sessions-1.0.2-pyhd8ed1ab_1.conda#fc4d3cd36675aa0bbf8bbd98336a0ccb
https://conda.anaconda.org/conda-forge/noarch/babel-2.13.1-pyhd8ed1ab_0.conda#3ccff479c246692468f604df9c85ef26
https://conda.anaconda.org/conda-forge/noarch/mypy_extensions-1.0.0-pyha770c72_0.conda#4eccaeba205f0aed9ac3a9ea58568ca3
https://conda.anaconda.org/conda-forge/noarch/pathspec-0.11.2-pyhd8ed1ab_0.conda#e41debb259e68490e3ab81e46b639ab6
https://conda.anaconda.org/conda-forge/noarch/tomli-2.0.1-pyhd8ed1ab_0.tar.bz2#5844808ffab9ebdb694585b50ba02a96
https://conda.anaconda.org/conda-forge/linux-64/black-23.10.0-py310hff52083_0.conda#05a18fabc4d4c323d612aea919b295ff
https://conda.anaconda.org/conda-forge/noarch/blinker-1.6.3-pyhd8ed1ab_0.conda#d33cf7357de636cec64320f0c4fb7b6f
https://conda.anaconda.org/conda-forge/noarch/boltons-23.0.0-pyhd8ed1ab_0.conda#033eb25fffd222aceeca6d58cd953680
https://conda.anaconda.org/conda-forge/linux-64/libbrotlicommon-1.1.0-hd590300_1.conda#aec6c91c7371c26392a06708a73c70e5
https://conda.anaconda.org/conda-forge/linux-64/libbrotlidec-1.1.0-hd590300_1.conda#f07002e225d7a60a694d42a7bf5ff53f
https://conda.anaconda.org/conda-forge/linux-64/libbrotlienc-1.1.0-hd590300_1.conda#5fc11c6020d421960607d821310fcd4d
https://conda.anaconda.org/conda-forge/linux-64/brotli-bin-1.1.0-hd590300_1.conda#39f910d205726805a958da408ca194ba
https://conda.anaconda.org/conda-forge/linux-64/brotli-1.1.0-hd590300_1.conda#f27a24d46e3ea7b70a1f98e50c62508f
https://conda.anaconda.org/conda-forge/linux-64/c-ares-1.20.1-hd590300_1.conda#2facbaf5ee1a56967aecaee89799160e
https://conda.anaconda.org/conda-forge/noarch/cachetools-5.3.1-pyhd8ed1ab_0.conda#60b5eb16d9a7a5482ba37f67aa49db5b
https://conda.anaconda.org/conda-forge/linux-64/libexpat-2.5.0-hcb278e6_1.conda#6305a3dd2752c76335295da4e581f2fd
https://conda.anaconda.org/conda-forge/linux-64/expat-2.5.0-hcb278e6_1.conda#8b9b5aca60558d02ddaa09d599e55920
https://conda.anaconda.org/conda-forge/linux-64/libpng-1.6.39-h753d276_0.conda#e1c890aebdebbfbf87e2c917187b4416
https://conda.anaconda.org/conda-forge/linux-64/freetype-2.12.1-h267a509_2.conda#9ae35c3d96db2c94ce0cef86efdfa2cb
https://conda.anaconda.org/conda-forge/linux-64/fontconfig-2.14.2-h14ed4e7_0.conda#0f69b688f52ff6da70bccb7ff7001d1d
https://conda.anaconda.org/conda-forge/noarch/font-ttf-dejavu-sans-mono-2.37-hab24e00_0.tar.bz2#0c96522c6bdaed4b1566d11387caaf45
https://conda.anaconda.org/conda-forge/noarch/font-ttf-inconsolata-3.000-h77eed37_0.tar.bz2#34893075a5c9e55cdafac56607368fc6
https://conda.anaconda.org/conda-forge/noarch/font-ttf-source-code-pro-2.038-h77eed37_0.tar.bz2#4d59c254e01d9cde7957100457e2d5fb
https://conda.anaconda.org/conda-forge/noarch/font-ttf-ubuntu-0.83-hab24e00_0.tar.bz2#19410c3df09dfb12d1206132a1d357c5
https://conda.anaconda.org/conda-forge/noarch/fonts-conda-forge-1-0.tar.bz2#f766549260d6815b0c52253f1fb1bb29
https://conda.anaconda.org/conda-forge/noarch/fonts-conda-ecosystem-1-0.tar.bz2#fee5683a3f04bd15cbd8318b096a27ab
https://conda.anaconda.org/conda-forge/linux-64/icu-73.2-h59595ed_0.conda#cc47e1facc155f91abd89b11e48e72ff
https://conda.anaconda.org/conda-forge/linux-64/gettext-0.21.1-h27087fc_0.tar.bz2#14947d8770185e5153fdd04d4673ed37
https://conda.anaconda.org/conda-forge/linux-64/libiconv-1.17-h166bdaf_0.tar.bz2#b62b52da46c39ee2bc3c162ac7f1804d
https://conda.anaconda.org/conda-forge/linux-64/pcre2-10.40-hc3806b6_0.tar.bz2#69e2c796349cd9b273890bee0febfe1b
https://conda.anaconda.org/conda-forge/linux-64/libglib-2.78.0-hebfc3b9_0.conda#e618003da3547216310088478e475945
https://conda.anaconda.org/conda-forge/linux-64/pthread-stubs-0.4-h36c2ea0_1001.tar.bz2#22dad4df6e8630e8dff2428f6f6a7036
https://conda.anaconda.org/conda-forge/linux-64/xorg-libxau-1.0.11-hd590300_0.conda#2c80dc38fface310c9bd81b17037fee5
https://conda.anaconda.org/conda-forge/linux-64/xorg-libxdmcp-1.1.3-h7f98852_0.tar.bz2#be93aabceefa2fac576e971aef407908
https://conda.anaconda.org/conda-forge/linux-64/libxcb-1.15-h0b41bf4_0.conda#33277193f5b92bad9fdd230eb700929c
https://conda.anaconda.org/conda-forge/linux-64/pixman-0.42.2-h59595ed_0.conda#700edd63ccd5fc66b70b1c028cea9a68
https://conda.anaconda.org/conda-forge/linux-64/xorg-libice-1.1.1-hd590300_0.conda#b462a33c0be1421532f28bfe8f4a7514
https://conda.anaconda.org/conda-forge/linux-64/xorg-libsm-1.2.4-h7391055_0.conda#93ee23f12bc2e684548181256edd2cf6
https://conda.anaconda.org/conda-forge/linux-64/xorg-kbproto-1.0.7-h7f98852_1002.tar.bz2#4b230e8381279d76131116660f5a241a
https://conda.anaconda.org/conda-forge/linux-64/xorg-xextproto-7.3.0-h0b41bf4_1003.conda#bce9f945da8ad2ae9b1d7165a64d0f87
https://conda.anaconda.org/conda-forge/linux-64/xorg-xproto-7.0.31-h7f98852_1007.tar.bz2#b4a4381d54784606820704f7b5f05a15
https://conda.anaconda.org/conda-forge/linux-64/xorg-libx11-1.8.7-h8ee46fc_0.conda#49e482d882669206653b095f5206c05b
https://conda.anaconda.org/conda-forge/linux-64/xorg-libxext-1.3.4-h0b41bf4_2.conda#82b6df12252e6f32402b96dacc656fec
https://conda.anaconda.org/conda-forge/linux-64/xorg-renderproto-0.11.1-h7f98852_1002.tar.bz2#06feff3d2634e3097ce2fe681474b534
https://conda.anaconda.org/conda-forge/linux-64/xorg-libxrender-0.9.11-hd590300_0.conda#ed67c36f215b310412b2af935bf3e530
https://conda.anaconda.org/conda-forge/linux-64/cairo-1.18.0-h3faef2a_0.conda#f907bb958910dc404647326ca80c263e
https://conda.anaconda.org/conda-forge/noarch/cloudpickle-2.2.1-pyhd8ed1ab_0.conda#b325bfc4cff7d7f8a868f1f7ecc4ed16
https://conda.anaconda.org/conda-forge/noarch/colorama-0.4.6-pyhd8ed1ab_0.tar.bz2#3faab06a954c2a04039983f2c4a50d99
https://conda.anaconda.org/conda-forge/linux-64/zstandard-0.21.0-py310h1275a96_1.conda#552fb8cd05ab3d3608c8e6b55f96e290
https://conda.anaconda.org/conda-forge/noarch/conda-package-streaming-0.9.0-pyhd8ed1ab_0.conda#38253361efb303deead3eab39ae9269b
https://conda.anaconda.org/conda-forge/noarch/conda-package-handling-2.2.0-pyh38be061_0.conda#8a3ae7f6318376aa08ea753367bb7dd6
https://conda.anaconda.org/conda-forge/noarch/jsonpatch-1.33-pyhd8ed1ab_0.conda#bfdb7c5c6ad1077c82a69a8642c87aff
https://conda.anaconda.org/conda-forge/noarch/pluggy-1.3.0-pyhd8ed1ab_0.conda#2390bd10bed1f3fdc7a537fb5a447d8d
https://conda.anaconda.org/conda-forge/linux-64/pycosat-0.6.6-py310h2372a71_0.conda#0adaac9a86d59adae2bc86b3cdef2df1
https://conda.anaconda.org/conda-forge/linux-64/cryptography-41.0.4-py310h75e40e8_0.conda#ad06c4db71ba0b6d153c66de88a41fdc
https://conda.anaconda.org/conda-forge/noarch/pyopenssl-23.2.0-pyhd8ed1ab_1.conda#34f7d568bf59d18e3fef8c405cbece21
https://conda.anaconda.org/conda-forge/linux-64/ruamel.yaml.clib-0.2.7-py310h2372a71_2.conda#7c9da9721ee545d57ad759f020172853
https://conda.anaconda.org/conda-forge/linux-64/ruamel.yaml-0.17.40-py310h2372a71_0.conda#eb53a079577938f68e65c5f04b8ff1d1
https://conda.anaconda.org/conda-forge/noarch/tqdm-4.66.1-pyhd8ed1ab_0.conda#03c97908b976498dcae97eb4e4f3149c
https://conda.anaconda.org/conda-forge/noarch/truststore-0.8.0-pyhd8ed1ab_0.conda#08316d001eca8854392cf2837828ea11
https://conda.anaconda.org/conda-forge/linux-64/conda-23.9.0-py310hff52083_0.conda#f56163fe3247ac6f8e50105719240439
https://conda.anaconda.org/conda-forge/noarch/contextlib2-21.6.0-pyhd8ed1ab_0.tar.bz2#5b26a831440be04c39531a8ce20f5d71
https://conda.anaconda.org/conda-forge/linux-64/contourpy-1.1.1-py310hd41b1e2_1.conda#6a38f65d330b74495ad6990280486049
https://conda.anaconda.org/conda-forge/noarch/cycler-0.12.1-pyhd8ed1ab_0.conda#5cd86562580f274031ede6aa6aa24441
https://conda.anaconda.org/conda-forge/linux-64/dbus-1.13.6-h5008d03_3.tar.bz2#ecfff944ba3960ecb334b9a2663d708d
https://conda.anaconda.org/conda-forge/noarch/dill-0.3.7-pyhd8ed1ab_0.conda#5e4f3466526c52bc9af2d2353a1460bd
https://conda.anaconda.org/conda-forge/noarch/filelock-3.12.4-pyhd8ed1ab_0.conda#5173d4b8267a0699a43d73231e0b6596
https://conda.anaconda.org/conda-forge/linux-64/flatbuffers-23.5.26-h59595ed_1.conda#913a1c6fd00b66f33392a129e835ceca
https://conda.anaconda.org/conda-forge/noarch/munkres-1.1.4-pyh9f0ad1d_0.tar.bz2#2ba8498c1018c1e9c61eb99b973dfe19
https://conda.anaconda.org/conda-forge/linux-64/unicodedata2-15.1.0-py310h2372a71_0.conda#72637c58d36d9475fda24700c9796f19
https://conda.anaconda.org/conda-forge/linux-64/fonttools-4.43.1-py310h2372a71_0.conda#c7d552c32b87beb736c9658441bf93a9
https://conda.anaconda.org/conda-forge/noarch/gast-0.5.4-pyhd8ed1ab_0.conda#8189adbad784030b76bbf81c68d7b0d4
https://conda.anaconda.org/conda-forge/linux-64/giflib-5.2.1-h0b41bf4_3.conda#96f3b11872ef6fad973eac856cd2624f
https://conda.anaconda.org/conda-forge/linux-64/glib-tools-2.78.0-hfc55251_0.conda#e10134de3558dd95abda6987b5548f4f
https://conda.anaconda.org/conda-forge/linux-64/glib-2.78.0-hfc55251_0.conda#2f55a36b549f51a7e0c2b1e3c3f0ccd4
https://conda.anaconda.org/conda-forge/linux-64/mpfr-4.2.1-h9458935_0.conda#4c28f3210b30250037a4a627eeee9e0f
https://conda.anaconda.org/conda-forge/linux-64/mpc-1.3.1-hfe3b2da_0.conda#289c71e83dc0daa7d4c81f04180778ca
https://conda.anaconda.org/conda-forge/linux-64/gmpy2-2.1.2-py310h3ec546c_1.tar.bz2#73f6fa50c32ddd985cf5fba7b890a75c
https://conda.anaconda.org/conda-forge/noarch/pyasn1-0.5.0-pyhd8ed1ab_0.conda#4b1c0db24e212190be1969b0aa490ad8
https://conda.anaconda.org/conda-forge/noarch/pyasn1-modules-0.3.0-pyhd8ed1ab_0.conda#26db749166cdca55e5ef1ffdc7767d0e
https://conda.anaconda.org/conda-forge/noarch/pyu2f-0.1.5-pyhd8ed1ab_0.tar.bz2#caabbeaa83928d0c3e3949261daa18eb
https://conda.anaconda.org/conda-forge/noarch/rsa-4.9-pyhd8ed1ab_0.tar.bz2#03bf410858b2cefc267316408a77c436
https://conda.anaconda.org/conda-forge/noarch/google-auth-2.23.3-pyhca7485f_0.conda#79faaf9cd0e5114c19253552d8d92872
https://conda.anaconda.org/conda-forge/noarch/pyjwt-2.8.0-pyhd8ed1ab_0.conda#912c0194f898fdb783021fd25f913c31
https://conda.anaconda.org/conda-forge/noarch/oauthlib-3.2.2-pyhd8ed1ab_0.tar.bz2#8f882b197fd9c4941a787926baea4868
https://conda.anaconda.org/conda-forge/noarch/requests-oauthlib-1.3.1-pyhd8ed1ab_0.tar.bz2#61b279f051eef9c89d58f4d813e75e04
https://conda.anaconda.org/conda-forge/noarch/google-auth-oauthlib-1.0.0-pyhd8ed1ab_1.conda#569e62e95b01b53e4ec7d9abe83b7385
https://conda.anaconda.org/conda-forge/noarch/google-pasta-0.2.0-pyh8c360ce_0.tar.bz2#26e27d7d3d7fe2336b543dd8e0f12cbf
https://conda.anaconda.org/conda-forge/linux-64/graphite2-1.3.13-h58526e2_1001.tar.bz2#8c54672728e8ec6aa6db90cf2806d220
https://conda.anaconda.org/conda-forge/linux-64/libabseil-20230125.3-cxx17_h59595ed_0.conda#d1db1b8be7c3a8983dcbbbfe4f0765de
https://conda.anaconda.org/conda-forge/linux-64/libprotobuf-3.21.12-hfc55251_2.conda#e3a7d4ba09b8dc939b98fef55f539220
https://conda.anaconda.org/conda-forge/linux-64/re2-2023.03.02-h8c504da_0.conda#206f8fa808748f6e90599c3368a1114e
https://conda.anaconda.org/conda-forge/linux-64/libgrpc-1.54.3-hb20ce57_0.conda#7af7c59ab24db007dfd82e0a3a343f66
https://conda.anaconda.org/conda-forge/linux-64/grpcio-1.54.3-py310heca2aa9_0.conda#7c82ea96968976ee2eb66a52f2decd8e
https://conda.anaconda.org/conda-forge/linux-64/gstreamer-1.22.6-h98fc4e7_2.conda#1c95f7c612f9121353c4ef764678113e
https://conda.anaconda.org/conda-forge/linux-64/libogg-1.3.4-h7f98852_1.tar.bz2#6e8cc2173440d77708196c5b93771680
https://conda.anaconda.org/conda-forge/linux-64/libopus-1.3.1-h7f98852_1.tar.bz2#15345e56d527b330e1cacbdf58676e8f
https://conda.anaconda.org/conda-forge/linux-64/libvorbis-1.3.7-h9c3ff4c_0.tar.bz2#309dec04b70a3cc0f1e84a4013683bc0
https://conda.anaconda.org/conda-forge/linux-64/gst-plugins-base-1.22.6-h8e1006c_2.conda#3d8e98279bad55287f2ef9047996f33c
https://conda.anaconda.org/conda-forge/linux-64/libaec-1.1.2-h59595ed_1.conda#127b0be54c1c90760d7fe02ea7a56426
https://conda.anaconda.org/conda-forge/linux-64/keyutils-1.6.1-h166bdaf_0.tar.bz2#30186d27e2c9fa62b45fb1476b7200e3
https://conda.anaconda.org/conda-forge/linux-64/libedit-3.1.20191231-he28a2e2_2.tar.bz2#4d331e44109e3f0e19b4cb8f9b82f3e1
https://conda.anaconda.org/conda-forge/linux-64/krb5-1.21.2-h659d440_0.conda#cd95826dbd331ed1be26bdf401432844
https://conda.anaconda.org/conda-forge/linux-64/libev-4.33-h516909a_1.tar.bz2#6f8720dff19e17ce5d48cfe7f3d2f0a3
https://conda.anaconda.org/conda-forge/linux-64/libnghttp2-1.52.0-h61bc06f_0.conda#613955a50485812985c059e7b269f42e
https://conda.anaconda.org/conda-forge/linux-64/libssh2-1.11.0-h0841786_0.conda#1f5a58e686b13bcfde88b93f547d23fe
https://conda.anaconda.org/conda-forge/linux-64/libcurl-8.4.0-hca28451_0.conda#1158ac1d2613b28685644931f11ee807
https://conda.anaconda.org/conda-forge/linux-64/hdf5-1.14.2-nompi_h4f84152_100.conda#2de6a9bc8083b49f09b2f6eb28d3ba3c
https://conda.anaconda.org/conda-forge/linux-64/h5py-3.10.0-nompi_py310ha2ad45a_100.conda#dab51c266c6be866e0a5d101bfb0cd58
https://conda.anaconda.org/conda-forge/linux-64/harfbuzz-8.2.1-h3d44ed6_0.conda#98db5f8813f45e2b29766aff0e4a499c
https://conda.anaconda.org/conda-forge/noarch/importlib_metadata-6.8.0-hd8ed1ab_0.conda#b279b07ce18058034e5b3606ba103a8b
https://conda.anaconda.org/conda-forge/noarch/joblib-1.3.2-pyhd8ed1ab_0.conda#4da50d410f553db77e62ab62ffaa1abc
https://conda.anaconda.org/conda-forge/noarch/json5-0.9.14-pyhd8ed1ab_0.conda#dac1dabba2b5a9d1aee175c5fcc7b436
https://conda.anaconda.org/conda-forge/noarch/jupyter_server_fileid-0.9.0-pyhd8ed1ab_0.conda#a12525b037a703d7f4512da737d700e6
https://conda.anaconda.org/conda-forge/linux-64/y-py-0.5.9-py310h4426083_0.conda#0b3145258baa17d4405c3800a308da99
https://conda.anaconda.org/conda-forge/noarch/jupyter_ydoc-0.2.4-pyhd8ed1ab_0.conda#be5d4633c1cc40343ed417153a184006
https://conda.anaconda.org/conda-forge/noarch/ypy-websocket-0.8.2-pyhd8ed1ab_0.conda#5ee5ad3af20138020065985de57f0711
https://conda.anaconda.org/conda-forge/noarch/jupyter_server_ydoc-0.8.0-pyhd8ed1ab_0.conda#780280d42fbcb2eaf654a6ba7a3e5bb5
https://conda.anaconda.org/conda-forge/noarch/jupyterlab_server-2.25.0-pyhd8ed1ab_0.conda#a52834fa7e3d12abc5efdf06b2097a05
https://conda.anaconda.org/conda-forge/noarch/jupyterlab-3.6.6-pyhd8ed1ab_0.conda#05def61d4c64b0f3161eaeb3b00cc790
https://conda.anaconda.org/conda-forge/noarch/keras-2.13.1-pyhd8ed1ab_0.conda#2859446371c82580dc7924859b5007cb
https://conda.anaconda.org/conda-forge/linux-64/kiwisolver-1.4.5-py310hd41b1e2_1.conda#b8d67603d43b23ce7e988a5d81a7ab79
https://conda.anaconda.org/conda-forge/linux-64/lame-3.100-h166bdaf_1003.tar.bz2#a8832b479f93521a9e7b5b743803be51
https://conda.anaconda.org/conda-forge/linux-64/libjpeg-turbo-3.0.0-hd590300_1.conda#ea25936bb4080d843790b586850f82b8
https://conda.anaconda.org/conda-forge/linux-64/lerc-4.0.0-h27087fc_0.tar.bz2#76bbff344f0134279f225174e9064c8f
https://conda.anaconda.org/conda-forge/linux-64/libdeflate-1.19-hd590300_0.conda#1635570038840ee3f9c71d22aa5b8b6d
https://conda.anaconda.org/conda-forge/linux-64/libwebp-base-1.3.2-hd590300_0.conda#30de3fd9b3b602f7473f30e684eeea8c
https://conda.anaconda.org/conda-forge/linux-64/libtiff-4.6.0-ha9c0a0a_2.conda#55ed21669b2015f77c180feb1dd41930
https://conda.anaconda.org/conda-forge/linux-64/lcms2-2.15-hb7c19ff_3.conda#e96637dd92c5f340215c753a5c9a22d7
https://conda.anaconda.org/conda-forge/linux-64/libcap-2.69-h0f662aa_0.conda#25cb5999faa414e5ccb2c1388f62d3d5
https://conda.anaconda.org/conda-forge/linux-64/libxml2-2.11.5-h232c23b_1.conda#f3858448893839820d4bcfb14ad3ecdf
https://conda.anaconda.org/conda-forge/linux-64/libllvm15-15.0.7-h5cf9203_3.conda#9efe82d44b76a7529a1d702e5a37752e
https://conda.anaconda.org/conda-forge/linux-64/libclang13-15.0.7-default_h9986a30_3.conda#1720df000b48e31842500323cb7be18c
https://conda.anaconda.org/conda-forge/linux-64/libclang-15.0.7-default_h7634d5b_3.conda#0922208521c0463e690bbaebba7eb551
https://conda.anaconda.org/conda-forge/linux-64/libcups-2.3.3-h4637d8d_4.conda#d4529f4dff3057982a7617c7ac58fde3
https://conda.anaconda.org/conda-forge/linux-64/libevent-2.1.12-hf998b51_1.conda#a1cfcc585f0c42bf8d5546bb1dfb668d
https://conda.anaconda.org/conda-forge/linux-64/libflac-1.4.3-h59595ed_0.conda#ee48bf17cc83a00f59ca1494d5646869
https://conda.anaconda.org/conda-forge/linux-64/libgpg-error-1.47-h71f35ed_0.conda#c2097d0b46367996f09b4e8e4920384a
https://conda.anaconda.org/conda-forge/linux-64/libgcrypt-1.10.1-h166bdaf_0.tar.bz2#f967fc95089cd247ceed56eda31de3a9
https://conda.anaconda.org/conda-forge/linux-64/libhwloc-2.9.3-default_h554bfaf_1009.conda#f36ddc11ca46958197a45effdd286e45
https://conda.anaconda.org/conda-forge/linux-64/libpq-16.0-hfc447b1_1.conda#e4a9a5ba40123477db33e02a78dffb01
https://conda.anaconda.org/conda-forge/linux-64/mpg123-1.32.3-h59595ed_0.conda#bdadff838d5437aea83607ced8b37f75
https://conda.anaconda.org/conda-forge/linux-64/libsndfile-1.2.2-hc60ed4a_1.conda#ef1910918dd895516a769ed36b5b3a4e
https://conda.anaconda.org/conda-forge/linux-64/lz4-c-1.9.4-hcb278e6_0.conda#318b08df404f9c9be5712aaa5a6f0bb0
https://conda.anaconda.org/conda-forge/linux-64/libsystemd0-254-h3516f8a_0.conda#df4b1cd0c91b4234fb02b5701a4cdddc
https://conda.anaconda.org/conda-forge/linux-64/libuv-1.46.0-hd590300_0.conda#d23c76f7e6dcd6243d1b6ef5e62d17d2
https://conda.anaconda.org/conda-forge/linux-64/libxgboost-1.7.6-cpu_h6728c87_5.conda#0b1255457b7ccf90bf82dad7efdad375
https://conda.anaconda.org/conda-forge/linux-64/xkeyboard-config-2.40-hd590300_0.conda#07c15d846a2e4d673da22cbd85fdb6d2
https://conda.anaconda.org/conda-forge/linux-64/libxkbcommon-1.6.0-h5d7e998_0.conda#d8edd0e29db6fb6b6988e1a28d35d994
https://conda.anaconda.org/conda-forge/noarch/markdown-3.5-pyhd8ed1ab_0.conda#7037842bf6dfe0fdb90583b3391d21e0
https://conda.anaconda.org/conda-forge/linux-64/openjpeg-2.5.0-h488ebb8_3.conda#128c25b7fe6a25286a48f3a6a9b5b6f3
https://conda.anaconda.org/conda-forge/linux-64/pillow-10.1.0-py310h01dd4db_0.conda#95d87a906d88b5824d7d36eeef091dba
https://conda.anaconda.org/conda-forge/noarch/pyparsing-3.1.1-pyhd8ed1ab_0.conda#176f7d56f0cfe9008bdf1bccd7de02fb
https://conda.anaconda.org/conda-forge/linux-64/matplotlib-base-3.8.0-py310h62c0568_2.conda#5c0d101ef8fc542778aa80795a759d08
https://conda.anaconda.org/conda-forge/noarch/ply-3.11-py_1.tar.bz2#7205635cd71531943440fbfe3b6b5727
https://conda.anaconda.org/conda-forge/linux-64/sip-6.7.12-py310hc6cd4ac_0.conda#68d5bfccaba2d89a7812098dd3966d9b
https://conda.anaconda.org/conda-forge/noarch/toml-0.10.2-pyhd8ed1ab_0.tar.bz2#f832c45a477c78bebd107098db465095
https://conda.anaconda.org/conda-forge/linux-64/pyqt5-sip-12.12.2-py310hc6cd4ac_5.conda#ef5333594a958b25912002886b82b253
https://conda.anaconda.org/conda-forge/linux-64/mysql-common-8.0.33-hf1915f5_5.conda#1e8ef4090ca4f0d66404a7441e1dbf3c
https://conda.anaconda.org/conda-forge/linux-64/mysql-libs-8.0.33-hca2cd23_5.conda#b72f016c910ff9295b1377d3e17da3f2
https://conda.anaconda.org/conda-forge/linux-64/nspr-4.35-h27087fc_0.conda#da0ec11a6454ae19bff5b02ed881a2b1
https://conda.anaconda.org/conda-forge/linux-64/nss-3.94-h1d7d5a4_0.conda#7caef74bbfa730e014b20f0852068509
https://conda.anaconda.org/conda-forge/linux-64/pulseaudio-client-16.1-hb77b528_5.conda#ac902ff3c1c6d750dd0dfc93a974ab74
https://conda.anaconda.org/conda-forge/linux-64/xcb-util-0.4.0-hd590300_1.conda#9bfac7ccd94d54fd21a0501296d60424
https://conda.anaconda.org/conda-forge/linux-64/xcb-util-image-0.4.0-h8ee46fc_1.conda#9d7bcddf49cbf727730af10e71022c73
https://conda.anaconda.org/conda-forge/linux-64/xcb-util-keysyms-0.4.0-h8ee46fc_1.conda#632413adcd8bc16b515cab87a2932913
https://conda.anaconda.org/conda-forge/linux-64/xcb-util-renderutil-0.3.9-hd590300_1.conda#e995b155d938b6779da6ace6c6b13816
https://conda.anaconda.org/conda-forge/linux-64/xcb-util-wm-0.4.1-h8ee46fc_1.conda#90108a432fb5c6150ccfee3f03388656
https://conda.anaconda.org/conda-forge/linux-64/xorg-xf86vidmodeproto-2.3.1-h7f98852_1002.tar.bz2#3ceea9668625c18f19530de98b15d5b0
https://conda.anaconda.org/conda-forge/linux-64/qt-main-5.15.8-h82b777d_17.conda#4f01e33dbb406085a16a2813ab067e95
https://conda.anaconda.org/conda-forge/linux-64/pyqt-5.15.9-py310h04931ad_5.conda#f4fe7a6e3d7c78c9de048ea9dda21690
https://conda.anaconda.org/conda-forge/linux-64/matplotlib-3.8.0-py310hff52083_2.conda#cda26b4d722d7319ce66df50332ff09b
https://conda.anaconda.org/conda-forge/linux-64/tbb-2021.10.0-h00ab1b0_2.conda#eb0d5c122f42714f86a7058d1ce7b2e6
https://conda.anaconda.org/conda-forge/linux-64/mkl-2022.2.1-h84fe81f_16997.conda#a7ce56d5757f5b57e7daabe703ade5bb
https://conda.anaconda.org/conda-forge/noarch/mpmath-1.3.0-pyhd8ed1ab_0.conda#dbf6e2d89137da32fa6670f3bffc024e
https://conda.anaconda.org/conda-forge/linux-64/multiprocess-0.70.15-py310h2372a71_1.conda#81644426a6bb61245ffadc49b5aa9a14
https://conda.anaconda.org/conda-forge/noarch/networkx-3.2-pyhd8ed1ab_1.conda#522039fb968d6d0a10e872e6f3856f53
https://conda.anaconda.org/conda-forge/noarch/opt_einsum-3.3.0-pyhc1e730c_2.conda#7a94ac68b892daa9f17ae8a52b31ed81
https://conda.anaconda.org/conda-forge/noarch/papermill-2.4.0-pyhd8ed1ab_0.conda#643948c831f14c43cc4c80f302f7146e
https://conda.anaconda.org/conda-forge/noarch/pox-0.3.3-pyhd8ed1ab_0.conda#f41c276d24bce12ca6edf73a183be148
https://conda.anaconda.org/conda-forge/noarch/ppft-1.7.6.7-pyhd8ed1ab_0.conda#609bf80f2276348d7d7ce604ff5f11c9
https://conda.anaconda.org/conda-forge/noarch/pathos-0.3.1-pyhd8ed1ab_0.conda#15d819fd6786f044626e04a929093d13
https://conda.anaconda.org/conda-forge/noarch/wheel-0.41.2-pyhd8ed1ab_0.conda#1ccd092478b3e0ee10d7a891adbf8a4f
https://conda.anaconda.org/conda-forge/noarch/pip-23.3.1-pyhd8ed1ab_0.conda#2400c0b86889f43aa52067161e1fb108
https://conda.anaconda.org/conda-forge/linux-64/protobuf-4.21.12-py310heca2aa9_0.conda#90bb7e1b729c4b50272cf78be97ab912
https://conda.anaconda.org/conda-forge/linux-64/scipy-1.11.3-py310hb13e2d6_1.conda#4260b359d8fbeab4f789a8b0f968079f
https://conda.anaconda.org/conda-forge/noarch/threadpoolctl-3.2.0-pyha21a80b_0.conda#978d03388b62173b8e6f79162cf52b86
https://conda.anaconda.org/conda-forge/linux-64/scikit-learn-1.3.2-py310h1fdf081_0.conda#fc811f08cdd54d79e05ad32497363c9c
https://conda.anaconda.org/conda-forge/linux-64/py-xgboost-1.7.6-cpu_py310h7a2d8a0_5.conda#595dd50598f668a00ae8d13ec0dde802
https://conda.anaconda.org/conda-forge/linux-64/py-xgboost-cpu-1.7.6-py310h78d450f_5.conda#be2ad7022f03f96c0f6ae1a1b5af5804
https://conda.anaconda.org/conda-forge/linux-64/pyspnego-0.9.1-py310h2372a71_2.conda#0a99339b277686c7d824abf9de396901
https://conda.anaconda.org/conda-forge/noarch/python-flatbuffers-23.5.26-pyhd8ed1ab_0.conda#131dd3656f3b731ab852fc66d3c41058
https://conda.anaconda.org/conda-forge/linux-64/sleef-3.5.1-h9b69904_2.tar.bz2#6e016cf4c525d04a7bd038cee53ad3fd
https://conda.anaconda.org/conda-forge/noarch/sympy-1.12-pypyh9d50eac_103.conda#2f7d6347d7acf6edf1ac7f2189f44c8f
https://conda.anaconda.org/conda-forge/linux-64/pytorch-2.0.0-cpu_mkl_py310h402c8e3_101.conda#b351ffe4cd1b8337abfa88833cf60f25
https://conda.anaconda.org/conda-forge/noarch/requests-kerberos-0.14.0-pyhd8ed1ab_1.conda#81e8dbf95810b81042957091aaaef9f6
https://conda.anaconda.org/conda-forge/noarch/sagemaker-headless-execution-driver-0.0.9-pyhd8ed1ab_0.conda#0f35797851a064ec2f3330a99c637847
https://conda.anaconda.org/conda-forge/noarch/sagemaker-kernel-wrapper-0.0.2-pyhd8ed1ab_0.conda#99480997ca2429b75169c896cc988cdb
https://conda.anaconda.org/conda-forge/noarch/schema-0.7.5-pyhd8ed1ab_1.conda#750d2ce4311d1502b51ad814407f043d
https://conda.anaconda.org/conda-forge/noarch/smdebug-rulesconfig-1.0.1-pyhd3deb0d_1.tar.bz2#be253a7939a3e7cf95a043a983cab563
https://conda.anaconda.org/conda-forge/noarch/tblib-1.7.0-pyhd8ed1ab_0.tar.bz2#3d4afc31302aa7be471feb6be048ed76
https://conda.anaconda.org/conda-forge/noarch/sagemaker-python-sdk-2.194.0-pyhd8ed1ab_0.conda#17c6324be3373a1c0d3ed021a6e3fa4d
https://conda.anaconda.org/conda-forge/noarch/sagemaker-studio-sparkmagic-lib-0.1.4-pyhd8ed1ab_0.conda#285ce30db20d88190f1f7fb654f259ec
https://conda.anaconda.org/conda-forge/noarch/sparkmagic-0.21.0-pyhd8ed1ab_0.conda#fe489239f573c2ea018925ddea6d3190
https://conda.anaconda.org/conda-forge/noarch/sagemaker-studio-analytics-extension-0.0.21-pyhd8ed1ab_0.conda#fa0e9b0ca6c3e96d350711b6dbddaeb6
https://conda.anaconda.org/conda-forge/linux-64/snappy-1.1.10-h9fff704_0.conda#e6d228cd0bb74a51dd18f5bfce0b4115
https://conda.anaconda.org/conda-forge/linux-64/tensorboard-data-server-0.7.0-py310h75e40e8_1.conda#e562478facfa960813945204273ecac5
https://conda.anaconda.org/conda-forge/noarch/werkzeug-3.0.0-pyhd8ed1ab_0.conda#52819df4ed72d46e60a18df5bec86e31
https://conda.anaconda.org/conda-forge/noarch/tensorboard-2.13.0-pyhd8ed1ab_0.conda#321151b2405f11ec6681a9a6f30822b4
https://conda.anaconda.org/conda-forge/noarch/termcolor-2.3.0-pyhd8ed1ab_0.conda#440d508f025b1692168caaf436504af3
https://conda.anaconda.org/conda-forge/linux-64/wrapt-1.15.0-py310h2372a71_1.conda#43e5d746d736ae6c71060ed923179d6d
https://conda.anaconda.org/conda-forge/linux-64/tensorflow-base-2.13.1-cpu_py310h3c6a6a6_1.conda#f42968cb545739114dab69a8899277bd
https://conda.anaconda.org/conda-forge/linux-64/tensorflow-estimator-2.13.1-cpu_py310haacee6a_1.conda#5ab0fe7efb2637b77bd9544ac3e966c3
https://conda.anaconda.org/conda-forge/linux-64/tensorflow-2.13.1-cpu_py310hd1aba9c_1.conda#61fa6ec5dc6ffefaf43ebb07743147de
https://conda.anaconda.org/conda-forge/linux-64/torchvision-0.15.2-cpu_py310h739665d_2.conda#bbad7c960f61f9995cbb366fd69b1160
